TpTrace Verbose: 0 : 31788, 1, 2024/03/26, 14:21:37.702, 210335059531, vstest.console.dll, Version: 17.8.0-release-23615-02 Current process architecture: X64
TpTrace Verbose: 0 : 31788, 1, 2024/03/26, 14:21:37.704, 210335077021, vstest.console.dll, Runtime location: C:\Program Files\dotnet\shared\Microsoft.NETCore.App\8.0.3
TpTrace Verbose: 0 : 31788, 1, 2024/03/26, 14:21:37.706, 210335096250, vstest.console.dll, ArtifactProcessingPostProcessModeProcessorExecutor.Initialize: ArtifactProcessingMode.Collect
TpTrace Verbose: 0 : 31788, 1, 2024/03/26, 14:21:37.706, 210335097325, vstest.console.dll, TestSessionCorrelationIdProcessorModeProcessorExecutor.Initialize: TestSessionCorrelationId '5780_ab09be22-9956-4b26-88a5-4a2effb5a27a'
TpTrace Information: 0 : 31788, 1, 2024/03/26, 14:21:37.712, 210335155839, vstest.console.dll, FilePatternParser: The given file C:\Users\A115TW\source\repos\P7_API_REST\P7CreateRestApi.TestIntegration\bin\Debug\net8.0\fine-code-coverage\build-output\P7CreateRestApi.TestIntegration.dll is a full path.
TpTrace Verbose: 0 : 31788, 1, 2024/03/26, 14:21:37.717, 210335209707, vstest.console.dll, TestPluginCache.DiscoverTestExtensions: finding test extensions in assemblies ends with: RuntimeProvider.dll TPluginInfo: Microsoft.VisualStudio.TestPlatform.Common.ExtensionFramework.Utilities.TestRuntimePluginInformation TExtension: Microsoft.VisualStudio.TestPlatform.ObjectModel.Host.ITestRuntimeProvider
TpTrace Verbose: 0 : 31788, 1, 2024/03/26, 14:21:37.718, 210335221335, vstest.console.dll, TestPluginCache.GetExtensionPaths: Filtered extension paths: 
TpTrace Verbose: 0 : 31788, 1, 2024/03/26, 14:21:37.718, 210335222103, vstest.console.dll, TestPluginCache.GetExtensionPaths: Added default extension paths: C:\Program Files\dotnet\sdk\8.0.103\Extensions\Microsoft.Diagnostics.NETCore.Client.dll
C:\Program Files\dotnet\sdk\8.0.103\Extensions\Microsoft.TestPlatform.Extensions.BlameDataCollector.dll
C:\Program Files\dotnet\sdk\8.0.103\Extensions\Microsoft.TestPlatform.Extensions.EventLogCollector.dll
C:\Program Files\dotnet\sdk\8.0.103\Extensions\Microsoft.TestPlatform.TestHostRuntimeProvider.dll
C:\Program Files\dotnet\sdk\8.0.103\Extensions\Microsoft.VisualStudio.TestPlatform.Extensions.Html.TestLogger.dll
C:\Program Files\dotnet\sdk\8.0.103\Extensions\Microsoft.VisualStudio.TestPlatform.Extensions.Trx.TestLogger.dll
TpTrace Verbose: 0 : 31788, 1, 2024/03/26, 14:21:37.718, 210335222288, vstest.console.dll, TestPluginCache.GetExtensionPaths: Added unfilterableExtensionPaths: 
TpTrace Information: 0 : 31788, 1, 2024/03/26, 14:21:37.719, 210335225988, vstest.console.dll, AssemblyResolver.ctor: Creating AssemblyResolver with searchDirectories C:\Program Files\dotnet\sdk\8.0.103\Extensions,C:\Program Files\dotnet\sdk\8.0.103
TpTrace Verbose: 0 : 31788, 1, 2024/03/26, 14:21:37.720, 210335235631, vstest.console.dll, TestPluginCache.DiscoverTestExtensions: Discovering the extensions using extension path.
TpTrace Verbose: 0 : 31788, 1, 2024/03/26, 14:21:37.720, 210335236505, vstest.console.dll, TestPluginCache.GetExtensionPaths: Filtered extension paths: 
TpTrace Verbose: 0 : 31788, 1, 2024/03/26, 14:21:37.720, 210335236753, vstest.console.dll, TestPluginCache.GetExtensionPaths: Added default extension paths: C:\Program Files\dotnet\sdk\8.0.103\Extensions\Microsoft.Diagnostics.NETCore.Client.dll
C:\Program Files\dotnet\sdk\8.0.103\Extensions\Microsoft.TestPlatform.Extensions.BlameDataCollector.dll
C:\Program Files\dotnet\sdk\8.0.103\Extensions\Microsoft.TestPlatform.Extensions.EventLogCollector.dll
C:\Program Files\dotnet\sdk\8.0.103\Extensions\Microsoft.TestPlatform.TestHostRuntimeProvider.dll
C:\Program Files\dotnet\sdk\8.0.103\Extensions\Microsoft.VisualStudio.TestPlatform.Extensions.Html.TestLogger.dll
C:\Program Files\dotnet\sdk\8.0.103\Extensions\Microsoft.VisualStudio.TestPlatform.Extensions.Trx.TestLogger.dll
TpTrace Verbose: 0 : 31788, 1, 2024/03/26, 14:21:37.720, 210335236900, vstest.console.dll, TestPluginCache.GetExtensionPaths: Added unfilterableExtensionPaths: 
TpTrace Verbose: 0 : 31788, 1, 2024/03/26, 14:21:37.720, 210335237217, vstest.console.dll, TestPluginCache.DiscoverTestExtensions: Discovering the extensions using allExtensionPaths: C:\Program Files\dotnet\sdk\8.0.103\Extensions\Microsoft.Diagnostics.NETCore.Client.dll
C:\Program Files\dotnet\sdk\8.0.103\Extensions\Microsoft.TestPlatform.Extensions.BlameDataCollector.dll
C:\Program Files\dotnet\sdk\8.0.103\Extensions\Microsoft.TestPlatform.Extensions.EventLogCollector.dll
C:\Program Files\dotnet\sdk\8.0.103\Extensions\Microsoft.TestPlatform.TestHostRuntimeProvider.dll
C:\Program Files\dotnet\sdk\8.0.103\Extensions\Microsoft.VisualStudio.TestPlatform.Extensions.Html.TestLogger.dll
C:\Program Files\dotnet\sdk\8.0.103\Extensions\Microsoft.VisualStudio.TestPlatform.Extensions.Trx.TestLogger.dll
TpTrace Information: 0 : 31788, 1, 2024/03/26, 14:21:37.720, 210335238113, vstest.console.dll, AssemblyResolver.AddSearchDirectories: Adding more searchDirectories C:\Program Files\dotnet\sdk\8.0.103\Extensions,C:\Program Files\dotnet\sdk\8.0.103
TpTrace Information: 0 : 31788, 1, 2024/03/26, 14:21:37.720, 210335238389, vstest.console.dll, AssemblyResolver.AddSearchDirectories: Adding more searchDirectories C:\Program Files\dotnet\sdk\8.0.103\Extensions,C:\Program Files\dotnet\sdk\8.0.103
TpTrace Information: 0 : 31788, 1, 2024/03/26, 14:21:37.720, 210335238531, vstest.console.dll, AssemblyResolver.AddSearchDirectories: Adding more searchDirectories C:\Program Files\dotnet\sdk\8.0.103\Extensions,C:\Program Files\dotnet\sdk\8.0.103
TpTrace Information: 0 : 31788, 1, 2024/03/26, 14:21:37.720, 210335238728, vstest.console.dll, AssemblyResolver.AddSearchDirectories: Adding more searchDirectories C:\Program Files\dotnet\sdk\8.0.103\Extensions,C:\Program Files\dotnet\sdk\8.0.103
TpTrace Information: 0 : 31788, 1, 2024/03/26, 14:21:37.720, 210335238858, vstest.console.dll, AssemblyResolver.AddSearchDirectories: Adding more searchDirectories C:\Program Files\dotnet\sdk\8.0.103\Extensions,C:\Program Files\dotnet\sdk\8.0.103
TpTrace Information: 0 : 31788, 1, 2024/03/26, 14:21:37.720, 210335238985, vstest.console.dll, AssemblyResolver.AddSearchDirectories: Adding more searchDirectories C:\Program Files\dotnet\sdk\8.0.103\Extensions,C:\Program Files\dotnet\sdk\8.0.103
TpTrace Information: 0 : 31788, 1, 2024/03/26, 14:21:37.720, 210335241000, vstest.console.dll, AssemblyResolver.OnResolve: Microsoft.Diagnostics.NETCore.Client: Resolving assembly.
TpTrace Information: 0 : 31788, 1, 2024/03/26, 14:21:37.720, 210335241526, vstest.console.dll, AssemblyResolver.OnResolve: Microsoft.Diagnostics.NETCore.Client: Searching in: 'C:\Program Files\dotnet\sdk\8.0.103\Extensions'.
TpTrace Information: 0 : 31788, 1, 2024/03/26, 14:21:37.725, 210335291603, vstest.console.dll, AssemblyResolver.OnResolve: Microsoft.Diagnostics.NETCore.Client: Loading assembly 'C:\Program Files\dotnet\sdk\8.0.103\Extensions\Microsoft.Diagnostics.NETCore.Client.dll'.
TpTrace Information: 0 : 31788, 1, 2024/03/26, 14:21:37.726, 210335298776, vstest.console.dll, AssemblyResolver.OnResolve: Resolved assembly: Microsoft.Diagnostics.NETCore.Client, from path: C:\Program Files\dotnet\sdk\8.0.103\Extensions\Microsoft.Diagnostics.NETCore.Client.dll
TpTrace Verbose: 0 : 31788, 1, 2024/03/26, 14:21:37.728, 210335323351, vstest.console.dll, MetadataReaderExtensionsHelper: Discovering extensions inside assembly 'Microsoft.Diagnostics.NETCore.Client, Version=0.2.8.21101, Culture=neutral, PublicKeyToken=31bf3856ad364e35' file path 'C:\Program Files\dotnet\sdk\8.0.103\Extensions\Microsoft.Diagnostics.NETCore.Client.dll'
TpTrace Information: 0 : 31788, 1, 2024/03/26, 14:21:37.731, 210335354349, vstest.console.dll, AssemblyResolver.OnResolve: Microsoft.Bcl.AsyncInterfaces: Resolving assembly.
TpTrace Information: 0 : 31788, 1, 2024/03/26, 14:21:37.731, 210335355062, vstest.console.dll, AssemblyResolver.OnResolve: Microsoft.Bcl.AsyncInterfaces: Searching in: 'C:\Program Files\dotnet\sdk\8.0.103\Extensions'.
TpTrace Information: 0 : 31788, 1, 2024/03/26, 14:21:37.732, 210335355849, vstest.console.dll, AssemblyResolver.OnResolve: Microsoft.Bcl.AsyncInterfaces: Assembly path does not exist: 'C:\Program Files\dotnet\sdk\8.0.103\Extensions\Microsoft.Bcl.AsyncInterfaces.dll', returning.
TpTrace Information: 0 : 31788, 1, 2024/03/26, 14:21:37.732, 210335356612, vstest.console.dll, AssemblyResolver.OnResolve: Microsoft.Bcl.AsyncInterfaces: Assembly path does not exist: 'C:\Program Files\dotnet\sdk\8.0.103\Extensions\Microsoft.Bcl.AsyncInterfaces.exe', returning.
TpTrace Information: 0 : 31788, 1, 2024/03/26, 14:21:37.732, 210335356845, vstest.console.dll, AssemblyResolver.OnResolve: Microsoft.Bcl.AsyncInterfaces: Searching in: 'C:\Program Files\dotnet\sdk\8.0.103'.
TpTrace Information: 0 : 31788, 1, 2024/03/26, 14:21:37.732, 210335357274, vstest.console.dll, AssemblyResolver.OnResolve: Microsoft.Bcl.AsyncInterfaces: Assembly path does not exist: 'C:\Program Files\dotnet\sdk\8.0.103\Microsoft.Bcl.AsyncInterfaces.dll', returning.
TpTrace Information: 0 : 31788, 1, 2024/03/26, 14:21:37.732, 210335357606, vstest.console.dll, AssemblyResolver.OnResolve: Microsoft.Bcl.AsyncInterfaces: Assembly path does not exist: 'C:\Program Files\dotnet\sdk\8.0.103\Microsoft.Bcl.AsyncInterfaces.exe', returning.
TpTrace Information: 0 : 31788, 1, 2024/03/26, 14:21:37.732, 210335357734, vstest.console.dll, AssemblyResolver.OnResolve: Microsoft.Bcl.AsyncInterfaces: Failed to load assembly.
TpTrace Verbose: 0 : 31788, 1, 2024/03/26, 14:21:37.732, 210335357922, vstest.console.dll, CurrentDomainAssemblyResolve: Resolving assembly 'Microsoft.Bcl.AsyncInterfaces'.
TpTrace Information: 0 : 31788, 1, 2024/03/26, 14:21:37.732, 210335358294, vstest.console.dll, AssemblyResolver.OnResolve: Microsoft.Bcl.AsyncInterfaces: Resolving assembly.
TpTrace Information: 0 : 31788, 1, 2024/03/26, 14:21:37.732, 210335358471, vstest.console.dll, AssemblyResolver.OnResolve: Microsoft.Bcl.AsyncInterfaces: Resolved from cache.
TpTrace Verbose: 0 : 31788, 1, 2024/03/26, 14:21:37.732, 210335358602, vstest.console.dll, CurrentDomainAssemblyResolve: Resolving assembly 'Microsoft.Bcl.AsyncInterfaces'.
TpTrace Verbose: 0 : 31788, 1, 2024/03/26, 14:21:37.732, 210335358766, vstest.console.dll, CurrentDomainAssemblyResolve: Failed to resolve assembly 'Microsoft.Bcl.AsyncInterfaces'.
TpTrace Verbose: 0 : 31788, 1, 2024/03/26, 14:21:37.733, 210335372390, vstest.console.dll, CurrentDomainAssemblyResolve: Failed to resolve assembly 'Microsoft.Bcl.AsyncInterfaces'.
TpTrace Warning: 0 : 31788, 1, 2024/03/26, 14:21:37.740, 210335444039, vstest.console.dll, TestPluginDiscoverer: Failed to get types from assembly 'Microsoft.Diagnostics.NETCore.Client, Version=0.2.8.21101, Culture=neutral, PublicKeyToken=31bf3856ad364e35'. Error: System.Reflection.ReflectionTypeLoadException: Unable to load one or more of the requested types.
Could not load file or assembly 'Microsoft.Bcl.AsyncInterfaces, Version=1.0.0.0, Culture=neutral, PublicKeyToken=cc7b13ffcd2ddd51'. Le fichier spécifié est introuvable.
   at System.Reflection.RuntimeModule.GetTypes(RuntimeModule module)
   at System.Reflection.RuntimeModule.GetTypes()
   at Microsoft.VisualStudio.TestPlatform.Common.ExtensionFramework.TestPluginDiscoverer.GetTestExtensionsFromAssembly[TPluginInfo,TExtension](Assembly assembly, Dictionary`2 pluginInfos, String filePath) in /_/src/Microsoft.TestPlatform.Common/ExtensionFramework/TestPluginDiscoverer.cs:line 158
System.IO.FileNotFoundException: Could not load file or assembly 'Microsoft.Bcl.AsyncInterfaces, Version=1.0.0.0, Culture=neutral, PublicKeyToken=cc7b13ffcd2ddd51'. Le fichier spécifié est introuvable.
File name: 'Microsoft.Bcl.AsyncInterfaces, Version=1.0.0.0, Culture=neutral, PublicKeyToken=cc7b13ffcd2ddd51'
 ---> System.IO.FileNotFoundException: Could not load file or assembly 'Microsoft.Bcl.AsyncInterfaces, Culture=neutral, PublicKeyToken=null'. Le fichier spécifié est introuvable.
File name: 'Microsoft.Bcl.AsyncInterfaces, Culture=neutral, PublicKeyToken=null'
   at System.Reflection.RuntimeAssembly.InternalLoad(AssemblyName assemblyName, StackCrawlMark& stackMark, AssemblyLoadContext assemblyLoadContext, RuntimeAssembly requestingAssembly, Boolean throwOnFileNotFound)
   at System.Reflection.Assembly.Load(AssemblyName assemblyRef)
   at Microsoft.VisualStudio.TestPlatform.Common.ExtensionFramework.TestPluginCache.CurrentDomainAssemblyResolve(Object sender, AssemblyResolveEventArgs args) in /_/src/Microsoft.TestPlatform.Common/ExtensionFramework/TestPluginCache.cs:line 513
   at System.Runtime.Loader.AssemblyLoadContext.GetFirstResolvedAssemblyFromResolvingEvent(AssemblyName assemblyName)
   at System.Runtime.Loader.AssemblyLoadContext.ResolveUsingEvent(AssemblyName assemblyName)
   at System.Runtime.Loader.AssemblyLoadContext.ResolveUsingResolvingEvent(IntPtr gchManagedAssemblyLoadContext, AssemblyName assemblyName)
TpTrace Warning: 0 : 31788, 1, 2024/03/26, 14:21:37.741, 210335446135, vstest.console.dll, LoaderExceptions: System.IO.FileNotFoundException: Could not load file or assembly 'Microsoft.Bcl.AsyncInterfaces, Version=1.0.0.0, Culture=neutral, PublicKeyToken=cc7b13ffcd2ddd51'. Le fichier spécifié est introuvable.
File name: 'Microsoft.Bcl.AsyncInterfaces, Version=1.0.0.0, Culture=neutral, PublicKeyToken=cc7b13ffcd2ddd51'
 ---> System.IO.FileNotFoundException: Could not load file or assembly 'Microsoft.Bcl.AsyncInterfaces, Culture=neutral, PublicKeyToken=null'. Le fichier spécifié est introuvable.
File name: 'Microsoft.Bcl.AsyncInterfaces, Culture=neutral, PublicKeyToken=null'
   at System.Reflection.RuntimeAssembly.InternalLoad(AssemblyName assemblyName, StackCrawlMark& stackMark, AssemblyLoadContext assemblyLoadContext, RuntimeAssembly requestingAssembly, Boolean throwOnFileNotFound)
   at System.Reflection.Assembly.Load(AssemblyName assemblyRef)
   at Microsoft.VisualStudio.TestPlatform.Common.ExtensionFramework.TestPluginCache.CurrentDomainAssemblyResolve(Object sender, AssemblyResolveEventArgs args) in /_/src/Microsoft.TestPlatform.Common/ExtensionFramework/TestPluginCache.cs:line 513
   at System.Runtime.Loader.AssemblyLoadContext.GetFirstResolvedAssemblyFromResolvingEvent(AssemblyName assemblyName)
   at System.Runtime.Loader.AssemblyLoadContext.ResolveUsingEvent(AssemblyName assemblyName)
   at System.Runtime.Loader.AssemblyLoadContext.ResolveUsingResolvingEvent(IntPtr gchManagedAssemblyLoadContext, AssemblyName assemblyName)
TpTrace Information: 0 : 31788, 1, 2024/03/26, 14:21:37.741, 210335447069, vstest.console.dll, AssemblyResolver.OnResolve: Microsoft.TestPlatform.Extensions.BlameDataCollector: Resolving assembly.
TpTrace Information: 0 : 31788, 1, 2024/03/26, 14:21:37.741, 210335447413, vstest.console.dll, AssemblyResolver.OnResolve: Microsoft.TestPlatform.Extensions.BlameDataCollector: Searching in: 'C:\Program Files\dotnet\sdk\8.0.103\Extensions'.
TpTrace Information: 0 : 31788, 1, 2024/03/26, 14:21:37.741, 210335450157, vstest.console.dll, AssemblyResolver.OnResolve: Microsoft.TestPlatform.Extensions.BlameDataCollector: Loading assembly 'C:\Program Files\dotnet\sdk\8.0.103\Extensions\Microsoft.TestPlatform.Extensions.BlameDataCollector.dll'.
TpTrace Information: 0 : 31788, 1, 2024/03/26, 14:21:37.742, 210335456538, vstest.console.dll, AssemblyResolver.OnResolve: Resolved assembly: Microsoft.TestPlatform.Extensions.BlameDataCollector, from path: C:\Program Files\dotnet\sdk\8.0.103\Extensions\Microsoft.TestPlatform.Extensions.BlameDataCollector.dll
TpTrace Verbose: 0 : 31788, 1, 2024/03/26, 14:21:37.742, 210335457067, vstest.console.dll, MetadataReaderExtensionsHelper: Discovering extensions inside assembly 'Microsoft.TestPlatform.Extensions.BlameDataCollector, Version=15.0.0.0, Culture=neutral, PublicKeyToken=b03f5f7f11d50a3a' file path 'C:\Program Files\dotnet\sdk\8.0.103\Extensions\Microsoft.TestPlatform.Extensions.BlameDataCollector.dll'
TpTrace Information: 0 : 31788, 1, 2024/03/26, 14:21:37.742, 210335464775, vstest.console.dll, AssemblyResolver.OnResolve: Microsoft.TestPlatform.Extensions.EventLogCollector: Resolving assembly.
TpTrace Information: 0 : 31788, 1, 2024/03/26, 14:21:37.742, 210335465284, vstest.console.dll, AssemblyResolver.OnResolve: Microsoft.TestPlatform.Extensions.EventLogCollector: Searching in: 'C:\Program Files\dotnet\sdk\8.0.103\Extensions'.
TpTrace Information: 0 : 31788, 1, 2024/03/26, 14:21:37.743, 210335467872, vstest.console.dll, AssemblyResolver.OnResolve: Microsoft.TestPlatform.Extensions.EventLogCollector: Loading assembly 'C:\Program Files\dotnet\sdk\8.0.103\Extensions\Microsoft.TestPlatform.Extensions.EventLogCollector.dll'.
TpTrace Information: 0 : 31788, 1, 2024/03/26, 14:21:37.743, 210335473511, vstest.console.dll, AssemblyResolver.OnResolve: Resolved assembly: Microsoft.TestPlatform.Extensions.EventLogCollector, from path: C:\Program Files\dotnet\sdk\8.0.103\Extensions\Microsoft.TestPlatform.Extensions.EventLogCollector.dll
TpTrace Verbose: 0 : 31788, 1, 2024/03/26, 14:21:37.743, 210335473953, vstest.console.dll, MetadataReaderExtensionsHelper: Discovering extensions inside assembly 'Microsoft.TestPlatform.Extensions.EventLogCollector, Version=15.0.0.0, Culture=neutral, PublicKeyToken=b03f5f7f11d50a3a' file path 'C:\Program Files\dotnet\sdk\8.0.103\Extensions\Microsoft.TestPlatform.Extensions.EventLogCollector.dll'
TpTrace Information: 0 : 31788, 1, 2024/03/26, 14:21:37.745, 210335492103, vstest.console.dll, AssemblyResolver.OnResolve: Microsoft.TestPlatform.TestHostRuntimeProvider: Resolving assembly.
TpTrace Information: 0 : 31788, 1, 2024/03/26, 14:21:37.745, 210335492670, vstest.console.dll, AssemblyResolver.OnResolve: Microsoft.TestPlatform.TestHostRuntimeProvider: Searching in: 'C:\Program Files\dotnet\sdk\8.0.103\Extensions'.
TpTrace Information: 0 : 31788, 1, 2024/03/26, 14:21:37.745, 210335495025, vstest.console.dll, AssemblyResolver.OnResolve: Microsoft.TestPlatform.TestHostRuntimeProvider: Loading assembly 'C:\Program Files\dotnet\sdk\8.0.103\Extensions\Microsoft.TestPlatform.TestHostRuntimeProvider.dll'.
TpTrace Information: 0 : 31788, 1, 2024/03/26, 14:21:37.746, 210335503151, vstest.console.dll, AssemblyResolver.OnResolve: Resolved assembly: Microsoft.TestPlatform.TestHostRuntimeProvider, from path: C:\Program Files\dotnet\sdk\8.0.103\Extensions\Microsoft.TestPlatform.TestHostRuntimeProvider.dll
TpTrace Verbose: 0 : 31788, 1, 2024/03/26, 14:21:37.746, 210335503642, vstest.console.dll, MetadataReaderExtensionsHelper: Discovering extensions inside assembly 'Microsoft.TestPlatform.TestHostRuntimeProvider, Version=15.0.0.0, Culture=neutral, PublicKeyToken=b03f5f7f11d50a3a' file path 'C:\Program Files\dotnet\sdk\8.0.103\Extensions\Microsoft.TestPlatform.TestHostRuntimeProvider.dll'
TpTrace Information: 0 : 31788, 1, 2024/03/26, 14:21:37.747, 210335512472, vstest.console.dll, GetTestExtensionFromType: Register extension with identifier data 'HostProvider://DefaultTestHost' and type 'Microsoft.VisualStudio.TestPlatform.CrossPlatEngine.Hosting.DefaultTestHostManager, Microsoft.TestPlatform.TestHostRuntimeProvider, Version=15.0.0.0, Culture=neutral, PublicKeyToken=b03f5f7f11d50a3a' inside file 'C:\Program Files\dotnet\sdk\8.0.103\Extensions\Microsoft.TestPlatform.TestHostRuntimeProvider.dll'
TpTrace Information: 0 : 31788, 1, 2024/03/26, 14:21:37.747, 210335514040, vstest.console.dll, GetTestExtensionFromType: Register extension with identifier data 'HostProvider://DotnetTestHost' and type 'Microsoft.VisualStudio.TestPlatform.CrossPlatEngine.Hosting.DotnetTestHostManager, Microsoft.TestPlatform.TestHostRuntimeProvider, Version=15.0.0.0, Culture=neutral, PublicKeyToken=b03f5f7f11d50a3a' inside file 'C:\Program Files\dotnet\sdk\8.0.103\Extensions\Microsoft.TestPlatform.TestHostRuntimeProvider.dll'
TpTrace Information: 0 : 31788, 1, 2024/03/26, 14:21:37.747, 210335514531, vstest.console.dll, AssemblyResolver.OnResolve: Microsoft.VisualStudio.TestPlatform.Extensions.Html.TestLogger: Resolving assembly.
TpTrace Information: 0 : 31788, 1, 2024/03/26, 14:21:37.747, 210335514798, vstest.console.dll, AssemblyResolver.OnResolve: Microsoft.VisualStudio.TestPlatform.Extensions.Html.TestLogger: Searching in: 'C:\Program Files\dotnet\sdk\8.0.103\Extensions'.
TpTrace Information: 0 : 31788, 1, 2024/03/26, 14:21:37.748, 210335517183, vstest.console.dll, AssemblyResolver.OnResolve: Microsoft.VisualStudio.TestPlatform.Extensions.Html.TestLogger: Loading assembly 'C:\Program Files\dotnet\sdk\8.0.103\Extensions\Microsoft.VisualStudio.TestPlatform.Extensions.Html.TestLogger.dll'.
TpTrace Information: 0 : 31788, 1, 2024/03/26, 14:21:37.748, 210335524259, vstest.console.dll, AssemblyResolver.OnResolve: Resolved assembly: Microsoft.VisualStudio.TestPlatform.Extensions.Html.TestLogger, from path: C:\Program Files\dotnet\sdk\8.0.103\Extensions\Microsoft.VisualStudio.TestPlatform.Extensions.Html.TestLogger.dll
TpTrace Verbose: 0 : 31788, 1, 2024/03/26, 14:21:37.748, 210335524727, vstest.console.dll, MetadataReaderExtensionsHelper: Discovering extensions inside assembly 'Microsoft.VisualStudio.TestPlatform.Extensions.Html.TestLogger, Version=15.0.0.0, Culture=neutral, PublicKeyToken=b03f5f7f11d50a3a' file path 'C:\Program Files\dotnet\sdk\8.0.103\Extensions\Microsoft.VisualStudio.TestPlatform.Extensions.Html.TestLogger.dll'
TpTrace Information: 0 : 31788, 1, 2024/03/26, 14:21:37.749, 210335529610, vstest.console.dll, AssemblyResolver.OnResolve: Microsoft.VisualStudio.TestPlatform.Extensions.Trx.TestLogger: Resolving assembly.
TpTrace Information: 0 : 31788, 1, 2024/03/26, 14:21:37.749, 210335530123, vstest.console.dll, AssemblyResolver.OnResolve: Microsoft.VisualStudio.TestPlatform.Extensions.Trx.TestLogger: Searching in: 'C:\Program Files\dotnet\sdk\8.0.103\Extensions'.
TpTrace Information: 0 : 31788, 1, 2024/03/26, 14:21:37.749, 210335532585, vstest.console.dll, AssemblyResolver.OnResolve: Microsoft.VisualStudio.TestPlatform.Extensions.Trx.TestLogger: Loading assembly 'C:\Program Files\dotnet\sdk\8.0.103\Extensions\Microsoft.VisualStudio.TestPlatform.Extensions.Trx.TestLogger.dll'.
TpTrace Information: 0 : 31788, 1, 2024/03/26, 14:21:37.750, 210335541202, vstest.console.dll, AssemblyResolver.OnResolve: Resolved assembly: Microsoft.VisualStudio.TestPlatform.Extensions.Trx.TestLogger, from path: C:\Program Files\dotnet\sdk\8.0.103\Extensions\Microsoft.VisualStudio.TestPlatform.Extensions.Trx.TestLogger.dll
TpTrace Verbose: 0 : 31788, 1, 2024/03/26, 14:21:37.750, 210335541833, vstest.console.dll, MetadataReaderExtensionsHelper: Discovering extensions inside assembly 'Microsoft.VisualStudio.TestPlatform.Extensions.Trx.TestLogger, Version=15.0.0.0, Culture=neutral, PublicKeyToken=b03f5f7f11d50a3a' file path 'C:\Program Files\dotnet\sdk\8.0.103\Extensions\Microsoft.VisualStudio.TestPlatform.Extensions.Trx.TestLogger.dll'
TpTrace Verbose: 0 : 31788, 1, 2024/03/26, 14:21:37.751, 210335548807, vstest.console.dll, TestPluginCache: Discovered the extensions using extension path ''.
TpTrace Verbose: 0 : 31788, 1, 2024/03/26, 14:21:37.751, 210335549332, vstest.console.dll, TestPluginCache: Discoverers are ''.
TpTrace Verbose: 0 : 31788, 1, 2024/03/26, 14:21:37.751, 210335549503, vstest.console.dll, TestPluginCache: Executors are ''.
TpTrace Verbose: 0 : 31788, 1, 2024/03/26, 14:21:37.751, 210335549624, vstest.console.dll, TestPluginCache: Executors2 are ''.
TpTrace Verbose: 0 : 31788, 1, 2024/03/26, 14:21:37.751, 210335549743, vstest.console.dll, TestPluginCache: Setting providers are ''.
TpTrace Verbose: 0 : 31788, 1, 2024/03/26, 14:21:37.751, 210335549859, vstest.console.dll, TestPluginCache: Loggers are ''.
TpTrace Verbose: 0 : 31788, 1, 2024/03/26, 14:21:37.751, 210335550293, vstest.console.dll, TestPluginCache: TestHosts are 'HostProvider://DefaultTestHost,HostProvider://DotnetTestHost'.
TpTrace Verbose: 0 : 31788, 1, 2024/03/26, 14:21:37.751, 210335550428, vstest.console.dll, TestPluginCache: DataCollectors are ''.
TpTrace Information: 0 : 31788, 1, 2024/03/26, 14:21:37.759, 210335630098, vstest.console.dll, RunTestsArgumentProcessor:Execute: Test run is starting.
TpTrace Verbose: 0 : 31788, 1, 2024/03/26, 14:21:37.759, 210335630730, vstest.console.dll, RunTestsArgumentProcessor:Execute: Queuing Test run.
TpTrace Information: 0 : 31788, 1, 2024/03/26, 14:21:37.759, 210335631843, vstest.console.dll, TestRequestManager.RunTests: run tests started.
TpTrace Information: 0 : 31788, 1, 2024/03/26, 14:21:37.765, 210335694448, vstest.console.dll, AssemblyMetadataProvider.GetFrameworkName: Determined framework:'.NETCoreApp,Version=v8.0' for source: 'C:\Users\A115TW\source\repos\P7_API_REST\P7CreateRestApi.TestIntegration\bin\Debug\net8.0\fine-code-coverage\build-output\P7CreateRestApi.TestIntegration.dll'
TpTrace Information: 0 : 31788, 1, 2024/03/26, 14:21:37.766, 210335695918, vstest.console.dll, Determined framework for all sources: .NETCoreApp,Version=v8.0
TpTrace Verbose: 0 : 31788, 1, 2024/03/26, 14:21:37.766, 210335698197, vstest.console.dll, TestRequestManager.UpdateRunSettingsIfRequired: Default architecture: X64 IsDefaultTargetArchitecture: True, Current process architecture: X64 OperatingSystem: Windows.
TpTrace Information: 0 : 31788, 1, 2024/03/26, 14:21:37.767, 210335709453, vstest.console.dll, AssemblyMetadataProvider.GetArchitecture: Determined architecture:AnyCPU info for assembly: C:\Users\A115TW\source\repos\P7_API_REST\P7CreateRestApi.TestIntegration\bin\Debug\net8.0\fine-code-coverage\build-output\P7CreateRestApi.TestIntegration.dll
TpTrace Information: 0 : 31788, 1, 2024/03/26, 14:21:37.767, 210335709919, vstest.console.dll, Determined platform for source 'C:\Users\A115TW\source\repos\P7_API_REST\P7CreateRestApi.TestIntegration\bin\Debug\net8.0\fine-code-coverage\build-output\P7CreateRestApi.TestIntegration.dll' was AnyCPU and it will use the default plaform X64.
TpTrace Information: 0 : 31788, 1, 2024/03/26, 14:21:37.767, 210335710078, vstest.console.dll, None of the sources provided any runnable platform, using the default platform: X64
TpTrace Information: 0 : 31788, 1, 2024/03/26, 14:21:37.767, 210335710581, vstest.console.dll, Platform was updated to 'X64'.
TpTrace Information: 0 : 31788, 1, 2024/03/26, 14:21:37.769, 210335728219, vstest.console.dll, InferRunSettingsHelper.IsTestSettingsEnabled: Unable to navigate to RunSettings/MSTest. Current node: RunSettings
TpTrace Information: 0 : 31788, 1, 2024/03/26, 14:21:37.769, 210335732003, vstest.console.dll, AssemblyResolver.OnResolve: Microsoft.VisualStudio.TestPlatform.Fakes: Resolving assembly.
TpTrace Information: 0 : 31788, 1, 2024/03/26, 14:21:37.769, 210335732542, vstest.console.dll, AssemblyResolver.OnResolve: Microsoft.VisualStudio.TestPlatform.Fakes: Searching in: 'C:\Program Files\dotnet\sdk\8.0.103\Extensions'.
TpTrace Information: 0 : 31788, 1, 2024/03/26, 14:21:37.769, 210335733346, vstest.console.dll, AssemblyResolver.OnResolve: Microsoft.VisualStudio.TestPlatform.Fakes: Assembly path does not exist: 'C:\Program Files\dotnet\sdk\8.0.103\Extensions\Microsoft.VisualStudio.TestPlatform.Fakes.dll', returning.
TpTrace Information: 0 : 31788, 1, 2024/03/26, 14:21:37.769, 210335733781, vstest.console.dll, AssemblyResolver.OnResolve: Microsoft.VisualStudio.TestPlatform.Fakes: Assembly path does not exist: 'C:\Program Files\dotnet\sdk\8.0.103\Extensions\Microsoft.VisualStudio.TestPlatform.Fakes.exe', returning.
TpTrace Information: 0 : 31788, 1, 2024/03/26, 14:21:37.769, 210335733951, vstest.console.dll, AssemblyResolver.OnResolve: Microsoft.VisualStudio.TestPlatform.Fakes: Searching in: 'C:\Program Files\dotnet\sdk\8.0.103'.
TpTrace Information: 0 : 31788, 1, 2024/03/26, 14:21:37.769, 210335734401, vstest.console.dll, AssemblyResolver.OnResolve: Microsoft.VisualStudio.TestPlatform.Fakes: Assembly path does not exist: 'C:\Program Files\dotnet\sdk\8.0.103\Microsoft.VisualStudio.TestPlatform.Fakes.dll', returning.
TpTrace Information: 0 : 31788, 1, 2024/03/26, 14:21:37.769, 210335734745, vstest.console.dll, AssemblyResolver.OnResolve: Microsoft.VisualStudio.TestPlatform.Fakes: Assembly path does not exist: 'C:\Program Files\dotnet\sdk\8.0.103\Microsoft.VisualStudio.TestPlatform.Fakes.exe', returning.
TpTrace Information: 0 : 31788, 1, 2024/03/26, 14:21:37.769, 210335734874, vstest.console.dll, AssemblyResolver.OnResolve: Microsoft.VisualStudio.TestPlatform.Fakes: Failed to load assembly.
TpTrace Information: 0 : 31788, 1, 2024/03/26, 14:21:37.770, 210335736501, vstest.console.dll, Failed to load assembly Microsoft.VisualStudio.TestPlatform.Fakes, Version=17.0.0.0, Culture=neutral. Reason:System.IO.FileNotFoundException: Could not load file or assembly 'Microsoft.VisualStudio.TestPlatform.Fakes, Version=17.0.0.0, Culture=neutral, PublicKeyToken=null'. Le fichier spécifié est introuvable.
File name: 'Microsoft.VisualStudio.TestPlatform.Fakes, Version=17.0.0.0, Culture=neutral, PublicKeyToken=null'
   at System.Reflection.RuntimeAssembly.InternalLoad(AssemblyName assemblyName, StackCrawlMark& stackMark, AssemblyLoadContext assemblyLoadContext, RuntimeAssembly requestingAssembly, Boolean throwOnFileNotFound)
   at System.Reflection.Assembly.Load(AssemblyName assemblyRef)
   at Microsoft.VisualStudio.TestPlatform.Common.Utilities.FakesUtilities.LoadTestPlatformAssembly() in /_/src/Microsoft.TestPlatform.Common/Utilities/FakesUtilities.cs:line 272
TpTrace Verbose: 0 : 31788, 1, 2024/03/26, 14:21:37.773, 210335768271, vstest.console.dll, TestPluginCache.DiscoverTestExtensions: finding test extensions in assemblies ends with: TestLogger.dll TPluginInfo: Microsoft.VisualStudio.TestPlatform.Common.ExtensionFramework.Utilities.TestLoggerPluginInformation TExtension: Microsoft.VisualStudio.TestPlatform.ObjectModel.Client.ITestLogger
TpTrace Verbose: 0 : 31788, 1, 2024/03/26, 14:21:37.773, 210335769341, vstest.console.dll, TestPluginCache.GetExtensionPaths: Filtered extension paths: 
TpTrace Verbose: 0 : 31788, 1, 2024/03/26, 14:21:37.773, 210335769820, vstest.console.dll, TestPluginCache.GetExtensionPaths: Added default extension paths: C:\Program Files\dotnet\sdk\8.0.103\Extensions\Microsoft.Diagnostics.NETCore.Client.dll
C:\Program Files\dotnet\sdk\8.0.103\Extensions\Microsoft.TestPlatform.Extensions.BlameDataCollector.dll
C:\Program Files\dotnet\sdk\8.0.103\Extensions\Microsoft.TestPlatform.Extensions.EventLogCollector.dll
C:\Program Files\dotnet\sdk\8.0.103\Extensions\Microsoft.TestPlatform.TestHostRuntimeProvider.dll
C:\Program Files\dotnet\sdk\8.0.103\Extensions\Microsoft.VisualStudio.TestPlatform.Extensions.Html.TestLogger.dll
C:\Program Files\dotnet\sdk\8.0.103\Extensions\Microsoft.VisualStudio.TestPlatform.Extensions.Trx.TestLogger.dll
TpTrace Verbose: 0 : 31788, 1, 2024/03/26, 14:21:37.773, 210335770165, vstest.console.dll, TestPluginCache.GetExtensionPaths: Added unfilterableExtensionPaths: 
TpTrace Information: 0 : 31788, 1, 2024/03/26, 14:21:37.773, 210335771620, vstest.console.dll, AssemblyResolver.AddSearchDirectories: Adding more searchDirectories C:\Program Files\dotnet\sdk\8.0.103\Extensions,C:\Program Files\dotnet\sdk\8.0.103
TpTrace Verbose: 0 : 31788, 1, 2024/03/26, 14:21:37.773, 210335772105, vstest.console.dll, TestPluginCache.DiscoverTestExtensions: Discovering the extensions using extension path.
TpTrace Verbose: 0 : 31788, 1, 2024/03/26, 14:21:37.773, 210335772484, vstest.console.dll, TestPluginCache.GetExtensionPaths: Filtered extension paths: 
TpTrace Verbose: 0 : 31788, 1, 2024/03/26, 14:21:37.773, 210335772839, vstest.console.dll, TestPluginCache.GetExtensionPaths: Added default extension paths: C:\Program Files\dotnet\sdk\8.0.103\Extensions\Microsoft.Diagnostics.NETCore.Client.dll
C:\Program Files\dotnet\sdk\8.0.103\Extensions\Microsoft.TestPlatform.Extensions.BlameDataCollector.dll
C:\Program Files\dotnet\sdk\8.0.103\Extensions\Microsoft.TestPlatform.Extensions.EventLogCollector.dll
C:\Program Files\dotnet\sdk\8.0.103\Extensions\Microsoft.TestPlatform.TestHostRuntimeProvider.dll
C:\Program Files\dotnet\sdk\8.0.103\Extensions\Microsoft.VisualStudio.TestPlatform.Extensions.Html.TestLogger.dll
C:\Program Files\dotnet\sdk\8.0.103\Extensions\Microsoft.VisualStudio.TestPlatform.Extensions.Trx.TestLogger.dll
TpTrace Verbose: 0 : 31788, 1, 2024/03/26, 14:21:37.773, 210335773168, vstest.console.dll, TestPluginCache.GetExtensionPaths: Added unfilterableExtensionPaths: 
TpTrace Verbose: 0 : 31788, 1, 2024/03/26, 14:21:37.773, 210335773549, vstest.console.dll, TestPluginCache.DiscoverTestExtensions: Discovering the extensions using allExtensionPaths: C:\Program Files\dotnet\sdk\8.0.103\Extensions\Microsoft.Diagnostics.NETCore.Client.dll
C:\Program Files\dotnet\sdk\8.0.103\Extensions\Microsoft.TestPlatform.Extensions.BlameDataCollector.dll
C:\Program Files\dotnet\sdk\8.0.103\Extensions\Microsoft.TestPlatform.Extensions.EventLogCollector.dll
C:\Program Files\dotnet\sdk\8.0.103\Extensions\Microsoft.TestPlatform.TestHostRuntimeProvider.dll
C:\Program Files\dotnet\sdk\8.0.103\Extensions\Microsoft.VisualStudio.TestPlatform.Extensions.Html.TestLogger.dll
C:\Program Files\dotnet\sdk\8.0.103\Extensions\Microsoft.VisualStudio.TestPlatform.Extensions.Trx.TestLogger.dll
TpTrace Information: 0 : 31788, 1, 2024/03/26, 14:21:37.773, 210335774424, vstest.console.dll, AssemblyResolver.AddSearchDirectories: Adding more searchDirectories C:\Program Files\dotnet\sdk\8.0.103\Extensions,C:\Program Files\dotnet\sdk\8.0.103
TpTrace Information: 0 : 31788, 1, 2024/03/26, 14:21:37.773, 210335774866, vstest.console.dll, AssemblyResolver.AddSearchDirectories: Adding more searchDirectories C:\Program Files\dotnet\sdk\8.0.103\Extensions,C:\Program Files\dotnet\sdk\8.0.103
TpTrace Information: 0 : 31788, 1, 2024/03/26, 14:21:37.773, 210335775266, vstest.console.dll, AssemblyResolver.AddSearchDirectories: Adding more searchDirectories C:\Program Files\dotnet\sdk\8.0.103\Extensions,C:\Program Files\dotnet\sdk\8.0.103
TpTrace Information: 0 : 31788, 1, 2024/03/26, 14:21:37.774, 210335775623, vstest.console.dll, AssemblyResolver.AddSearchDirectories: Adding more searchDirectories C:\Program Files\dotnet\sdk\8.0.103\Extensions,C:\Program Files\dotnet\sdk\8.0.103
TpTrace Information: 0 : 31788, 1, 2024/03/26, 14:21:37.774, 210335775975, vstest.console.dll, AssemblyResolver.AddSearchDirectories: Adding more searchDirectories C:\Program Files\dotnet\sdk\8.0.103\Extensions,C:\Program Files\dotnet\sdk\8.0.103
TpTrace Information: 0 : 31788, 1, 2024/03/26, 14:21:37.774, 210335776395, vstest.console.dll, AssemblyResolver.AddSearchDirectories: Adding more searchDirectories C:\Program Files\dotnet\sdk\8.0.103\Extensions,C:\Program Files\dotnet\sdk\8.0.103
TpTrace Verbose: 0 : 31788, 1, 2024/03/26, 14:21:37.774, 210335777467, vstest.console.dll, MetadataReaderExtensionsHelper: Discovering extensions inside assembly 'Microsoft.Diagnostics.NETCore.Client, Version=0.2.8.21101, Culture=neutral, PublicKeyToken=31bf3856ad364e35' file path 'C:\Program Files\dotnet\sdk\8.0.103\Extensions\Microsoft.Diagnostics.NETCore.Client.dll'
TpTrace Information: 0 : 31788, 1, 2024/03/26, 14:21:37.774, 210335783000, vstest.console.dll, AssemblyResolver.OnResolve: Microsoft.Bcl.AsyncInterfaces: Resolving assembly.
TpTrace Information: 0 : 31788, 1, 2024/03/26, 14:21:37.774, 210335783612, vstest.console.dll, AssemblyResolver.OnResolve: Microsoft.Bcl.AsyncInterfaces: Resolved from cache.
TpTrace Verbose: 0 : 31788, 1, 2024/03/26, 14:21:37.774, 210335783785, vstest.console.dll, CurrentDomainAssemblyResolve: Resolving assembly 'Microsoft.Bcl.AsyncInterfaces'.
TpTrace Information: 0 : 31788, 1, 2024/03/26, 14:21:37.774, 210335784032, vstest.console.dll, AssemblyResolver.OnResolve: Microsoft.Bcl.AsyncInterfaces: Resolving assembly.
TpTrace Information: 0 : 31788, 1, 2024/03/26, 14:21:37.774, 210335784163, vstest.console.dll, AssemblyResolver.OnResolve: Microsoft.Bcl.AsyncInterfaces: Resolved from cache.
TpTrace Verbose: 0 : 31788, 1, 2024/03/26, 14:21:37.774, 210335784332, vstest.console.dll, CurrentDomainAssemblyResolve: Resolving assembly 'Microsoft.Bcl.AsyncInterfaces'.
TpTrace Verbose: 0 : 31788, 1, 2024/03/26, 14:21:37.774, 210335784456, vstest.console.dll, CurrentDomainAssemblyResolve: Failed to resolve assembly 'Microsoft.Bcl.AsyncInterfaces'.
TpTrace Verbose: 0 : 31788, 1, 2024/03/26, 14:21:37.774, 210335785345, vstest.console.dll, CurrentDomainAssemblyResolve: Failed to resolve assembly 'Microsoft.Bcl.AsyncInterfaces'.
TpTrace Warning: 0 : 31788, 1, 2024/03/26, 14:21:37.775, 210335787377, vstest.console.dll, TestPluginDiscoverer: Failed to get types from assembly 'Microsoft.Diagnostics.NETCore.Client, Version=0.2.8.21101, Culture=neutral, PublicKeyToken=31bf3856ad364e35'. Error: System.Reflection.ReflectionTypeLoadException: Unable to load one or more of the requested types.
Could not load file or assembly 'Microsoft.Bcl.AsyncInterfaces, Version=1.0.0.0, Culture=neutral, PublicKeyToken=cc7b13ffcd2ddd51'. Le fichier spécifié est introuvable.
   at System.Reflection.RuntimeModule.GetTypes(RuntimeModule module)
   at System.Reflection.RuntimeModule.GetTypes()
   at Microsoft.VisualStudio.TestPlatform.Common.ExtensionFramework.TestPluginDiscoverer.GetTestExtensionsFromAssembly[TPluginInfo,TExtension](Assembly assembly, Dictionary`2 pluginInfos, String filePath) in /_/src/Microsoft.TestPlatform.Common/ExtensionFramework/TestPluginDiscoverer.cs:line 158
System.IO.FileNotFoundException: Could not load file or assembly 'Microsoft.Bcl.AsyncInterfaces, Version=1.0.0.0, Culture=neutral, PublicKeyToken=cc7b13ffcd2ddd51'. Le fichier spécifié est introuvable.
File name: 'Microsoft.Bcl.AsyncInterfaces, Version=1.0.0.0, Culture=neutral, PublicKeyToken=cc7b13ffcd2ddd51'
 ---> System.IO.FileNotFoundException: Could not load file or assembly 'Microsoft.Bcl.AsyncInterfaces, Culture=neutral, PublicKeyToken=null'. Le fichier spécifié est introuvable.
File name: 'Microsoft.Bcl.AsyncInterfaces, Culture=neutral, PublicKeyToken=null'
   at System.Reflection.RuntimeAssembly.InternalLoad(AssemblyName assemblyName, StackCrawlMark& stackMark, AssemblyLoadContext assemblyLoadContext, RuntimeAssembly requestingAssembly, Boolean throwOnFileNotFound)
   at System.Reflection.Assembly.Load(AssemblyName assemblyRef)
   at Microsoft.VisualStudio.TestPlatform.Common.ExtensionFramework.TestPluginCache.CurrentDomainAssemblyResolve(Object sender, AssemblyResolveEventArgs args) in /_/src/Microsoft.TestPlatform.Common/ExtensionFramework/TestPluginCache.cs:line 513
   at System.Runtime.Loader.AssemblyLoadContext.GetFirstResolvedAssemblyFromResolvingEvent(AssemblyName assemblyName)
   at System.Runtime.Loader.AssemblyLoadContext.ResolveUsingEvent(AssemblyName assemblyName)
   at System.Runtime.Loader.AssemblyLoadContext.ResolveUsingResolvingEvent(IntPtr gchManagedAssemblyLoadContext, AssemblyName assemblyName)
TpTrace Warning: 0 : 31788, 1, 2024/03/26, 14:21:37.775, 210335788391, vstest.console.dll, LoaderExceptions: System.IO.FileNotFoundException: Could not load file or assembly 'Microsoft.Bcl.AsyncInterfaces, Version=1.0.0.0, Culture=neutral, PublicKeyToken=cc7b13ffcd2ddd51'. Le fichier spécifié est introuvable.
File name: 'Microsoft.Bcl.AsyncInterfaces, Version=1.0.0.0, Culture=neutral, PublicKeyToken=cc7b13ffcd2ddd51'
 ---> System.IO.FileNotFoundException: Could not load file or assembly 'Microsoft.Bcl.AsyncInterfaces, Culture=neutral, PublicKeyToken=null'. Le fichier spécifié est introuvable.
File name: 'Microsoft.Bcl.AsyncInterfaces, Culture=neutral, PublicKeyToken=null'
   at System.Reflection.RuntimeAssembly.InternalLoad(AssemblyName assemblyName, StackCrawlMark& stackMark, AssemblyLoadContext assemblyLoadContext, RuntimeAssembly requestingAssembly, Boolean throwOnFileNotFound)
   at System.Reflection.Assembly.Load(AssemblyName assemblyRef)
   at Microsoft.VisualStudio.TestPlatform.Common.ExtensionFramework.TestPluginCache.CurrentDomainAssemblyResolve(Object sender, AssemblyResolveEventArgs args) in /_/src/Microsoft.TestPlatform.Common/ExtensionFramework/TestPluginCache.cs:line 513
   at System.Runtime.Loader.AssemblyLoadContext.GetFirstResolvedAssemblyFromResolvingEvent(AssemblyName assemblyName)
   at System.Runtime.Loader.AssemblyLoadContext.ResolveUsingEvent(AssemblyName assemblyName)
   at System.Runtime.Loader.AssemblyLoadContext.ResolveUsingResolvingEvent(IntPtr gchManagedAssemblyLoadContext, AssemblyName assemblyName)
TpTrace Verbose: 0 : 31788, 1, 2024/03/26, 14:21:37.775, 210335788903, vstest.console.dll, MetadataReaderExtensionsHelper: Discovering extensions inside assembly 'Microsoft.TestPlatform.Extensions.BlameDataCollector, Version=15.0.0.0, Culture=neutral, PublicKeyToken=b03f5f7f11d50a3a' file path 'C:\Program Files\dotnet\sdk\8.0.103\Extensions\Microsoft.TestPlatform.Extensions.BlameDataCollector.dll'
TpTrace Information: 0 : 31788, 1, 2024/03/26, 14:21:37.775, 210335792965, vstest.console.dll, GetTestExtensionFromType: Register extension with identifier data 'logger://Microsoft/TestPlatform/Extensions/Blame/v1' and type 'Microsoft.TestPlatform.Extensions.BlameDataCollector.BlameLogger, Microsoft.TestPlatform.Extensions.BlameDataCollector, Version=15.0.0.0, Culture=neutral, PublicKeyToken=b03f5f7f11d50a3a' inside file 'C:\Program Files\dotnet\sdk\8.0.103\Extensions\Microsoft.TestPlatform.Extensions.BlameDataCollector.dll'
TpTrace Verbose: 0 : 31788, 1, 2024/03/26, 14:21:37.775, 210335793531, vstest.console.dll, MetadataReaderExtensionsHelper: Discovering extensions inside assembly 'Microsoft.TestPlatform.Extensions.EventLogCollector, Version=15.0.0.0, Culture=neutral, PublicKeyToken=b03f5f7f11d50a3a' file path 'C:\Program Files\dotnet\sdk\8.0.103\Extensions\Microsoft.TestPlatform.Extensions.EventLogCollector.dll'
TpTrace Verbose: 0 : 31788, 1, 2024/03/26, 14:21:37.776, 210335796031, vstest.console.dll, MetadataReaderExtensionsHelper: Discovering extensions inside assembly 'Microsoft.TestPlatform.TestHostRuntimeProvider, Version=15.0.0.0, Culture=neutral, PublicKeyToken=b03f5f7f11d50a3a' file path 'C:\Program Files\dotnet\sdk\8.0.103\Extensions\Microsoft.TestPlatform.TestHostRuntimeProvider.dll'
TpTrace Verbose: 0 : 31788, 1, 2024/03/26, 14:21:37.776, 210335798148, vstest.console.dll, MetadataReaderExtensionsHelper: Discovering extensions inside assembly 'Microsoft.VisualStudio.TestPlatform.Extensions.Html.TestLogger, Version=15.0.0.0, Culture=neutral, PublicKeyToken=b03f5f7f11d50a3a' file path 'C:\Program Files\dotnet\sdk\8.0.103\Extensions\Microsoft.VisualStudio.TestPlatform.Extensions.Html.TestLogger.dll'
TpTrace Information: 0 : 31788, 1, 2024/03/26, 14:21:37.776, 210335801719, vstest.console.dll, GetTestExtensionFromType: Register extension with identifier data 'logger://Microsoft/TestPlatform/HtmlLogger/v1' and type 'Microsoft.VisualStudio.TestPlatform.Extensions.HtmlLogger.HtmlLogger, Microsoft.VisualStudio.TestPlatform.Extensions.Html.TestLogger, Version=15.0.0.0, Culture=neutral, PublicKeyToken=b03f5f7f11d50a3a' inside file 'C:\Program Files\dotnet\sdk\8.0.103\Extensions\Microsoft.VisualStudio.TestPlatform.Extensions.Html.TestLogger.dll'
TpTrace Verbose: 0 : 31788, 1, 2024/03/26, 14:21:37.776, 210335802227, vstest.console.dll, MetadataReaderExtensionsHelper: Discovering extensions inside assembly 'Microsoft.VisualStudio.TestPlatform.Extensions.Trx.TestLogger, Version=15.0.0.0, Culture=neutral, PublicKeyToken=b03f5f7f11d50a3a' file path 'C:\Program Files\dotnet\sdk\8.0.103\Extensions\Microsoft.VisualStudio.TestPlatform.Extensions.Trx.TestLogger.dll'
TpTrace Information: 0 : 31788, 1, 2024/03/26, 14:21:37.776, 210335804920, vstest.console.dll, GetTestExtensionFromType: Register extension with identifier data 'logger://Microsoft/TestPlatform/TrxLogger/v1' and type 'Microsoft.VisualStudio.TestPlatform.Extensions.TrxLogger.TrxLogger, Microsoft.VisualStudio.TestPlatform.Extensions.Trx.TestLogger, Version=15.0.0.0, Culture=neutral, PublicKeyToken=b03f5f7f11d50a3a' inside file 'C:\Program Files\dotnet\sdk\8.0.103\Extensions\Microsoft.VisualStudio.TestPlatform.Extensions.Trx.TestLogger.dll'
TpTrace Verbose: 0 : 31788, 1, 2024/03/26, 14:21:37.776, 210335805357, vstest.console.dll, TestPluginCache: Discovered the extensions using extension path ''.
TpTrace Verbose: 0 : 31788, 1, 2024/03/26, 14:21:37.777, 210335805543, vstest.console.dll, TestPluginCache: Discoverers are ''.
TpTrace Verbose: 0 : 31788, 1, 2024/03/26, 14:21:37.777, 210335805668, vstest.console.dll, TestPluginCache: Executors are ''.
TpTrace Verbose: 0 : 31788, 1, 2024/03/26, 14:21:37.777, 210335805785, vstest.console.dll, TestPluginCache: Executors2 are ''.
TpTrace Verbose: 0 : 31788, 1, 2024/03/26, 14:21:37.777, 210335805901, vstest.console.dll, TestPluginCache: Setting providers are ''.
TpTrace Verbose: 0 : 31788, 1, 2024/03/26, 14:21:37.777, 210335806291, vstest.console.dll, TestPluginCache: Loggers are 'logger://Microsoft/TestPlatform/Extensions/Blame/v1,logger://Microsoft/TestPlatform/HtmlLogger/v1,logger://Microsoft/TestPlatform/TrxLogger/v1'.
TpTrace Verbose: 0 : 31788, 1, 2024/03/26, 14:21:37.777, 210335806472, vstest.console.dll, TestPluginCache: TestHosts are 'HostProvider://DefaultTestHost,HostProvider://DotnetTestHost'.
TpTrace Verbose: 0 : 31788, 1, 2024/03/26, 14:21:37.777, 210335806631, vstest.console.dll, TestPluginCache: DataCollectors are ''.
TpTrace Information: 0 : 31788, 1, 2024/03/26, 14:21:37.777, 210335811735, vstest.console.dll, TestPluginManager.CreateTestExtension: Attempting to load test extension: Microsoft.TestPlatform.Extensions.BlameDataCollector.BlameLogger
TpTrace Verbose: 0 : 31788, 1, 2024/03/26, 14:21:37.783, 210335874276, vstest.console.dll, TestEngine: Initializing Parallel Execution as MaxCpuCount is set to: 1
TpTrace Information: 0 : 31788, 1, 2024/03/26, 14:21:37.784, 210335884022, vstest.console.dll, TestPluginManager.CreateTestExtension: Attempting to load test extension: Microsoft.VisualStudio.TestPlatform.CrossPlatEngine.Hosting.DefaultTestHostManager
TpTrace Information: 0 : 31788, 1, 2024/03/26, 14:21:37.786, 210335900476, vstest.console.dll, TestPluginManager.CreateTestExtension: Attempting to load test extension: Microsoft.VisualStudio.TestPlatform.CrossPlatEngine.Hosting.DotnetTestHostManager
TpTrace Information: 0 : 31788, 1, 2024/03/26, 14:21:37.786, 210335904435, vstest.console.dll, InferRunSettingsHelper.IsTestSettingsEnabled: Unable to navigate to RunSettings/MSTest. Current node: RunSettings
TpTrace Verbose: 0 : 31788, 1, 2024/03/26, 14:21:37.787, 210335907978, vstest.console.dll, ParallelOperationManager.ClearSlots: Clearing all slots. Slots should accept more work: True
TpTrace Verbose: 0 : 31788, 1, 2024/03/26, 14:21:37.787, 210335911769, vstest.console.dll, ParallelOperationManager.SetOccupiedSlotCount: Setting slot counts AvailableSlotCount = 1, OccupiedSlotCount = 0.
TpTrace Verbose: 0 : 31788, 1, 2024/03/26, 14:21:37.787, 210335913855, vstest.console.dll, Occupied slots:

TpTrace Verbose: 0 : 31788, 1, 2024/03/26, 14:21:37.789, 210335933304, vstest.console.dll, TestEngine.GetExecutionManager: Chosen execution manager 'Microsoft.VisualStudio.TestPlatform.CrossPlatEngine.Client.Parallel.ParallelProxyExecutionManager, Microsoft.TestPlatform.CrossPlatEngine, Version=15.0.0.0, Culture=neutral, PublicKeyToken=b03f5f7f11d50a3a' ParallelLevel '1'.
TpTrace Verbose: 0 : 31788, 1, 2024/03/26, 14:21:37.789, 210335934234, vstest.console.dll, TestRunRequest.ExecuteAsync: Creating test run request.
TpTrace Verbose: 0 : 31788, 1, 2024/03/26, 14:21:37.790, 210335935622, vstest.console.dll, TestRunRequest.ExecuteAsync: Starting.
TpTrace Information: 0 : 31788, 1, 2024/03/26, 14:21:37.790, 210335942101, vstest.console.dll, TestRunRequest.ExecuteAsync: Starting run with settings:TestRunCriteria:
   KeepAlive=False,FrequencyOfRunStatsChangeEvent=10,RunStatsChangeEventTimeout=00:00:01.5000000,TestCaseFilter=,TestExecutorLauncher=
   Settingsxml=<RunSettings>
  <RunConfiguration>
    <ResultsDirectory>C:\Users\A115TW\source\repos\P7_API_REST\P7CreateRestApi.TestIntegration\bin\Debug\net8.0\fine-code-coverage\coverage-tool-output</ResultsDirectory>
    <TargetPlatform>X64</TargetPlatform>
    <TargetFrameworkVersion>.NETCoreApp,Version=v8.0</TargetFrameworkVersion>
    <DesignMode>False</DesignMode>
    <CollectSourceInformation>False</CollectSourceInformation>
  </RunConfiguration>
  <LoggerRunSettings>
    <Loggers>
      <Logger friendlyName="blame" enabled="True" />
      <Logger friendlyName="Console" uri="logger://microsoft/TestPlatform/ConsoleLogger/v1" assemblyQualifiedName="Microsoft.VisualStudio.TestPlatform.CommandLine.Internal.ConsoleLogger, vstest.console, Version=15.0.0.0, Culture=neutral, PublicKeyToken=b03f5f7f11d50a3a" codeBase="C:\Program Files\dotnet\sdk\8.0.103\vstest.console.dll" enabled="True" />
    </Loggers>
  </LoggerRunSettings>
  <DataCollectionRunSettings>
    <DataCollectors>
      <DataCollector friendlyName="blame" enabled="True">
        <Configuration>
          <ResultsDirectory>C:\Users\A115TW\source\repos\P7_API_REST\P7CreateRestApi.TestIntegration\bin\Debug\net8.0\fine-code-coverage\coverage-tool-output</ResultsDirectory>
        </Configuration>
      </DataCollector>
    </DataCollectors>
  </DataCollectionRunSettings>
</RunSettings>

TpTrace Verbose: 0 : 31788, 1, 2024/03/26, 14:21:37.790, 210335942478, vstest.console.dll, TestRunRequest.ExecuteAsync: Wait for the first run request is over.
TpTrace Verbose: 0 : 31788, 1, 2024/03/26, 14:21:37.790, 210335944245, vstest.console.dll, MulticastDelegateUtilities.SafeInvoke: TestRun.TestRunStart: Invoking callbacks was skipped because there are no subscribers.
TpTrace Verbose: 0 : 31788, 5, 2024/03/26, 14:21:37.791, 210335946390, vstest.console.dll, MulticastDelegateUtilities.SafeInvoke: InternalTestLoggerEvents.SendTestRunStart: Invoking callback 1/1 for Microsoft.VisualStudio.TestPlatform.CommandLine.Internal.ConsoleLogger., took 0 ms.
TpTrace Verbose: 0 : 31788, 1, 2024/03/26, 14:21:37.791, 210335950008, vstest.console.dll, ParallelProxyExecutionManager: Start execution. Total sources: 1
TpTrace Verbose: 0 : 31788, 1, 2024/03/26, 14:21:37.791, 210335952068, vstest.console.dll, ParallelOperationManager.StartWork: Starting adding 1 workloads.
TpTrace Verbose: 0 : 31788, 1, 2024/03/26, 14:21:37.791, 210335952418, vstest.console.dll, ParallelOperationManager.ClearSlots: Clearing all slots. Slots should accept more work: True
TpTrace Verbose: 0 : 31788, 1, 2024/03/26, 14:21:37.791, 210335952758, vstest.console.dll, ParallelOperationManager.SetOccupiedSlotCount: Setting slot counts AvailableSlotCount = 1, OccupiedSlotCount = 0.
TpTrace Verbose: 0 : 31788, 1, 2024/03/26, 14:21:37.791, 210335952947, vstest.console.dll, Occupied slots:

TpTrace Verbose: 0 : 31788, 1, 2024/03/26, 14:21:37.792, 210335960579, vstest.console.dll, TestRequestSender is acting as server.
TpTrace Verbose: 0 : 31788, 1, 2024/03/26, 14:21:37.793, 210335966860, vstest.console.dll, ParallelOperationManager.RunWorkInParallel: Adding 1 workload to slot, remaining workloads 0.
TpTrace Verbose: 0 : 31788, 1, 2024/03/26, 14:21:37.793, 210335967277, vstest.console.dll, ParallelOperationManager.SetOccupiedSlotCount: Setting slot counts AvailableSlotCount = 0, OccupiedSlotCount = 1.
TpTrace Verbose: 0 : 31788, 1, 2024/03/26, 14:21:37.793, 210335967836, vstest.console.dll, Occupied slots:
0: C:\Users\A115TW\source\repos\P7_API_REST\P7CreateRestApi.TestIntegration\bin\Debug\net8.0\fine-code-coverage\build-output\P7CreateRestApi.TestIntegration.dll
TpTrace Verbose: 0 : 31788, 1, 2024/03/26, 14:21:37.793, 210335973758, vstest.console.dll, ParallelOperationManager.RunWorkInParallel: Started host in slot number 0 for work (source): C:\Users\A115TW\source\repos\P7_API_REST\P7CreateRestApi.TestIntegration\bin\Debug\net8.0\fine-code-coverage\build-output\P7CreateRestApi.TestIntegration.dll.
TpTrace Verbose: 0 : 31788, 1, 2024/03/26, 14:21:37.794, 210335981960, vstest.console.dll, ParallelOperationManager.RunWorkInParallel: We started 1 work items, which is the max parallel level. Won't start more work.
TpTrace Verbose: 0 : 31788, 1, 2024/03/26, 14:21:37.794, 210335982343, vstest.console.dll, ParallelOperationManager.RunWorkInParallel: We started 1 work items in here, returning True.
TpTrace Information: 0 : 31788, 1, 2024/03/26, 14:21:37.794, 210335982568, vstest.console.dll, TestRunRequest.ExecuteAsync: Started.
TpTrace Verbose: 0 : 31788, 6, 2024/03/26, 14:21:37.794, 210335983752, vstest.console.dll, ParallelProxyExecutionManager.StartTestRunOnConcurrentManager: Initializing uninitialized client. Started clients: 0
TpTrace Verbose: 0 : 31788, 6, 2024/03/26, 14:21:37.794, 210335985128, vstest.console.dll, DataCollectionRequestSender.InitializeCommunication : Initialize communication. 
TpTrace Verbose: 0 : 31788, 1, 2024/03/26, 14:21:37.795, 210335985690, vstest.console.dll, TestRunRequest.WaitForCompletion: Waiting with timeout -1.
TpTrace Information: 0 : 31788, 6, 2024/03/26, 14:21:37.802, 210336057884, vstest.console.dll, Listening on Endpoint : 127.0.0.1:64816
TpTrace Verbose: 0 : 31788, 6, 2024/03/26, 14:21:37.807, 210336111358, vstest.console.dll, DotnetDataCollectionLauncher: Adding  --runtimeconfig "C:\Program Files\dotnet\sdk\8.0.103\datacollector.runtimeconfig.json" in args
TpTrace Verbose: 0 : 31788, 6, 2024/03/26, 14:21:37.807, 210336112605, vstest.console.dll, DotnetDataCollectionLauncher: Adding  --depsfile "C:\Program Files\dotnet\sdk\8.0.103\datacollector.deps.json" in args
TpTrace Verbose: 0 : 31788, 6, 2024/03/26, 14:21:37.807, 210336113553, vstest.console.dll, DotnetDataCollectionLauncher: Full path of dotnet.exe is C:\Program Files\dotnet\dotnet.exe
TpTrace Information: 0 : 31788, 6, 2024/03/26, 14:21:37.834, 210336382233, vstest.console.dll, ProxyDataCollectionManager.Initialize: Launched datacollector processId: 24220 port: 64816
TpTrace Information: 0 : 31788, 6, 2024/03/26, 14:21:37.834, 210336383276, vstest.console.dll, ProxyDataCollectionManager.Initialize: waiting for connection with timeout: 90 seconds
TpTrace Verbose: 0 : 31788, 6, 2024/03/26, 14:21:37.834, 210336383561, vstest.console.dll, DataCollectionRequestSender.WaitForRequestHandlerConnection : Waiting for connection with timeout: 90000
TpTrace Information: 0 : 31788, 8, 2024/03/26, 14:21:37.995, 210337989522, vstest.console.dll, Using the buffer size of 16384 bytes
TpTrace Verbose: 0 : 31788, 6, 2024/03/26, 14:21:37.995, 210337989817, vstest.console.dll, SocketCommunicationManager.WaitForClientConnection took: 160 ms, with 90000 ms timeout, and finished with True.
TpTrace Information: 0 : 31788, 8, 2024/03/26, 14:21:37.995, 210337990627, vstest.console.dll, Accepted Client request and set the flag
TpTrace Verbose: 0 : 31788, 6, 2024/03/26, 14:21:37.995, 210337991497, vstest.console.dll, ProxyDataCollectionManager.InvokeDataCollectionServiceAction: Starting.
TpTrace Information: 0 : 31788, 6, 2024/03/26, 14:21:37.995, 210337992233, vstest.console.dll, ProxyDataCollectionManager.BeforeTestRunStart: Get environment variable and port for datacollector processId: 24220 port: 64816
TpTrace Verbose: 0 : 31788, 6, 2024/03/26, 14:21:37.995, 210337993381, vstest.console.dll, DataCollectionRequestSender.SendBeforeTestRunStartAndGetResult: Send BeforeTestRunStart message with settingsXml <RunSettings><RunConfiguration><ResultsDirectory>C:\Users\A115TW\source\repos\P7_API_REST\P7CreateRestApi.TestIntegration\bin\Debug\net8.0\fine-code-coverage\coverage-tool-output</ResultsDirectory><TargetPlatform>X64</TargetPlatform><TargetFrameworkVersion>.NETCoreApp,Version=v8.0</TargetFrameworkVersion><DesignMode>False</DesignMode><CollectSourceInformation>False</CollectSourceInformation><TestAdaptersPaths>C:\Program Files\dotnet\sdk\8.0.103\Extensions</TestAdaptersPaths></RunConfiguration><LoggerRunSettings><Loggers><Logger friendlyName="blame" enabled="True" /><Logger friendlyName="Console" uri="logger://microsoft/TestPlatform/ConsoleLogger/v1" assemblyQualifiedName="Microsoft.VisualStudio.TestPlatform.CommandLine.Internal.ConsoleLogger, vstest.console, Version=15.0.0.0, Culture=neutral, PublicKeyToken=b03f5f7f11d50a3a" codeBase="C:\Program Files\dotnet\sdk\8.0.103\vstest.console.dll" enabled="True" /></Loggers></LoggerRunSettings><DataCollectionRunSettings><DataCollectors><DataCollector friendlyName="blame" enabled="True"><Configuration><ResultsDirectory>C:\Users\A115TW\source\repos\P7_API_REST\P7CreateRestApi.TestIntegration\bin\Debug\net8.0\fine-code-coverage\coverage-tool-output</ResultsDirectory></Configuration></DataCollector></DataCollectors></DataCollectionRunSettings></RunSettings> and sources System.Collections.Generic.List`1[System.String]: 
TpTrace Verbose: 0 : 31788, 6, 2024/03/26, 14:21:38.033, 210338373982, vstest.console.dll, DataCollectionRequestSender.SendBeforeTestRunStartAndGetResult: Received message: (DataCollection.SendMessage) -> {"MessageType":"DataCollection.SendMessage","Payload":{"FriendlyName":null,"Uri":null,"TestCaseId":"00000000-0000-0000-0000-000000000000","Message":"Logging DataCollector Diagnostics in file: C:\\Users\\A115TW\\source\\repos\\P7_API_REST\\P7CreateRestApi.TestIntegration\\bin\\Debug\\net8.0\\fine-code-coverage\\coverage-tool-output\\diagnostics.datacollector.24-03-26_14-21-37_80737_6.log","Level":0}}
TpTrace Verbose: 0 : 31788, 6, 2024/03/26, 14:21:38.139, 210339432462, vstest.console.dll, DataCollectionRequestSender.SendBeforeTestRunStartAndGetResult: Received message: (DataCollection.BeforeTestRunStartResult) -> {"MessageType":"DataCollection.BeforeTestRunStartResult","Payload":{"EnvironmentVariables":{},"DataCollectionEventsPort":64818}}
TpTrace Information: 0 : 31788, 6, 2024/03/26, 14:21:38.142, 210339457539, vstest.console.dll, ProxyDataCollectionManager.BeforeTestRunStart: SendBeforeTestRunStartAndGetResult successful, env variable from datacollector:   and testhost port: 64818
TpTrace Information: 0 : 31788, 6, 2024/03/26, 14:21:38.142, 210339458209, vstest.console.dll, ProxyDataCollectionManager.InvokeDataCollectionServiceAction: Completed.
TpTrace Verbose: 0 : 31788, 6, 2024/03/26, 14:21:38.142, 210339458437, vstest.console.dll, ParallelProxyExecutionManager.StartTestRunOnConcurrentManager: Initializing test run. Started clients: 0
TpTrace Verbose: 0 : 31788, 6, 2024/03/26, 14:21:38.142, 210339458939, vstest.console.dll, ProxyExecutionManager: Test host is always Lazy initialize.
TpTrace Verbose: 0 : 31788, 6, 2024/03/26, 14:21:38.142, 210339459996, vstest.console.dll, TestRequestSender.InitializeCommunication: initialize communication. 
TpTrace Information: 0 : 31788, 6, 2024/03/26, 14:21:38.143, 210339472943, vstest.console.dll, SocketServer.Start: Listening on endpoint : 127.0.0.1:64819
TpTrace Verbose: 0 : 31788, 6, 2024/03/26, 14:21:38.144, 210339477881, vstest.console.dll, DotnetTestHostmanager.GetTestHostProcessStartInfo: Platform environment 'X64' target architecture 'X64' framework '.NETCoreApp,Version=v8.0' OS 'Windows'
TpTrace Verbose: 0 : 31788, 6, 2024/03/26, 14:21:38.144, 210339479637, vstest.console.dll, DotnetTestHostmanager: Adding  --runtimeconfig "C:\Users\A115TW\source\repos\P7_API_REST\P7CreateRestApi.TestIntegration\bin\Debug\net8.0\fine-code-coverage\build-output\P7CreateRestApi.TestIntegration.runtimeconfig.json" in args
TpTrace Verbose: 0 : 31788, 6, 2024/03/26, 14:21:38.144, 210339480366, vstest.console.dll, DotnetTestHostmanager: Adding  --depsfile "C:\Users\A115TW\source\repos\P7_API_REST\P7CreateRestApi.TestIntegration\bin\Debug\net8.0\fine-code-coverage\build-output\P7CreateRestApi.TestIntegration.deps.json" in args
TpTrace Verbose: 0 : 31788, 6, 2024/03/26, 14:21:38.144, 210339481381, vstest.console.dll, DotnetTestHostmanager.IsWinOnArm: Current PROCESSOR_ARCHITECTURE from environment variable 'AMD64'
TpTrace Verbose: 0 : 31788, 6, 2024/03/26, 14:21:38.144, 210339481665, vstest.console.dll, DotnetTestHostmanager.IsWinOnArm: Is Windows on ARM 'False'
TpTrace Verbose: 0 : 31788, 6, 2024/03/26, 14:21:38.144, 210339482345, vstest.console.dll, DotnetTestHostManager: testhost.exe found at path: C:\Users\A115TW\source\repos\P7_API_REST\P7CreateRestApi.TestIntegration\bin\Debug\net8.0\fine-code-coverage\build-output\testhost.exe
TpTrace Verbose: 0 : 31788, 6, 2024/03/26, 14:21:38.144, 210339482536, vstest.console.dll, DotnetTestHostmanager: Full path of host exe is C:\Users\A115TW\source\repos\P7_API_REST\P7CreateRestApi.TestIntegration\bin\Debug\net8.0\fine-code-coverage\build-output\testhost.exe
TpTrace Verbose: 0 : 31788, 6, 2024/03/26, 14:21:38.144, 210339483246, vstest.console.dll, DotnetTestHostmanager.LaunchTestHostAsync: Found 'VSTEST_WINAPPHOST_DOTNET_ROOT' in env variables, value 'C:\Program Files\dotnet', forwarding to 'DOTNET_ROOT'
TpTrace Verbose: 0 : 31788, 6, 2024/03/26, 14:21:38.144, 210339483926, vstest.console.dll, DotnetTestHostManager: Starting process 'C:\Users\A115TW\source\repos\P7_API_REST\P7CreateRestApi.TestIntegration\bin\Debug\net8.0\fine-code-coverage\build-output\testhost.exe' with command line ' --runtimeconfig "C:\Users\A115TW\source\repos\P7_API_REST\P7CreateRestApi.TestIntegration\bin\Debug\net8.0\fine-code-coverage\build-output\P7CreateRestApi.TestIntegration.runtimeconfig.json" --depsfile "C:\Users\A115TW\source\repos\P7_API_REST\P7CreateRestApi.TestIntegration\bin\Debug\net8.0\fine-code-coverage\build-output\P7CreateRestApi.TestIntegration.deps.json" --port 64819 --endpoint 127.0.0.1:064819 --role client --parentprocessid 31788 --diag "C:\Users\A115TW\source\repos\P7_API_REST\P7CreateRestApi.TestIntegration\bin\Debug\net8.0\fine-code-coverage\coverage-tool-output\diagnostics.host.24-03-26_14-21-38_14403_6.log" --tracelevel 4 --datacollectionport 64818 --telemetryoptedin false'
TpTrace Verbose: 0 : 31788, 6, 2024/03/26, 14:21:38.193, 210339966458, vstest.console.dll, MulticastDelegateUtilities.SafeInvoke: HostProviderEvents.OnHostLaunched: Invoking callback 1/2 for Microsoft.VisualStudio.TestPlatform.CrossPlatEngine.Client.ProxyExecutionManagerWithDataCollection., took 0 ms.
TpTrace Verbose: 0 : 31788, 6, 2024/03/26, 14:21:38.193, 210339968530, vstest.console.dll, Test Runtime launched
TpTrace Verbose: 0 : 31788, 6, 2024/03/26, 14:21:38.193, 210339968930, vstest.console.dll, MulticastDelegateUtilities.SafeInvoke: HostProviderEvents.OnHostLaunched: Invoking callback 2/2 for Microsoft.VisualStudio.TestPlatform.CrossPlatEngine.Client.ProxyOperationManager., took 0 ms.
TpTrace Verbose: 0 : 31788, 6, 2024/03/26, 14:21:38.193, 210339969645, vstest.console.dll, TestRequestSender.WaitForRequestHandlerConnection: waiting for connection with timeout: 90000.
TpTrace Verbose: 0 : 31788, 8, 2024/03/26, 14:21:38.380, 210341843520, vstest.console.dll, MulticastDelegateUtilities.SafeInvoke: SocketServer: ClientConnected: Invoking callback 1/1 for Microsoft.VisualStudio.TestPlatform.CommunicationUtilities.TestRequestSender., took 0 ms.
TpTrace Verbose: 0 : 31788, 8, 2024/03/26, 14:21:38.380, 210341844412, vstest.console.dll, SocketServer.OnClientConnected: Client connected for endPoint: 127.0.0.1:64819, starting MessageLoopAsync:
TpTrace Verbose: 0 : 31788, 6, 2024/03/26, 14:21:38.380, 210341844071, vstest.console.dll, TestRequestSender.WaitForRequestHandlerConnection: waiting took 187 ms, with timeout 90000 ms, and result 0, which is success.
TpTrace Verbose: 0 : 31788, 14, 2024/03/26, 14:21:38.381, 210341847617, vstest.console.dll, TcpClientExtensions.MessageLoopAsync: Polling on remoteEndPoint: 127.0.0.1:64820 localEndPoint: 127.0.0.1:64819
TpTrace Verbose: 0 : 31788, 6, 2024/03/26, 14:21:38.381, 210341853125, vstest.console.dll, TestRequestSender.CheckVersionWithTestHost: Sending check version message: {"MessageType":"ProtocolVersion","Payload":7}
TpTrace Verbose: 0 : 31788, 14, 2024/03/26, 14:21:38.453, 210342574317, vstest.console.dll, TcpClientExtensions.MessageLoopAsync: NotifyDataAvailable remoteEndPoint: 127.0.0.1:64820 localEndPoint: 127.0.0.1:64819
TpTrace Verbose: 0 : 31788, 14, 2024/03/26, 14:21:38.454, 210342575921, vstest.console.dll, TestRequestSender.CheckVersionWithTestHost: onMessageReceived received message: (ProtocolVersion) -> {"MessageType":"ProtocolVersion","Payload":7}
TpTrace Verbose: 0 : 31788, 14, 2024/03/26, 14:21:38.454, 210342579292, vstest.console.dll, MulticastDelegateUtilities.SafeInvoke: LengthPrefixCommunicationChannel: MessageReceived: Invoking callback 1/1 for Microsoft.VisualStudio.TestPlatform.CommunicationUtilities.TestRequestSender+<>c__DisplayClass29_0., took 0 ms.
TpTrace Verbose: 0 : 31788, 14, 2024/03/26, 14:21:38.454, 210342579867, vstest.console.dll, TcpClientExtensions.MessageLoopAsync: Polling on remoteEndPoint: 127.0.0.1:64820 localEndPoint: 127.0.0.1:64819
TpTrace Verbose: 0 : 31788, 6, 2024/03/26, 14:21:38.454, 210342580346, vstest.console.dll, TestPluginCache.GetExtensionPaths: Filtered extension paths: 
TpTrace Verbose: 0 : 31788, 6, 2024/03/26, 14:21:38.454, 210342580568, vstest.console.dll, TestPluginCache.GetExtensionPaths: Added default extension paths: C:\Program Files\dotnet\sdk\8.0.103\Extensions\Microsoft.Diagnostics.NETCore.Client.dll
C:\Program Files\dotnet\sdk\8.0.103\Extensions\Microsoft.TestPlatform.Extensions.BlameDataCollector.dll
C:\Program Files\dotnet\sdk\8.0.103\Extensions\Microsoft.TestPlatform.Extensions.EventLogCollector.dll
C:\Program Files\dotnet\sdk\8.0.103\Extensions\Microsoft.TestPlatform.TestHostRuntimeProvider.dll
C:\Program Files\dotnet\sdk\8.0.103\Extensions\Microsoft.VisualStudio.TestPlatform.Extensions.Html.TestLogger.dll
C:\Program Files\dotnet\sdk\8.0.103\Extensions\Microsoft.VisualStudio.TestPlatform.Extensions.Trx.TestLogger.dll
TpTrace Verbose: 0 : 31788, 6, 2024/03/26, 14:21:38.454, 210342581141, vstest.console.dll, TestPluginCache.GetExtensionPaths: Added unfilterableExtensionPaths: 
TpTrace Verbose: 0 : 31788, 6, 2024/03/26, 14:21:38.456, 210342599190, vstest.console.dll, TestRequestSender.InitializeExecution: Sending initialize execution with message: {"Version":7,"MessageType":"TestExecution.Initialize","Payload":["C:\\Users\\A115TW\\source\\repos\\P7_API_REST\\P7CreateRestApi.TestIntegration\\bin\\Debug\\net8.0\\fine-code-coverage\\build-output\\NUnit3.TestAdapter.dll"]}
TpTrace Verbose: 0 : 31788, 6, 2024/03/26, 14:21:38.456, 210342601254, vstest.console.dll, ParallelProxyExecutionManager.StartTestRunOnConcurrentManager: Execution starting. Started clients: 1
TpTrace Verbose: 0 : 31788, 6, 2024/03/26, 14:21:38.456, 210342602978, vstest.console.dll, TestRunRequest:SendTestRunMessage: Starting.
TpTrace Verbose: 0 : 31788, 6, 2024/03/26, 14:21:38.456, 210342603952, vstest.console.dll, MulticastDelegateUtilities.SafeInvoke: TestRun.LogMessages: Invoking callback 1/1 for Microsoft.VisualStudio.TestPlatform.CommandLine.TestRunResultAggregator., took 0 ms.
TpTrace Information: 0 : 31788, 6, 2024/03/26, 14:21:38.456, 210342604153, vstest.console.dll, TestRunRequest:SendTestRunMessage: Completed.
TpTrace Verbose: 0 : 31788, 5, 2024/03/26, 14:21:38.457, 210342605989, vstest.console.dll, MulticastDelegateUtilities.SafeInvoke: InternalTestLoggerEvents.SendTestRunMessage: Invoking callback 1/1 for Microsoft.VisualStudio.TestPlatform.CommandLine.Internal.ConsoleLogger., took 0 ms.
TpTrace Warning: 0 : 31788, 6, 2024/03/26, 14:21:38.457, 210342606229, vstest.console.dll, InferRunSettingsHelper.MakeRunsettingsCompatible: Removing the following settings: TargetPlatform from RunSettings file. To use those settings please move to latest version of Microsoft.NET.Test.Sdk
TpTrace Verbose: 0 : 31788, 14, 2024/03/26, 14:21:38.459, 210342629410, vstest.console.dll, TcpClientExtensions.MessageLoopAsync: NotifyDataAvailable remoteEndPoint: 127.0.0.1:64820 localEndPoint: 127.0.0.1:64819
TpTrace Verbose: 0 : 31788, 14, 2024/03/26, 14:21:38.459, 210342632056, vstest.console.dll, TestRequestSender.OnExecutionMessageReceived: Received message: {"Version":7,"MessageType":"TestSession.Message","Payload":{"MessageLevel":0,"Message":"Journalisation des diagnostics TestHost dans le fichier : C:\\Users\\A115TW\\source\\repos\\P7_API_REST\\P7CreateRestApi.TestIntegration\\bin\\Debug\\net8.0\\fine-code-coverage\\coverage-tool-output\\diagnostics.host.24-03-26_14-21-38_14403_6.log"}}
TpTrace Verbose: 0 : 31788, 6, 2024/03/26, 14:21:38.460, 210342640582, vstest.console.dll, TestRequestSender.StartTestRun: Sending test run with message: {"Version":7,"MessageType":"TestExecution.StartWithSources","Payload":{"AdapterSourceMap":{"_none_":["C:\\Users\\A115TW\\source\\repos\\P7_API_REST\\P7CreateRestApi.TestIntegration\\bin\\Debug\\net8.0\\fine-code-coverage\\build-output\\P7CreateRestApi.TestIntegration.dll"]},"RunSettings":"<RunSettings>\r\n  <RunConfiguration>\r\n    <ResultsDirectory>C:\\Users\\A115TW\\source\\repos\\P7_API_REST\\P7CreateRestApi.TestIntegration\\bin\\Debug\\net8.0\\fine-code-coverage\\coverage-tool-output</ResultsDirectory>\r\n    <TargetFrameworkVersion>.NETCoreApp,Version=v8.0</TargetFrameworkVersion>\r\n    <DesignMode>False</DesignMode>\r\n    <CollectSourceInformation>False</CollectSourceInformation>\r\n  </RunConfiguration>\r\n  <LoggerRunSettings>\r\n    <Loggers>\r\n      <Logger friendlyName=\"blame\" enabled=\"True\" />\r\n      <Logger friendlyName=\"Console\" uri=\"logger://microsoft/TestPlatform/ConsoleLogger/v1\" assemblyQualifiedName=\"Microsoft.VisualStudio.TestPlatform.CommandLine.Internal.ConsoleLogger, vstest.console, Version=15.0.0.0, Culture=neutral, PublicKeyToken=b03f5f7f11d50a3a\" codeBase=\"C:\\Program Files\\dotnet\\sdk\\8.0.103\\vstest.console.dll\" enabled=\"True\" />\r\n    </Loggers>\r\n  </LoggerRunSettings>\r\n  <DataCollectionRunSettings>\r\n    <DataCollectors>\r\n      <DataCollector friendlyName=\"blame\" enabled=\"True\">\r\n        <Configuration>\r\n          <ResultsDirectory>C:\\Users\\A115TW\\source\\repos\\P7_API_REST\\P7CreateRestApi.TestIntegration\\bin\\Debug\\net8.0\\fine-code-coverage\\coverage-tool-output</ResultsDirectory>\r\n        </Configuration>\r\n      </DataCollector>\r\n    </DataCollectors>\r\n  </DataCollectionRunSettings>\r\n</RunSettings>","TestExecutionContext":{"FrequencyOfRunStatsChangeEvent":10,"RunStatsChangeEventTimeout":"00:00:01.5000000","InIsolation":false,"KeepAlive":false,"AreTestCaseLevelEventsRequired":false,"IsDebug":false,"TestCaseFilter":null,"FilterOptions":null},"Package":null}}
TpTrace Verbose: 0 : 31788, 6, 2024/03/26, 14:21:38.460, 210342643034, vstest.console.dll, ParallelProxyExecutionManager.StartTestRunOnConcurrentManager: Execution started. Started clients: 1
TpTrace Verbose: 0 : 31788, 14, 2024/03/26, 14:21:38.461, 210342648666, vstest.console.dll, TestRunRequest:SendTestRunMessage: Starting.
TpTrace Verbose: 0 : 31788, 14, 2024/03/26, 14:21:38.461, 210342649406, vstest.console.dll, MulticastDelegateUtilities.SafeInvoke: TestRun.LogMessages: Invoking callback 1/1 for Microsoft.VisualStudio.TestPlatform.CommandLine.TestRunResultAggregator., took 0 ms.
TpTrace Information: 0 : 31788, 14, 2024/03/26, 14:21:38.461, 210342649643, vstest.console.dll, TestRunRequest:SendTestRunMessage: Completed.
TpTrace Verbose: 0 : 31788, 14, 2024/03/26, 14:21:38.461, 210342649830, vstest.console.dll, MulticastDelegateUtilities.SafeInvoke: LengthPrefixCommunicationChannel: MessageReceived: Invoking callback 1/1 for Microsoft.VisualStudio.TestPlatform.CommunicationUtilities.TestRequestSender+<>c__DisplayClass34_0., took 1 ms.
TpTrace Verbose: 0 : 31788, 14, 2024/03/26, 14:21:38.461, 210342649991, vstest.console.dll, TcpClientExtensions.MessageLoopAsync: Polling on remoteEndPoint: 127.0.0.1:64820 localEndPoint: 127.0.0.1:64819
TpTrace Verbose: 0 : 31788, 5, 2024/03/26, 14:21:38.461, 210342650499, vstest.console.dll, MulticastDelegateUtilities.SafeInvoke: InternalTestLoggerEvents.SendTestRunMessage: Invoking callback 1/1 for Microsoft.VisualStudio.TestPlatform.CommandLine.Internal.ConsoleLogger., took 0 ms.
TpTrace Verbose: 0 : 31788, 14, 2024/03/26, 14:21:38.557, 210343608871, vstest.console.dll, TcpClientExtensions.MessageLoopAsync: NotifyDataAvailable remoteEndPoint: 127.0.0.1:64820 localEndPoint: 127.0.0.1:64819
TpTrace Verbose: 0 : 31788, 14, 2024/03/26, 14:21:38.557, 210343611321, vstest.console.dll, TestRequestSender.OnExecutionMessageReceived: Received message: {"Version":7,"MessageType":"TestSession.Message","Payload":{"MessageLevel":0,"Message":"NUnit Adapter 4.2.0.0: Test execution started"}}
TpTrace Verbose: 0 : 31788, 14, 2024/03/26, 14:21:38.557, 210343612838, vstest.console.dll, TestRunRequest:SendTestRunMessage: Starting.
TpTrace Verbose: 0 : 31788, 14, 2024/03/26, 14:21:38.557, 210343613243, vstest.console.dll, MulticastDelegateUtilities.SafeInvoke: TestRun.LogMessages: Invoking callback 1/1 for Microsoft.VisualStudio.TestPlatform.CommandLine.TestRunResultAggregator., took 0 ms.
TpTrace Information: 0 : 31788, 14, 2024/03/26, 14:21:38.557, 210343613435, vstest.console.dll, TestRunRequest:SendTestRunMessage: Completed.
TpTrace Verbose: 0 : 31788, 14, 2024/03/26, 14:21:38.557, 210343613572, vstest.console.dll, MulticastDelegateUtilities.SafeInvoke: LengthPrefixCommunicationChannel: MessageReceived: Invoking callback 1/1 for Microsoft.VisualStudio.TestPlatform.CommunicationUtilities.TestRequestSender+<>c__DisplayClass34_0., took 0 ms.
TpTrace Verbose: 0 : 31788, 14, 2024/03/26, 14:21:38.557, 210343613723, vstest.console.dll, TcpClientExtensions.MessageLoopAsync: Polling on remoteEndPoint: 127.0.0.1:64820 localEndPoint: 127.0.0.1:64819
TpTrace Verbose: 0 : 31788, 5, 2024/03/26, 14:21:38.557, 210343613690, vstest.console.dll, MulticastDelegateUtilities.SafeInvoke: InternalTestLoggerEvents.SendTestRunMessage: Invoking callback 1/1 for Microsoft.VisualStudio.TestPlatform.CommandLine.Internal.ConsoleLogger., took 0 ms.
TpTrace Verbose: 0 : 31788, 14, 2024/03/26, 14:21:38.573, 210343775170, vstest.console.dll, TcpClientExtensions.MessageLoopAsync: NotifyDataAvailable remoteEndPoint: 127.0.0.1:64820 localEndPoint: 127.0.0.1:64819
TpTrace Verbose: 0 : 31788, 14, 2024/03/26, 14:21:38.574, 210343776244, vstest.console.dll, TestRequestSender.OnExecutionMessageReceived: Received message: {"Version":7,"MessageType":"TestSession.Message","Payload":{"MessageLevel":0,"Message":"Running all tests in C:\\Users\\A115TW\\source\\repos\\P7_API_REST\\P7CreateRestApi.TestIntegration\\bin\\Debug\\net8.0\\fine-code-coverage\\build-output\\P7CreateRestApi.TestIntegration.dll"}}
TpTrace Verbose: 0 : 31788, 14, 2024/03/26, 14:21:38.574, 210343777032, vstest.console.dll, TestRunRequest:SendTestRunMessage: Starting.
TpTrace Verbose: 0 : 31788, 14, 2024/03/26, 14:21:38.574, 210343777330, vstest.console.dll, MulticastDelegateUtilities.SafeInvoke: TestRun.LogMessages: Invoking callback 1/1 for Microsoft.VisualStudio.TestPlatform.CommandLine.TestRunResultAggregator., took 0 ms.
TpTrace Information: 0 : 31788, 14, 2024/03/26, 14:21:38.574, 210343777466, vstest.console.dll, TestRunRequest:SendTestRunMessage: Completed.
TpTrace Verbose: 0 : 31788, 14, 2024/03/26, 14:21:38.574, 210343777602, vstest.console.dll, MulticastDelegateUtilities.SafeInvoke: LengthPrefixCommunicationChannel: MessageReceived: Invoking callback 1/1 for Microsoft.VisualStudio.TestPlatform.CommunicationUtilities.TestRequestSender+<>c__DisplayClass34_0., took 0 ms.
TpTrace Verbose: 0 : 31788, 14, 2024/03/26, 14:21:38.574, 210343777744, vstest.console.dll, TcpClientExtensions.MessageLoopAsync: Polling on remoteEndPoint: 127.0.0.1:64820 localEndPoint: 127.0.0.1:64819
TpTrace Verbose: 0 : 31788, 5, 2024/03/26, 14:21:38.574, 210343778286, vstest.console.dll, MulticastDelegateUtilities.SafeInvoke: InternalTestLoggerEvents.SendTestRunMessage: Invoking callback 1/1 for Microsoft.VisualStudio.TestPlatform.CommandLine.Internal.ConsoleLogger., took 0 ms.
TpTrace Verbose: 0 : 31788, 14, 2024/03/26, 14:21:38.843, 210346471406, vstest.console.dll, TcpClientExtensions.MessageLoopAsync: NotifyDataAvailable remoteEndPoint: 127.0.0.1:64820 localEndPoint: 127.0.0.1:64819
TpTrace Verbose: 0 : 31788, 14, 2024/03/26, 14:21:38.843, 210346474713, vstest.console.dll, TestRequestSender.OnExecutionMessageReceived: Received message: {"Version":7,"MessageType":"TestSession.Message","Payload":{"MessageLevel":0,"Message":"   NUnit failed to load C:\\Users\\A115TW\\source\\repos\\P7_API_REST\\P7CreateRestApi.TestIntegration\\bin\\Debug\\net8.0\\fine-code-coverage\\build-output\\P7CreateRestApi.TestIntegration.dll"}}
TpTrace Verbose: 0 : 31788, 14, 2024/03/26, 14:21:38.844, 210346477554, vstest.console.dll, TestRunRequest:SendTestRunMessage: Starting.
TpTrace Verbose: 0 : 31788, 14, 2024/03/26, 14:21:38.844, 210346478420, vstest.console.dll, MulticastDelegateUtilities.SafeInvoke: TestRun.LogMessages: Invoking callback 1/1 for Microsoft.VisualStudio.TestPlatform.CommandLine.TestRunResultAggregator., took 0 ms.
TpTrace Information: 0 : 31788, 14, 2024/03/26, 14:21:38.844, 210346478597, vstest.console.dll, TestRunRequest:SendTestRunMessage: Completed.
TpTrace Verbose: 0 : 31788, 14, 2024/03/26, 14:21:38.844, 210346478809, vstest.console.dll, MulticastDelegateUtilities.SafeInvoke: LengthPrefixCommunicationChannel: MessageReceived: Invoking callback 1/1 for Microsoft.VisualStudio.TestPlatform.CommunicationUtilities.TestRequestSender+<>c__DisplayClass34_0., took 0 ms.
TpTrace Verbose: 0 : 31788, 14, 2024/03/26, 14:21:38.844, 210346479017, vstest.console.dll, TcpClientExtensions.MessageLoopAsync: Polling on remoteEndPoint: 127.0.0.1:64820 localEndPoint: 127.0.0.1:64819
TpTrace Verbose: 0 : 31788, 5, 2024/03/26, 14:21:38.844, 210346479353, vstest.console.dll, MulticastDelegateUtilities.SafeInvoke: InternalTestLoggerEvents.SendTestRunMessage: Invoking callback 1/1 for Microsoft.VisualStudio.TestPlatform.CommandLine.Internal.ConsoleLogger., took 0 ms.
TpTrace Verbose: 0 : 31788, 14, 2024/03/26, 14:21:38.844, 210346481798, vstest.console.dll, TcpClientExtensions.MessageLoopAsync: NotifyDataAvailable remoteEndPoint: 127.0.0.1:64820 localEndPoint: 127.0.0.1:64819
TpTrace Verbose: 0 : 31788, 14, 2024/03/26, 14:21:38.844, 210346482491, vstest.console.dll, TestRequestSender.OnExecutionMessageReceived: Received message: {"Version":7,"MessageType":"TestSession.Message","Payload":{"MessageLevel":0,"Message":"NUnit Adapter 4.2.0.0: Test execution complete"}}
TpTrace Verbose: 0 : 31788, 14, 2024/03/26, 14:21:38.844, 210346483161, vstest.console.dll, TestRunRequest:SendTestRunMessage: Starting.
TpTrace Verbose: 0 : 31788, 14, 2024/03/26, 14:21:38.844, 210346483417, vstest.console.dll, MulticastDelegateUtilities.SafeInvoke: TestRun.LogMessages: Invoking callback 1/1 for Microsoft.VisualStudio.TestPlatform.CommandLine.TestRunResultAggregator., took 0 ms.
TpTrace Information: 0 : 31788, 14, 2024/03/26, 14:21:38.844, 210346483573, vstest.console.dll, TestRunRequest:SendTestRunMessage: Completed.
TpTrace Verbose: 0 : 31788, 14, 2024/03/26, 14:21:38.844, 210346483723, vstest.console.dll, MulticastDelegateUtilities.SafeInvoke: LengthPrefixCommunicationChannel: MessageReceived: Invoking callback 1/1 for Microsoft.VisualStudio.TestPlatform.CommunicationUtilities.TestRequestSender+<>c__DisplayClass34_0., took 0 ms.
TpTrace Verbose: 0 : 31788, 14, 2024/03/26, 14:21:38.844, 210346483897, vstest.console.dll, TcpClientExtensions.MessageLoopAsync: Polling on remoteEndPoint: 127.0.0.1:64820 localEndPoint: 127.0.0.1:64819
TpTrace Verbose: 0 : 31788, 5, 2024/03/26, 14:21:38.844, 210346484265, vstest.console.dll, MulticastDelegateUtilities.SafeInvoke: InternalTestLoggerEvents.SendTestRunMessage: Invoking callback 1/1 for Microsoft.VisualStudio.TestPlatform.CommandLine.Internal.ConsoleLogger., took 0 ms.
TpTrace Verbose: 0 : 31788, 14, 2024/03/26, 14:21:38.846, 210346504481, vstest.console.dll, TcpClientExtensions.MessageLoopAsync: NotifyDataAvailable remoteEndPoint: 127.0.0.1:64820 localEndPoint: 127.0.0.1:64819
TpTrace Verbose: 0 : 31788, 14, 2024/03/26, 14:21:38.847, 210346508032, vstest.console.dll, TestRequestSender.OnExecutionMessageReceived: Received message: {"Version":7,"MessageType":"TestSession.Message","Payload":{"MessageLevel":1,"Message":"Aucun test n'est disponible dans C:\\Users\\A115TW\\source\\repos\\P7_API_REST\\P7CreateRestApi.TestIntegration\\bin\\Debug\\net8.0\\fine-code-coverage\\build-output\\P7CreateRestApi.TestIntegration.dll. Vérifiez que les découvreurs et exécuteurs de tests sont inscrits. Vérifiez également que les paramètres de version de plateforme et de framework sont appropriés, puis réessayez."}}
TpTrace Verbose: 0 : 31788, 14, 2024/03/26, 14:21:38.847, 210346512507, vstest.console.dll, TestRunRequest:SendTestRunMessage: Starting.
TpTrace Verbose: 0 : 31788, 14, 2024/03/26, 14:21:38.847, 210346514134, vstest.console.dll, MulticastDelegateUtilities.SafeInvoke: TestRun.LogMessages: Invoking callback 1/1 for Microsoft.VisualStudio.TestPlatform.CommandLine.TestRunResultAggregator., took 0 ms.
TpTrace Information: 0 : 31788, 14, 2024/03/26, 14:21:38.847, 210346514439, vstest.console.dll, TestRunRequest:SendTestRunMessage: Completed.
TpTrace Verbose: 0 : 31788, 14, 2024/03/26, 14:21:38.847, 210346514601, vstest.console.dll, MulticastDelegateUtilities.SafeInvoke: LengthPrefixCommunicationChannel: MessageReceived: Invoking callback 1/1 for Microsoft.VisualStudio.TestPlatform.CommunicationUtilities.TestRequestSender+<>c__DisplayClass34_0., took 0 ms.
TpTrace Verbose: 0 : 31788, 14, 2024/03/26, 14:21:38.847, 210346514790, vstest.console.dll, TcpClientExtensions.MessageLoopAsync: Polling on remoteEndPoint: 127.0.0.1:64820 localEndPoint: 127.0.0.1:64819
TpTrace Verbose: 0 : 31788, 5, 2024/03/26, 14:21:38.848, 210346517090, vstest.console.dll, MulticastDelegateUtilities.SafeInvoke: InternalTestLoggerEvents.SendTestRunMessage: Invoking callback 1/1 for Microsoft.VisualStudio.TestPlatform.CommandLine.Internal.ConsoleLogger., took 0 ms.
TpTrace Verbose: 0 : 31788, 14, 2024/03/26, 14:21:38.863, 210346675232, vstest.console.dll, TcpClientExtensions.MessageLoopAsync: NotifyDataAvailable remoteEndPoint: 127.0.0.1:64820 localEndPoint: 127.0.0.1:64819
TpTrace Verbose: 0 : 31788, 14, 2024/03/26, 14:21:38.864, 210346677003, vstest.console.dll, TestRequestSender.OnExecutionMessageReceived: Received message: {"Version":7,"MessageType":"TestExecution.Completed","Payload":{"TestRunCompleteArgs":{"TestRunStatistics":{"ExecutedTests":0,"Stats":{}},"IsCanceled":false,"IsAborted":false,"Error":null,"AttachmentSets":[],"InvokedDataCollectors":[],"ElapsedTimeInRunningTests":"00:00:00.3050417","Metrics":{},"DiscoveredExtensions":{"TestDiscoverers":["NUnit.VisualStudio.TestAdapter.NUnit3TestDiscoverer, NUnit3.TestAdapter, Version=4.2.0.0, Culture=neutral, PublicKeyToken=4cb40d35494691ac"],"TestExecutors":["executor://NUnit3TestExecutor"],"TestExecutors2":[],"TestSettingsProviders":[]}},"LastRunTests":{"NewTestResults":[],"TestRunStatistics":{"ExecutedTests":0,"Stats":{}},"ActiveTests":[]},"RunAttachments":[],"ExecutorUris":[]}}
TpTrace Verbose: 0 : 31788, 14, 2024/03/26, 14:21:38.864, 210346677675, vstest.console.dll, TestRequestSender.EndSession: Sending end session.
TpTrace Verbose: 0 : 31788, 14, 2024/03/26, 14:21:38.864, 210346678959, vstest.console.dll, ProxyOperationManager.Close: waiting for test host to exit for 100 ms
TpTrace Verbose: 0 : 31788, 13, 2024/03/26, 14:21:38.885, 210346887728, vstest.console.dll, TestHostManagerCallbacks.ctor: Experimental forwarding output is disabled.
TpTrace Warning: 0 : 31788, 13, 2024/03/26, 14:21:38.885, 210346890196, vstest.console.dll, TestHostManagerCallbacks.ErrorReceivedCallback Test host standard error line: 
TpTrace Verbose: 0 : 31788, 13, 2024/03/26, 14:21:38.890, 210346937869, vstest.console.dll, TestHostProvider.ExitCallBack: Host exited starting callback.
TpTrace Information: 0 : 31788, 13, 2024/03/26, 14:21:38.890, 210346939146, vstest.console.dll, TestHostManagerCallbacks.ExitCallBack: Testhost processId: 27028 exited with exitcode: 0 error: ''
TpTrace Verbose: 0 : 31788, 13, 2024/03/26, 14:21:38.890, 210346939418, vstest.console.dll, DotnetTestHostManager.OnHostExited: invoking OnHostExited callback
TpTrace Verbose: 0 : 31788, 13, 2024/03/26, 14:21:38.890, 210346939748, vstest.console.dll, CrossPlatEngine.TestHostManagerHostExited: calling on client process exit callback.
TpTrace Information: 0 : 31788, 13, 2024/03/26, 14:21:38.890, 210346940015, vstest.console.dll, TestRequestSender.OnClientProcessExit: Test host process exited. Standard error: 
TpTrace Information: 0 : 31788, 13, 2024/03/26, 14:21:38.890, 210346940201, vstest.console.dll, SocketServer.Stop: Stop server endPoint: 127.0.0.1:64819
TpTrace Information: 0 : 31788, 13, 2024/03/26, 14:21:38.890, 210346940329, vstest.console.dll, SocketServer.Stop: Cancellation requested. Stopping message loop.
TpTrace Verbose: 0 : 31788, 13, 2024/03/26, 14:21:38.890, 210346940867, vstest.console.dll, MulticastDelegateUtilities.SafeInvoke: HostProviderEvents.OnHostExited: Invoking callback 1/1 for Microsoft.VisualStudio.TestPlatform.CrossPlatEngine.Client.ProxyOperationManager., took 0 ms.
TpTrace Information: 0 : 31788, 14, 2024/03/26, 14:21:38.890, 210346940887, vstest.console.dll, SocketServer.Stop: Stop server endPoint: 127.0.0.1:64819
TpTrace Information: 0 : 31788, 14, 2024/03/26, 14:21:38.890, 210346941885, vstest.console.dll, SocketServer.Stop: Cancellation requested. Stopping message loop.
TpTrace Information: 0 : 31788, 14, 2024/03/26, 14:21:38.890, 210346942151, vstest.console.dll, Closing the connection
TpTrace Verbose: 0 : 31788, 14, 2024/03/26, 14:21:38.890, 210346943359, vstest.console.dll, ProxyDataCollectionManager.InvokeDataCollectionServiceAction: Starting.
TpTrace Information: 0 : 31788, 14, 2024/03/26, 14:21:38.890, 210346944037, vstest.console.dll, ProxyDataCollectionManager.AfterTestRunEnd: Get attachment set and invoked data collectors processId: 24220 port: 64816
TpTrace Verbose: 0 : 31788, 14, 2024/03/26, 14:21:38.890, 210346944318, vstest.console.dll, DataCollectionRequestSender.SendAfterTestRunStartAndGetResult: Send AfterTestRunEnd message with isCancelled: False
TpTrace Verbose: 0 : 31788, 14, 2024/03/26, 14:21:38.895, 210346986063, vstest.console.dll, DataCollectionRequestSender.SendAfterTestRunStartAndGetResult: Received message: (DataCollection.AfterTestRunEndResult) -> {"MessageType":"DataCollection.AfterTestRunEndResult","Payload":{"AttachmentSets":[],"InvokedDataCollectors":[{"Uri":"datacollector://Microsoft/TestPlatform/Extensions/Blame/v1","FriendlyName":"Blame","AssemblyQualifiedName":"Microsoft.TestPlatform.Extensions.BlameDataCollector.BlameCollector, Microsoft.TestPlatform.Extensions.BlameDataCollector, Version=15.0.0.0, Culture=neutral, PublicKeyToken=b03f5f7f11d50a3a","FilePath":"C:\\Program Files\\dotnet\\sdk\\8.0.103\\Extensions\\Microsoft.TestPlatform.Extensions.BlameDataCollector.dll","HasAttachmentProcessor":false}],"Metrics":{}}}
TpTrace Information: 0 : 31788, 14, 2024/03/26, 14:21:38.900, 210347035707, vstest.console.dll, ProxyDataCollectionManager.InvokeDataCollectionServiceAction: Completed.
TpTrace Warning: 0 : 31788, 11, 2024/03/26, 14:21:38.910, 210347144330, vstest.console.dll, DataCollectionLauncher.ErrorReceivedCallback datacollector standard error line: 
TpTrace Information: 0 : 31788, 11, 2024/03/26, 14:21:38.914, 210347184723, vstest.console.dll, DataCollectionLauncher.ExitCallBack: Data collector exited with exitcode: 0 error: ''
TpTrace Verbose: 0 : 31788, 14, 2024/03/26, 14:21:38.919, 210347226400, vstest.console.dll, TestRunRequest:SendTestRunStatsChange: Starting.
TpTrace Verbose: 0 : 31788, 14, 2024/03/26, 14:21:38.919, 210347227622, vstest.console.dll, MulticastDelegateUtilities.SafeInvoke: TestRun.RunStatsChanged: Invoking callbacks was skipped because there are no subscribers.
TpTrace Information: 0 : 31788, 14, 2024/03/26, 14:21:38.919, 210347227836, vstest.console.dll, TestRunRequest:SendTestRunStatsChange: Completed.
TpTrace Verbose: 0 : 31788, 14, 2024/03/26, 14:21:38.919, 210347229437, vstest.console.dll, ParallelProxyExecutionManager: HandlePartialRunComplete: Total workloads = 1, Total started clients = 1 Total completed clients = 1, Run complete = True, Run canceled: False.
TpTrace Verbose: 0 : 31788, 14, 2024/03/26, 14:21:38.919, 210347229688, vstest.console.dll, ParallelProxyExecutionManager: HandlePartialRunComplete: All runs completed stopping all managers.
TpTrace Verbose: 0 : 31788, 14, 2024/03/26, 14:21:38.919, 210347229872, vstest.console.dll, ParallelOperationManager.StopAllManagers: Stopping all managers.
TpTrace Verbose: 0 : 31788, 14, 2024/03/26, 14:21:38.919, 210347230027, vstest.console.dll, ParallelOperationManager.ClearSlots: Clearing all slots. Slots should accept more work: False
TpTrace Verbose: 0 : 31788, 14, 2024/03/26, 14:21:38.919, 210347230221, vstest.console.dll, ParallelOperationManager.SetOccupiedSlotCount: Setting slot counts AvailableSlotCount = 1, OccupiedSlotCount = 0.
TpTrace Verbose: 0 : 31788, 14, 2024/03/26, 14:21:38.919, 210347230398, vstest.console.dll, Occupied slots:

TpTrace Verbose: 0 : 31788, 5, 2024/03/26, 14:21:38.923, 210347269847, vstest.console.dll, MulticastDelegateUtilities.SafeInvoke: InternalTestLoggerEvents.SendTestRunComplete: Invoking callback 1/2 for Microsoft.TestPlatform.Extensions.BlameDataCollector.BlameLogger., took 0 ms.
TpTrace Verbose: 0 : 31788, 5, 2024/03/26, 14:21:38.925, 210347291079, vstest.console.dll, MulticastDelegateUtilities.SafeInvoke: InternalTestLoggerEvents.SendTestRunComplete: Invoking callback 2/2 for Microsoft.VisualStudio.TestPlatform.CommandLine.Internal.ConsoleLogger., took 2 ms.
TpTrace Verbose: 0 : 31788, 14, 2024/03/26, 14:21:38.925, 210347295139, vstest.console.dll, TestRunRequest:TestRunComplete: Starting. IsAborted:False IsCanceled:False.
TpTrace Verbose: 0 : 31788, 14, 2024/03/26, 14:21:38.926, 210347296571, vstest.console.dll, ParallelOperationManager.DoActionOnAllManagers: Calling an action on all managers.
TpTrace Verbose: 0 : 31788, 14, 2024/03/26, 14:21:38.926, 210347301358, vstest.console.dll, TestLoggerManager.HandleTestRunComplete: Ignoring as the object is disposed.
TpTrace Verbose: 0 : 31788, 14, 2024/03/26, 14:21:38.926, 210347304994, vstest.console.dll, MulticastDelegateUtilities.SafeInvoke: TestRun.TestRunComplete: Invoking callback 1/2 for Microsoft.VisualStudio.TestPlatform.CommandLine.TestRunResultAggregator., took 0 ms.
TpTrace Verbose: 0 : 31788, 14, 2024/03/26, 14:21:38.927, 210347306546, vstest.console.dll, MulticastDelegateUtilities.SafeInvoke: TestRun.TestRunComplete: Invoking callback 2/2 for Microsoft.VisualStudio.TestPlatform.CommandLine.Processors.RunTestsArgumentExecutor+TestRunRequestEventsRegistrar., took 0 ms.
TpTrace Information: 0 : 31788, 14, 2024/03/26, 14:21:38.927, 210347307232, vstest.console.dll, TestRunRequest:TestRunComplete: Completed.
TpTrace Verbose: 0 : 31788, 14, 2024/03/26, 14:21:38.927, 210347307524, vstest.console.dll, TestRequestSender.SetOperationComplete: Setting operation complete.
TpTrace Information: 0 : 31788, 14, 2024/03/26, 14:21:38.927, 210347307679, vstest.console.dll, SocketServer.Stop: Stop server endPoint: 127.0.0.1:64819
TpTrace Information: 0 : 31788, 14, 2024/03/26, 14:21:38.927, 210347307809, vstest.console.dll, SocketServer.Stop: Cancellation requested. Stopping message loop.
TpTrace Verbose: 0 : 31788, 14, 2024/03/26, 14:21:38.927, 210347307993, vstest.console.dll, MulticastDelegateUtilities.SafeInvoke: LengthPrefixCommunicationChannel: MessageReceived: Invoking callback 1/1 for Microsoft.VisualStudio.TestPlatform.CommunicationUtilities.TestRequestSender+<>c__DisplayClass34_0., took 63 ms.
TpTrace Information: 0 : 31788, 14, 2024/03/26, 14:21:38.927, 210347308220, vstest.console.dll, SocketServer.PrivateStop: Stopping server endPoint: 127.0.0.1:64819 error: 
TpTrace Verbose: 0 : 31788, 1, 2024/03/26, 14:21:38.927, 210347308579, vstest.console.dll, TestRunRequest.Dispose: Starting.
TpTrace Information: 0 : 31788, 1, 2024/03/26, 14:21:38.927, 210347310523, vstest.console.dll, TestRunRequest.Dispose: Completed.
TpTrace Verbose: 0 : 31788, 14, 2024/03/26, 14:21:38.927, 210347311616, vstest.console.dll, LengthPrefixCommunicationChannel.Dispose: Dispose reader and writer.
TpTrace Information: 0 : 31788, 1, 2024/03/26, 14:21:38.927, 210347311876, vstest.console.dll, TestRequestManager.RunTests: run tests completed.
TpTrace Information: 0 : 31788, 14, 2024/03/26, 14:21:38.927, 210347312160, vstest.console.dll, SocketServer.Stop: Raise disconnected event endPoint: 127.0.0.1:64819 error: 
TpTrace Verbose: 0 : 31788, 14, 2024/03/26, 14:21:38.927, 210347313988, vstest.console.dll, TestRequestSender: OnTestRunAbort: Operation is already complete. Skip error message.
TpTrace Information: 0 : 31788, 1, 2024/03/26, 14:21:38.927, 210347313921, vstest.console.dll, RunTestsArgumentProcessor:Execute: Test run is completed.
TpTrace Verbose: 0 : 31788, 14, 2024/03/26, 14:21:38.927, 210347314301, vstest.console.dll, MulticastDelegateUtilities.SafeInvoke: SocketServer: ClientDisconnected: Invoking callback 1/1 for Microsoft.VisualStudio.TestPlatform.CommunicationUtilities.TestRequestSender., took 0 ms.
TpTrace Verbose: 0 : 31788, 1, 2024/03/26, 14:21:38.928, 210347316496, vstest.console.dll, Executor.Execute: Exiting with exit code of 0
TpTrace Verbose: 0 : 31788, 14, 2024/03/26, 14:21:38.928, 210347316924, vstest.console.dll, TcpClientExtensions.MessageLoopAsync: exiting MessageLoopAsync remoteEndPoint: 127.0.0.1:64820 localEndPoint: 127.0.0.1:64819
