TpTrace Verbose: 0 : 3276, 1, 2024/03/27, 08:20:51.885, 20406890085, vstest.console.dll, Version: 17.8.0-release-23615-02 Current process architecture: X64
TpTrace Verbose: 0 : 3276, 1, 2024/03/27, 08:20:51.887, 20406908827, vstest.console.dll, Runtime location: C:\Program Files\dotnet\shared\Microsoft.NETCore.App\8.0.3
TpTrace Verbose: 0 : 3276, 1, 2024/03/27, 08:20:51.890, 20406936616, vstest.console.dll, ArtifactProcessingPostProcessModeProcessorExecutor.Initialize: ArtifactProcessingMode.Collect
TpTrace Verbose: 0 : 3276, 1, 2024/03/27, 08:20:51.890, 20406937917, vstest.console.dll, TestSessionCorrelationIdProcessorModeProcessorExecutor.Initialize: TestSessionCorrelationId '26548_a6d5d3bf-c1a2-42bb-8652-e98229b20801'
TpTrace Information: 0 : 3276, 1, 2024/03/27, 08:20:51.899, 20407023930, vstest.console.dll, FilePatternParser: The given file C:\Users\A115TW\source\repos\P7_API_REST\P7CreateRestApiMSTEST\bin\Debug\net8.0\fine-code-coverage\build-output\P7CreateRestApiMSTEST.dll is a full path.
TpTrace Verbose: 0 : 3276, 1, 2024/03/27, 08:20:51.905, 20407092365, vstest.console.dll, TestPluginCache.DiscoverTestExtensions: finding test extensions in assemblies ends with: RuntimeProvider.dll TPluginInfo: Microsoft.VisualStudio.TestPlatform.Common.ExtensionFramework.Utilities.TestRuntimePluginInformation TExtension: Microsoft.VisualStudio.TestPlatform.ObjectModel.Host.ITestRuntimeProvider
TpTrace Verbose: 0 : 3276, 1, 2024/03/27, 08:20:51.907, 20407113521, vstest.console.dll, TestPluginCache.GetExtensionPaths: Filtered extension paths: 
TpTrace Verbose: 0 : 3276, 1, 2024/03/27, 08:20:51.908, 20407115064, vstest.console.dll, TestPluginCache.GetExtensionPaths: Added default extension paths: C:\Program Files\dotnet\sdk\8.0.103\Extensions\Microsoft.Diagnostics.NETCore.Client.dll
C:\Program Files\dotnet\sdk\8.0.103\Extensions\Microsoft.TestPlatform.Extensions.BlameDataCollector.dll
C:\Program Files\dotnet\sdk\8.0.103\Extensions\Microsoft.TestPlatform.Extensions.EventLogCollector.dll
C:\Program Files\dotnet\sdk\8.0.103\Extensions\Microsoft.TestPlatform.TestHostRuntimeProvider.dll
C:\Program Files\dotnet\sdk\8.0.103\Extensions\Microsoft.VisualStudio.TestPlatform.Extensions.Html.TestLogger.dll
C:\Program Files\dotnet\sdk\8.0.103\Extensions\Microsoft.VisualStudio.TestPlatform.Extensions.Trx.TestLogger.dll
TpTrace Verbose: 0 : 3276, 1, 2024/03/27, 08:20:51.908, 20407115592, vstest.console.dll, TestPluginCache.GetExtensionPaths: Added unfilterableExtensionPaths: 
TpTrace Information: 0 : 3276, 1, 2024/03/27, 08:20:51.908, 20407122897, vstest.console.dll, AssemblyResolver.ctor: Creating AssemblyResolver with searchDirectories C:\Program Files\dotnet\sdk\8.0.103\Extensions,C:\Program Files\dotnet\sdk\8.0.103
TpTrace Verbose: 0 : 3276, 1, 2024/03/27, 08:20:51.910, 20407141240, vstest.console.dll, TestPluginCache.DiscoverTestExtensions: Discovering the extensions using extension path.
TpTrace Verbose: 0 : 3276, 1, 2024/03/27, 08:20:51.910, 20407143242, vstest.console.dll, TestPluginCache.GetExtensionPaths: Filtered extension paths: 
TpTrace Verbose: 0 : 3276, 1, 2024/03/27, 08:20:51.910, 20407143633, vstest.console.dll, TestPluginCache.GetExtensionPaths: Added default extension paths: C:\Program Files\dotnet\sdk\8.0.103\Extensions\Microsoft.Diagnostics.NETCore.Client.dll
C:\Program Files\dotnet\sdk\8.0.103\Extensions\Microsoft.TestPlatform.Extensions.BlameDataCollector.dll
C:\Program Files\dotnet\sdk\8.0.103\Extensions\Microsoft.TestPlatform.Extensions.EventLogCollector.dll
C:\Program Files\dotnet\sdk\8.0.103\Extensions\Microsoft.TestPlatform.TestHostRuntimeProvider.dll
C:\Program Files\dotnet\sdk\8.0.103\Extensions\Microsoft.VisualStudio.TestPlatform.Extensions.Html.TestLogger.dll
C:\Program Files\dotnet\sdk\8.0.103\Extensions\Microsoft.VisualStudio.TestPlatform.Extensions.Trx.TestLogger.dll
TpTrace Verbose: 0 : 3276, 1, 2024/03/27, 08:20:51.911, 20407143796, vstest.console.dll, TestPluginCache.GetExtensionPaths: Added unfilterableExtensionPaths: 
TpTrace Verbose: 0 : 3276, 1, 2024/03/27, 08:20:51.911, 20407144180, vstest.console.dll, TestPluginCache.DiscoverTestExtensions: Discovering the extensions using allExtensionPaths: C:\Program Files\dotnet\sdk\8.0.103\Extensions\Microsoft.Diagnostics.NETCore.Client.dll
C:\Program Files\dotnet\sdk\8.0.103\Extensions\Microsoft.TestPlatform.Extensions.BlameDataCollector.dll
C:\Program Files\dotnet\sdk\8.0.103\Extensions\Microsoft.TestPlatform.Extensions.EventLogCollector.dll
C:\Program Files\dotnet\sdk\8.0.103\Extensions\Microsoft.TestPlatform.TestHostRuntimeProvider.dll
C:\Program Files\dotnet\sdk\8.0.103\Extensions\Microsoft.VisualStudio.TestPlatform.Extensions.Html.TestLogger.dll
C:\Program Files\dotnet\sdk\8.0.103\Extensions\Microsoft.VisualStudio.TestPlatform.Extensions.Trx.TestLogger.dll
TpTrace Information: 0 : 3276, 1, 2024/03/27, 08:20:51.911, 20407145192, vstest.console.dll, AssemblyResolver.AddSearchDirectories: Adding more searchDirectories C:\Program Files\dotnet\sdk\8.0.103\Extensions,C:\Program Files\dotnet\sdk\8.0.103
TpTrace Information: 0 : 3276, 1, 2024/03/27, 08:20:51.911, 20407145494, vstest.console.dll, AssemblyResolver.AddSearchDirectories: Adding more searchDirectories C:\Program Files\dotnet\sdk\8.0.103\Extensions,C:\Program Files\dotnet\sdk\8.0.103
TpTrace Information: 0 : 3276, 1, 2024/03/27, 08:20:51.911, 20407145670, vstest.console.dll, AssemblyResolver.AddSearchDirectories: Adding more searchDirectories C:\Program Files\dotnet\sdk\8.0.103\Extensions,C:\Program Files\dotnet\sdk\8.0.103
TpTrace Information: 0 : 3276, 1, 2024/03/27, 08:20:51.911, 20407145808, vstest.console.dll, AssemblyResolver.AddSearchDirectories: Adding more searchDirectories C:\Program Files\dotnet\sdk\8.0.103\Extensions,C:\Program Files\dotnet\sdk\8.0.103
TpTrace Information: 0 : 3276, 1, 2024/03/27, 08:20:51.911, 20407145968, vstest.console.dll, AssemblyResolver.AddSearchDirectories: Adding more searchDirectories C:\Program Files\dotnet\sdk\8.0.103\Extensions,C:\Program Files\dotnet\sdk\8.0.103
TpTrace Information: 0 : 3276, 1, 2024/03/27, 08:20:51.911, 20407146176, vstest.console.dll, AssemblyResolver.AddSearchDirectories: Adding more searchDirectories C:\Program Files\dotnet\sdk\8.0.103\Extensions,C:\Program Files\dotnet\sdk\8.0.103
TpTrace Information: 0 : 3276, 1, 2024/03/27, 08:20:51.911, 20407148877, vstest.console.dll, AssemblyResolver.OnResolve: Microsoft.Diagnostics.NETCore.Client: Resolving assembly.
TpTrace Information: 0 : 3276, 1, 2024/03/27, 08:20:51.911, 20407149791, vstest.console.dll, AssemblyResolver.OnResolve: Microsoft.Diagnostics.NETCore.Client: Searching in: 'C:\Program Files\dotnet\sdk\8.0.103\Extensions'.
TpTrace Information: 0 : 3276, 1, 2024/03/27, 08:20:51.920, 20407241321, vstest.console.dll, AssemblyResolver.OnResolve: Microsoft.Diagnostics.NETCore.Client: Loading assembly 'C:\Program Files\dotnet\sdk\8.0.103\Extensions\Microsoft.Diagnostics.NETCore.Client.dll'.
TpTrace Information: 0 : 3276, 1, 2024/03/27, 08:20:51.922, 20407255156, vstest.console.dll, AssemblyResolver.OnResolve: Resolved assembly: Microsoft.Diagnostics.NETCore.Client, from path: C:\Program Files\dotnet\sdk\8.0.103\Extensions\Microsoft.Diagnostics.NETCore.Client.dll
TpTrace Verbose: 0 : 3276, 1, 2024/03/27, 08:20:51.925, 20407292298, vstest.console.dll, MetadataReaderExtensionsHelper: Discovering extensions inside assembly 'Microsoft.Diagnostics.NETCore.Client, Version=0.2.8.21101, Culture=neutral, PublicKeyToken=31bf3856ad364e35' file path 'C:\Program Files\dotnet\sdk\8.0.103\Extensions\Microsoft.Diagnostics.NETCore.Client.dll'
TpTrace Information: 0 : 3276, 1, 2024/03/27, 08:20:51.931, 20407347049, vstest.console.dll, AssemblyResolver.OnResolve: Microsoft.Bcl.AsyncInterfaces: Resolving assembly.
TpTrace Information: 0 : 3276, 1, 2024/03/27, 08:20:51.931, 20407348030, vstest.console.dll, AssemblyResolver.OnResolve: Microsoft.Bcl.AsyncInterfaces: Searching in: 'C:\Program Files\dotnet\sdk\8.0.103\Extensions'.
TpTrace Information: 0 : 3276, 1, 2024/03/27, 08:20:51.931, 20407348822, vstest.console.dll, AssemblyResolver.OnResolve: Microsoft.Bcl.AsyncInterfaces: Assembly path does not exist: 'C:\Program Files\dotnet\sdk\8.0.103\Extensions\Microsoft.Bcl.AsyncInterfaces.dll', returning.
TpTrace Information: 0 : 3276, 1, 2024/03/27, 08:20:51.931, 20407349642, vstest.console.dll, AssemblyResolver.OnResolve: Microsoft.Bcl.AsyncInterfaces: Assembly path does not exist: 'C:\Program Files\dotnet\sdk\8.0.103\Extensions\Microsoft.Bcl.AsyncInterfaces.exe', returning.
TpTrace Information: 0 : 3276, 1, 2024/03/27, 08:20:51.931, 20407349830, vstest.console.dll, AssemblyResolver.OnResolve: Microsoft.Bcl.AsyncInterfaces: Searching in: 'C:\Program Files\dotnet\sdk\8.0.103'.
TpTrace Information: 0 : 3276, 1, 2024/03/27, 08:20:51.931, 20407350344, vstest.console.dll, AssemblyResolver.OnResolve: Microsoft.Bcl.AsyncInterfaces: Assembly path does not exist: 'C:\Program Files\dotnet\sdk\8.0.103\Microsoft.Bcl.AsyncInterfaces.dll', returning.
TpTrace Information: 0 : 3276, 1, 2024/03/27, 08:20:51.931, 20407350702, vstest.console.dll, AssemblyResolver.OnResolve: Microsoft.Bcl.AsyncInterfaces: Assembly path does not exist: 'C:\Program Files\dotnet\sdk\8.0.103\Microsoft.Bcl.AsyncInterfaces.exe', returning.
TpTrace Information: 0 : 3276, 1, 2024/03/27, 08:20:51.931, 20407350838, vstest.console.dll, AssemblyResolver.OnResolve: Microsoft.Bcl.AsyncInterfaces: Failed to load assembly.
TpTrace Verbose: 0 : 3276, 1, 2024/03/27, 08:20:51.931, 20407351057, vstest.console.dll, CurrentDomainAssemblyResolve: Resolving assembly 'Microsoft.Bcl.AsyncInterfaces'.
TpTrace Information: 0 : 3276, 1, 2024/03/27, 08:20:51.931, 20407351437, vstest.console.dll, AssemblyResolver.OnResolve: Microsoft.Bcl.AsyncInterfaces: Resolving assembly.
TpTrace Information: 0 : 3276, 1, 2024/03/27, 08:20:51.931, 20407351661, vstest.console.dll, AssemblyResolver.OnResolve: Microsoft.Bcl.AsyncInterfaces: Resolved from cache.
TpTrace Verbose: 0 : 3276, 1, 2024/03/27, 08:20:51.931, 20407351784, vstest.console.dll, CurrentDomainAssemblyResolve: Resolving assembly 'Microsoft.Bcl.AsyncInterfaces'.
TpTrace Verbose: 0 : 3276, 1, 2024/03/27, 08:20:51.931, 20407351963, vstest.console.dll, CurrentDomainAssemblyResolve: Failed to resolve assembly 'Microsoft.Bcl.AsyncInterfaces'.
TpTrace Verbose: 0 : 3276, 1, 2024/03/27, 08:20:51.933, 20407366834, vstest.console.dll, CurrentDomainAssemblyResolve: Failed to resolve assembly 'Microsoft.Bcl.AsyncInterfaces'.
TpTrace Warning: 0 : 3276, 1, 2024/03/27, 08:20:51.942, 20407454965, vstest.console.dll, TestPluginDiscoverer: Failed to get types from assembly 'Microsoft.Diagnostics.NETCore.Client, Version=0.2.8.21101, Culture=neutral, PublicKeyToken=31bf3856ad364e35'. Error: System.Reflection.ReflectionTypeLoadException: Unable to load one or more of the requested types.
Could not load file or assembly 'Microsoft.Bcl.AsyncInterfaces, Version=1.0.0.0, Culture=neutral, PublicKeyToken=cc7b13ffcd2ddd51'. Le fichier spécifié est introuvable.
   at System.Reflection.RuntimeModule.GetTypes(RuntimeModule module)
   at System.Reflection.RuntimeModule.GetTypes()
   at Microsoft.VisualStudio.TestPlatform.Common.ExtensionFramework.TestPluginDiscoverer.GetTestExtensionsFromAssembly[TPluginInfo,TExtension](Assembly assembly, Dictionary`2 pluginInfos, String filePath) in /_/src/Microsoft.TestPlatform.Common/ExtensionFramework/TestPluginDiscoverer.cs:line 158
System.IO.FileNotFoundException: Could not load file or assembly 'Microsoft.Bcl.AsyncInterfaces, Version=1.0.0.0, Culture=neutral, PublicKeyToken=cc7b13ffcd2ddd51'. Le fichier spécifié est introuvable.
File name: 'Microsoft.Bcl.AsyncInterfaces, Version=1.0.0.0, Culture=neutral, PublicKeyToken=cc7b13ffcd2ddd51'
 ---> System.IO.FileNotFoundException: Could not load file or assembly 'Microsoft.Bcl.AsyncInterfaces, Culture=neutral, PublicKeyToken=null'. Le fichier spécifié est introuvable.
File name: 'Microsoft.Bcl.AsyncInterfaces, Culture=neutral, PublicKeyToken=null'
   at System.Reflection.RuntimeAssembly.InternalLoad(AssemblyName assemblyName, StackCrawlMark& stackMark, AssemblyLoadContext assemblyLoadContext, RuntimeAssembly requestingAssembly, Boolean throwOnFileNotFound)
   at System.Reflection.Assembly.Load(AssemblyName assemblyRef)
   at Microsoft.VisualStudio.TestPlatform.Common.ExtensionFramework.TestPluginCache.CurrentDomainAssemblyResolve(Object sender, AssemblyResolveEventArgs args) in /_/src/Microsoft.TestPlatform.Common/ExtensionFramework/TestPluginCache.cs:line 513
   at System.Runtime.Loader.AssemblyLoadContext.GetFirstResolvedAssemblyFromResolvingEvent(AssemblyName assemblyName)
   at System.Runtime.Loader.AssemblyLoadContext.ResolveUsingEvent(AssemblyName assemblyName)
   at System.Runtime.Loader.AssemblyLoadContext.ResolveUsingResolvingEvent(IntPtr gchManagedAssemblyLoadContext, AssemblyName assemblyName)
TpTrace Warning: 0 : 3276, 1, 2024/03/27, 08:20:51.942, 20407457288, vstest.console.dll, LoaderExceptions: System.IO.FileNotFoundException: Could not load file or assembly 'Microsoft.Bcl.AsyncInterfaces, Version=1.0.0.0, Culture=neutral, PublicKeyToken=cc7b13ffcd2ddd51'. Le fichier spécifié est introuvable.
File name: 'Microsoft.Bcl.AsyncInterfaces, Version=1.0.0.0, Culture=neutral, PublicKeyToken=cc7b13ffcd2ddd51'
 ---> System.IO.FileNotFoundException: Could not load file or assembly 'Microsoft.Bcl.AsyncInterfaces, Culture=neutral, PublicKeyToken=null'. Le fichier spécifié est introuvable.
File name: 'Microsoft.Bcl.AsyncInterfaces, Culture=neutral, PublicKeyToken=null'
   at System.Reflection.RuntimeAssembly.InternalLoad(AssemblyName assemblyName, StackCrawlMark& stackMark, AssemblyLoadContext assemblyLoadContext, RuntimeAssembly requestingAssembly, Boolean throwOnFileNotFound)
   at System.Reflection.Assembly.Load(AssemblyName assemblyRef)
   at Microsoft.VisualStudio.TestPlatform.Common.ExtensionFramework.TestPluginCache.CurrentDomainAssemblyResolve(Object sender, AssemblyResolveEventArgs args) in /_/src/Microsoft.TestPlatform.Common/ExtensionFramework/TestPluginCache.cs:line 513
   at System.Runtime.Loader.AssemblyLoadContext.GetFirstResolvedAssemblyFromResolvingEvent(AssemblyName assemblyName)
   at System.Runtime.Loader.AssemblyLoadContext.ResolveUsingEvent(AssemblyName assemblyName)
   at System.Runtime.Loader.AssemblyLoadContext.ResolveUsingResolvingEvent(IntPtr gchManagedAssemblyLoadContext, AssemblyName assemblyName)
TpTrace Information: 0 : 3276, 1, 2024/03/27, 08:20:51.942, 20407458346, vstest.console.dll, AssemblyResolver.OnResolve: Microsoft.TestPlatform.Extensions.BlameDataCollector: Resolving assembly.
TpTrace Information: 0 : 3276, 1, 2024/03/27, 08:20:51.942, 20407458716, vstest.console.dll, AssemblyResolver.OnResolve: Microsoft.TestPlatform.Extensions.BlameDataCollector: Searching in: 'C:\Program Files\dotnet\sdk\8.0.103\Extensions'.
TpTrace Information: 0 : 3276, 1, 2024/03/27, 08:20:51.942, 20407461966, vstest.console.dll, AssemblyResolver.OnResolve: Microsoft.TestPlatform.Extensions.BlameDataCollector: Loading assembly 'C:\Program Files\dotnet\sdk\8.0.103\Extensions\Microsoft.TestPlatform.Extensions.BlameDataCollector.dll'.
TpTrace Information: 0 : 3276, 1, 2024/03/27, 08:20:51.943, 20407471881, vstest.console.dll, AssemblyResolver.OnResolve: Resolved assembly: Microsoft.TestPlatform.Extensions.BlameDataCollector, from path: C:\Program Files\dotnet\sdk\8.0.103\Extensions\Microsoft.TestPlatform.Extensions.BlameDataCollector.dll
TpTrace Verbose: 0 : 3276, 1, 2024/03/27, 08:20:51.943, 20407472572, vstest.console.dll, MetadataReaderExtensionsHelper: Discovering extensions inside assembly 'Microsoft.TestPlatform.Extensions.BlameDataCollector, Version=15.0.0.0, Culture=neutral, PublicKeyToken=b03f5f7f11d50a3a' file path 'C:\Program Files\dotnet\sdk\8.0.103\Extensions\Microsoft.TestPlatform.Extensions.BlameDataCollector.dll'
TpTrace Information: 0 : 3276, 1, 2024/03/27, 08:20:51.944, 20407482655, vstest.console.dll, AssemblyResolver.OnResolve: Microsoft.TestPlatform.Extensions.EventLogCollector: Resolving assembly.
TpTrace Information: 0 : 3276, 1, 2024/03/27, 08:20:51.944, 20407483278, vstest.console.dll, AssemblyResolver.OnResolve: Microsoft.TestPlatform.Extensions.EventLogCollector: Searching in: 'C:\Program Files\dotnet\sdk\8.0.103\Extensions'.
TpTrace Information: 0 : 3276, 1, 2024/03/27, 08:20:51.945, 20407485920, vstest.console.dll, AssemblyResolver.OnResolve: Microsoft.TestPlatform.Extensions.EventLogCollector: Loading assembly 'C:\Program Files\dotnet\sdk\8.0.103\Extensions\Microsoft.TestPlatform.Extensions.EventLogCollector.dll'.
TpTrace Information: 0 : 3276, 1, 2024/03/27, 08:20:51.946, 20407494346, vstest.console.dll, AssemblyResolver.OnResolve: Resolved assembly: Microsoft.TestPlatform.Extensions.EventLogCollector, from path: C:\Program Files\dotnet\sdk\8.0.103\Extensions\Microsoft.TestPlatform.Extensions.EventLogCollector.dll
TpTrace Verbose: 0 : 3276, 1, 2024/03/27, 08:20:51.946, 20407494904, vstest.console.dll, MetadataReaderExtensionsHelper: Discovering extensions inside assembly 'Microsoft.TestPlatform.Extensions.EventLogCollector, Version=15.0.0.0, Culture=neutral, PublicKeyToken=b03f5f7f11d50a3a' file path 'C:\Program Files\dotnet\sdk\8.0.103\Extensions\Microsoft.TestPlatform.Extensions.EventLogCollector.dll'
TpTrace Information: 0 : 3276, 1, 2024/03/27, 08:20:51.948, 20407519648, vstest.console.dll, AssemblyResolver.OnResolve: Microsoft.TestPlatform.TestHostRuntimeProvider: Resolving assembly.
TpTrace Information: 0 : 3276, 1, 2024/03/27, 08:20:51.948, 20407520410, vstest.console.dll, AssemblyResolver.OnResolve: Microsoft.TestPlatform.TestHostRuntimeProvider: Searching in: 'C:\Program Files\dotnet\sdk\8.0.103\Extensions'.
TpTrace Information: 0 : 3276, 1, 2024/03/27, 08:20:51.948, 20407523066, vstest.console.dll, AssemblyResolver.OnResolve: Microsoft.TestPlatform.TestHostRuntimeProvider: Loading assembly 'C:\Program Files\dotnet\sdk\8.0.103\Extensions\Microsoft.TestPlatform.TestHostRuntimeProvider.dll'.
TpTrace Information: 0 : 3276, 1, 2024/03/27, 08:20:51.949, 20407531555, vstest.console.dll, AssemblyResolver.OnResolve: Resolved assembly: Microsoft.TestPlatform.TestHostRuntimeProvider, from path: C:\Program Files\dotnet\sdk\8.0.103\Extensions\Microsoft.TestPlatform.TestHostRuntimeProvider.dll
TpTrace Verbose: 0 : 3276, 1, 2024/03/27, 08:20:51.949, 20407532152, vstest.console.dll, MetadataReaderExtensionsHelper: Discovering extensions inside assembly 'Microsoft.TestPlatform.TestHostRuntimeProvider, Version=15.0.0.0, Culture=neutral, PublicKeyToken=b03f5f7f11d50a3a' file path 'C:\Program Files\dotnet\sdk\8.0.103\Extensions\Microsoft.TestPlatform.TestHostRuntimeProvider.dll'
TpTrace Information: 0 : 3276, 1, 2024/03/27, 08:20:51.950, 20407542250, vstest.console.dll, GetTestExtensionFromType: Register extension with identifier data 'HostProvider://DefaultTestHost' and type 'Microsoft.VisualStudio.TestPlatform.CrossPlatEngine.Hosting.DefaultTestHostManager, Microsoft.TestPlatform.TestHostRuntimeProvider, Version=15.0.0.0, Culture=neutral, PublicKeyToken=b03f5f7f11d50a3a' inside file 'C:\Program Files\dotnet\sdk\8.0.103\Extensions\Microsoft.TestPlatform.TestHostRuntimeProvider.dll'
TpTrace Information: 0 : 3276, 1, 2024/03/27, 08:20:51.951, 20407544059, vstest.console.dll, GetTestExtensionFromType: Register extension with identifier data 'HostProvider://DotnetTestHost' and type 'Microsoft.VisualStudio.TestPlatform.CrossPlatEngine.Hosting.DotnetTestHostManager, Microsoft.TestPlatform.TestHostRuntimeProvider, Version=15.0.0.0, Culture=neutral, PublicKeyToken=b03f5f7f11d50a3a' inside file 'C:\Program Files\dotnet\sdk\8.0.103\Extensions\Microsoft.TestPlatform.TestHostRuntimeProvider.dll'
TpTrace Information: 0 : 3276, 1, 2024/03/27, 08:20:51.951, 20407544653, vstest.console.dll, AssemblyResolver.OnResolve: Microsoft.VisualStudio.TestPlatform.Extensions.Html.TestLogger: Resolving assembly.
TpTrace Information: 0 : 3276, 1, 2024/03/27, 08:20:51.951, 20407544924, vstest.console.dll, AssemblyResolver.OnResolve: Microsoft.VisualStudio.TestPlatform.Extensions.Html.TestLogger: Searching in: 'C:\Program Files\dotnet\sdk\8.0.103\Extensions'.
TpTrace Information: 0 : 3276, 1, 2024/03/27, 08:20:51.951, 20407547437, vstest.console.dll, AssemblyResolver.OnResolve: Microsoft.VisualStudio.TestPlatform.Extensions.Html.TestLogger: Loading assembly 'C:\Program Files\dotnet\sdk\8.0.103\Extensions\Microsoft.VisualStudio.TestPlatform.Extensions.Html.TestLogger.dll'.
TpTrace Information: 0 : 3276, 1, 2024/03/27, 08:20:51.952, 20407558503, vstest.console.dll, AssemblyResolver.OnResolve: Resolved assembly: Microsoft.VisualStudio.TestPlatform.Extensions.Html.TestLogger, from path: C:\Program Files\dotnet\sdk\8.0.103\Extensions\Microsoft.VisualStudio.TestPlatform.Extensions.Html.TestLogger.dll
TpTrace Verbose: 0 : 3276, 1, 2024/03/27, 08:20:51.952, 20407559729, vstest.console.dll, MetadataReaderExtensionsHelper: Discovering extensions inside assembly 'Microsoft.VisualStudio.TestPlatform.Extensions.Html.TestLogger, Version=15.0.0.0, Culture=neutral, PublicKeyToken=b03f5f7f11d50a3a' file path 'C:\Program Files\dotnet\sdk\8.0.103\Extensions\Microsoft.VisualStudio.TestPlatform.Extensions.Html.TestLogger.dll'
TpTrace Information: 0 : 3276, 1, 2024/03/27, 08:20:51.953, 20407567919, vstest.console.dll, AssemblyResolver.OnResolve: Microsoft.VisualStudio.TestPlatform.Extensions.Trx.TestLogger: Resolving assembly.
TpTrace Information: 0 : 3276, 1, 2024/03/27, 08:20:51.953, 20407568898, vstest.console.dll, AssemblyResolver.OnResolve: Microsoft.VisualStudio.TestPlatform.Extensions.Trx.TestLogger: Searching in: 'C:\Program Files\dotnet\sdk\8.0.103\Extensions'.
TpTrace Information: 0 : 3276, 1, 2024/03/27, 08:20:51.953, 20407571969, vstest.console.dll, AssemblyResolver.OnResolve: Microsoft.VisualStudio.TestPlatform.Extensions.Trx.TestLogger: Loading assembly 'C:\Program Files\dotnet\sdk\8.0.103\Extensions\Microsoft.VisualStudio.TestPlatform.Extensions.Trx.TestLogger.dll'.
TpTrace Information: 0 : 3276, 1, 2024/03/27, 08:20:51.955, 20407584952, vstest.console.dll, AssemblyResolver.OnResolve: Resolved assembly: Microsoft.VisualStudio.TestPlatform.Extensions.Trx.TestLogger, from path: C:\Program Files\dotnet\sdk\8.0.103\Extensions\Microsoft.VisualStudio.TestPlatform.Extensions.Trx.TestLogger.dll
TpTrace Verbose: 0 : 3276, 1, 2024/03/27, 08:20:51.955, 20407586238, vstest.console.dll, MetadataReaderExtensionsHelper: Discovering extensions inside assembly 'Microsoft.VisualStudio.TestPlatform.Extensions.Trx.TestLogger, Version=15.0.0.0, Culture=neutral, PublicKeyToken=b03f5f7f11d50a3a' file path 'C:\Program Files\dotnet\sdk\8.0.103\Extensions\Microsoft.VisualStudio.TestPlatform.Extensions.Trx.TestLogger.dll'
TpTrace Verbose: 0 : 3276, 1, 2024/03/27, 08:20:51.956, 20407596658, vstest.console.dll, TestPluginCache: Discovered the extensions using extension path ''.
TpTrace Verbose: 0 : 3276, 1, 2024/03/27, 08:20:51.956, 20407597464, vstest.console.dll, TestPluginCache: Discoverers are ''.
TpTrace Verbose: 0 : 3276, 1, 2024/03/27, 08:20:51.956, 20407597617, vstest.console.dll, TestPluginCache: Executors are ''.
TpTrace Verbose: 0 : 3276, 1, 2024/03/27, 08:20:51.956, 20407597740, vstest.console.dll, TestPluginCache: Executors2 are ''.
TpTrace Verbose: 0 : 3276, 1, 2024/03/27, 08:20:51.956, 20407597910, vstest.console.dll, TestPluginCache: Setting providers are ''.
TpTrace Verbose: 0 : 3276, 1, 2024/03/27, 08:20:51.956, 20407598036, vstest.console.dll, TestPluginCache: Loggers are ''.
TpTrace Verbose: 0 : 3276, 1, 2024/03/27, 08:20:51.956, 20407599224, vstest.console.dll, TestPluginCache: TestHosts are 'HostProvider://DefaultTestHost,HostProvider://DotnetTestHost'.
TpTrace Verbose: 0 : 3276, 1, 2024/03/27, 08:20:51.956, 20407599404, vstest.console.dll, TestPluginCache: DataCollectors are ''.
TpTrace Information: 0 : 3276, 1, 2024/03/27, 08:20:51.967, 20407707577, vstest.console.dll, RunTestsArgumentProcessor:Execute: Test run is starting.
TpTrace Verbose: 0 : 3276, 1, 2024/03/27, 08:20:51.967, 20407708329, vstest.console.dll, RunTestsArgumentProcessor:Execute: Queuing Test run.
TpTrace Information: 0 : 3276, 1, 2024/03/27, 08:20:51.967, 20407709847, vstest.console.dll, TestRequestManager.RunTests: run tests started.
TpTrace Information: 0 : 3276, 1, 2024/03/27, 08:20:51.974, 20407783212, vstest.console.dll, AssemblyMetadataProvider.GetFrameworkName: Determined framework:'.NETCoreApp,Version=v8.0' for source: 'C:\Users\A115TW\source\repos\P7_API_REST\P7CreateRestApiMSTEST\bin\Debug\net8.0\fine-code-coverage\build-output\P7CreateRestApiMSTEST.dll'
TpTrace Information: 0 : 3276, 1, 2024/03/27, 08:20:51.975, 20407784708, vstest.console.dll, Determined framework for all sources: .NETCoreApp,Version=v8.0
TpTrace Verbose: 0 : 3276, 1, 2024/03/27, 08:20:51.975, 20407787287, vstest.console.dll, TestRequestManager.UpdateRunSettingsIfRequired: Default architecture: X64 IsDefaultTargetArchitecture: True, Current process architecture: X64 OperatingSystem: Windows.
TpTrace Information: 0 : 3276, 1, 2024/03/27, 08:20:51.976, 20407798797, vstest.console.dll, AssemblyMetadataProvider.GetArchitecture: Determined architecture:AnyCPU info for assembly: C:\Users\A115TW\source\repos\P7_API_REST\P7CreateRestApiMSTEST\bin\Debug\net8.0\fine-code-coverage\build-output\P7CreateRestApiMSTEST.dll
TpTrace Information: 0 : 3276, 1, 2024/03/27, 08:20:51.976, 20407799299, vstest.console.dll, Determined platform for source 'C:\Users\A115TW\source\repos\P7_API_REST\P7CreateRestApiMSTEST\bin\Debug\net8.0\fine-code-coverage\build-output\P7CreateRestApiMSTEST.dll' was AnyCPU and it will use the default plaform X64.
TpTrace Information: 0 : 3276, 1, 2024/03/27, 08:20:51.976, 20407799447, vstest.console.dll, None of the sources provided any runnable platform, using the default platform: X64
TpTrace Information: 0 : 3276, 1, 2024/03/27, 08:20:51.976, 20407800143, vstest.console.dll, Platform was updated to 'X64'.
TpTrace Information: 0 : 3276, 1, 2024/03/27, 08:20:51.978, 20407819045, vstest.console.dll, InferRunSettingsHelper.IsTestSettingsEnabled: Unable to navigate to RunSettings/MSTest. Current node: RunSettings
TpTrace Information: 0 : 3276, 1, 2024/03/27, 08:20:51.978, 20407823640, vstest.console.dll, AssemblyResolver.OnResolve: Microsoft.VisualStudio.TestPlatform.Fakes: Resolving assembly.
TpTrace Information: 0 : 3276, 1, 2024/03/27, 08:20:51.979, 20407824265, vstest.console.dll, AssemblyResolver.OnResolve: Microsoft.VisualStudio.TestPlatform.Fakes: Searching in: 'C:\Program Files\dotnet\sdk\8.0.103\Extensions'.
TpTrace Information: 0 : 3276, 1, 2024/03/27, 08:20:51.979, 20407825124, vstest.console.dll, AssemblyResolver.OnResolve: Microsoft.VisualStudio.TestPlatform.Fakes: Assembly path does not exist: 'C:\Program Files\dotnet\sdk\8.0.103\Extensions\Microsoft.VisualStudio.TestPlatform.Fakes.dll', returning.
TpTrace Information: 0 : 3276, 1, 2024/03/27, 08:20:51.979, 20407825642, vstest.console.dll, AssemblyResolver.OnResolve: Microsoft.VisualStudio.TestPlatform.Fakes: Assembly path does not exist: 'C:\Program Files\dotnet\sdk\8.0.103\Extensions\Microsoft.VisualStudio.TestPlatform.Fakes.exe', returning.
TpTrace Information: 0 : 3276, 1, 2024/03/27, 08:20:51.979, 20407825790, vstest.console.dll, AssemblyResolver.OnResolve: Microsoft.VisualStudio.TestPlatform.Fakes: Searching in: 'C:\Program Files\dotnet\sdk\8.0.103'.
TpTrace Information: 0 : 3276, 1, 2024/03/27, 08:20:51.979, 20407826224, vstest.console.dll, AssemblyResolver.OnResolve: Microsoft.VisualStudio.TestPlatform.Fakes: Assembly path does not exist: 'C:\Program Files\dotnet\sdk\8.0.103\Microsoft.VisualStudio.TestPlatform.Fakes.dll', returning.
TpTrace Information: 0 : 3276, 1, 2024/03/27, 08:20:51.979, 20407826566, vstest.console.dll, AssemblyResolver.OnResolve: Microsoft.VisualStudio.TestPlatform.Fakes: Assembly path does not exist: 'C:\Program Files\dotnet\sdk\8.0.103\Microsoft.VisualStudio.TestPlatform.Fakes.exe', returning.
TpTrace Information: 0 : 3276, 1, 2024/03/27, 08:20:51.979, 20407826728, vstest.console.dll, AssemblyResolver.OnResolve: Microsoft.VisualStudio.TestPlatform.Fakes: Failed to load assembly.
TpTrace Information: 0 : 3276, 1, 2024/03/27, 08:20:51.979, 20407828587, vstest.console.dll, Failed to load assembly Microsoft.VisualStudio.TestPlatform.Fakes, Version=17.0.0.0, Culture=neutral. Reason:System.IO.FileNotFoundException: Could not load file or assembly 'Microsoft.VisualStudio.TestPlatform.Fakes, Version=17.0.0.0, Culture=neutral, PublicKeyToken=null'. Le fichier spécifié est introuvable.
File name: 'Microsoft.VisualStudio.TestPlatform.Fakes, Version=17.0.0.0, Culture=neutral, PublicKeyToken=null'
   at System.Reflection.RuntimeAssembly.InternalLoad(AssemblyName assemblyName, StackCrawlMark& stackMark, AssemblyLoadContext assemblyLoadContext, RuntimeAssembly requestingAssembly, Boolean throwOnFileNotFound)
   at System.Reflection.Assembly.Load(AssemblyName assemblyRef)
   at Microsoft.VisualStudio.TestPlatform.Common.Utilities.FakesUtilities.LoadTestPlatformAssembly() in /_/src/Microsoft.TestPlatform.Common/Utilities/FakesUtilities.cs:line 272
TpTrace Verbose: 0 : 3276, 1, 2024/03/27, 08:20:51.982, 20407857975, vstest.console.dll, TestPluginCache.DiscoverTestExtensions: finding test extensions in assemblies ends with: TestLogger.dll TPluginInfo: Microsoft.VisualStudio.TestPlatform.Common.ExtensionFramework.Utilities.TestLoggerPluginInformation TExtension: Microsoft.VisualStudio.TestPlatform.ObjectModel.Client.ITestLogger
TpTrace Verbose: 0 : 3276, 1, 2024/03/27, 08:20:51.982, 20407858845, vstest.console.dll, TestPluginCache.GetExtensionPaths: Filtered extension paths: 
TpTrace Verbose: 0 : 3276, 1, 2024/03/27, 08:20:51.982, 20407859120, vstest.console.dll, TestPluginCache.GetExtensionPaths: Added default extension paths: C:\Program Files\dotnet\sdk\8.0.103\Extensions\Microsoft.Diagnostics.NETCore.Client.dll
C:\Program Files\dotnet\sdk\8.0.103\Extensions\Microsoft.TestPlatform.Extensions.BlameDataCollector.dll
C:\Program Files\dotnet\sdk\8.0.103\Extensions\Microsoft.TestPlatform.Extensions.EventLogCollector.dll
C:\Program Files\dotnet\sdk\8.0.103\Extensions\Microsoft.TestPlatform.TestHostRuntimeProvider.dll
C:\Program Files\dotnet\sdk\8.0.103\Extensions\Microsoft.VisualStudio.TestPlatform.Extensions.Html.TestLogger.dll
C:\Program Files\dotnet\sdk\8.0.103\Extensions\Microsoft.VisualStudio.TestPlatform.Extensions.Trx.TestLogger.dll
TpTrace Verbose: 0 : 3276, 1, 2024/03/27, 08:20:51.982, 20407859270, vstest.console.dll, TestPluginCache.GetExtensionPaths: Added unfilterableExtensionPaths: 
TpTrace Information: 0 : 3276, 1, 2024/03/27, 08:20:51.982, 20407860415, vstest.console.dll, AssemblyResolver.AddSearchDirectories: Adding more searchDirectories C:\Program Files\dotnet\sdk\8.0.103\Extensions,C:\Program Files\dotnet\sdk\8.0.103
TpTrace Verbose: 0 : 3276, 1, 2024/03/27, 08:20:51.982, 20407860753, vstest.console.dll, TestPluginCache.DiscoverTestExtensions: Discovering the extensions using extension path.
TpTrace Verbose: 0 : 3276, 1, 2024/03/27, 08:20:51.982, 20407860948, vstest.console.dll, TestPluginCache.GetExtensionPaths: Filtered extension paths: 
TpTrace Verbose: 0 : 3276, 1, 2024/03/27, 08:20:51.982, 20407861128, vstest.console.dll, TestPluginCache.GetExtensionPaths: Added default extension paths: C:\Program Files\dotnet\sdk\8.0.103\Extensions\Microsoft.Diagnostics.NETCore.Client.dll
C:\Program Files\dotnet\sdk\8.0.103\Extensions\Microsoft.TestPlatform.Extensions.BlameDataCollector.dll
C:\Program Files\dotnet\sdk\8.0.103\Extensions\Microsoft.TestPlatform.Extensions.EventLogCollector.dll
C:\Program Files\dotnet\sdk\8.0.103\Extensions\Microsoft.TestPlatform.TestHostRuntimeProvider.dll
C:\Program Files\dotnet\sdk\8.0.103\Extensions\Microsoft.VisualStudio.TestPlatform.Extensions.Html.TestLogger.dll
C:\Program Files\dotnet\sdk\8.0.103\Extensions\Microsoft.VisualStudio.TestPlatform.Extensions.Trx.TestLogger.dll
TpTrace Verbose: 0 : 3276, 1, 2024/03/27, 08:20:51.982, 20407861264, vstest.console.dll, TestPluginCache.GetExtensionPaths: Added unfilterableExtensionPaths: 
TpTrace Verbose: 0 : 3276, 1, 2024/03/27, 08:20:51.982, 20407861433, vstest.console.dll, TestPluginCache.DiscoverTestExtensions: Discovering the extensions using allExtensionPaths: C:\Program Files\dotnet\sdk\8.0.103\Extensions\Microsoft.Diagnostics.NETCore.Client.dll
C:\Program Files\dotnet\sdk\8.0.103\Extensions\Microsoft.TestPlatform.Extensions.BlameDataCollector.dll
C:\Program Files\dotnet\sdk\8.0.103\Extensions\Microsoft.TestPlatform.Extensions.EventLogCollector.dll
C:\Program Files\dotnet\sdk\8.0.103\Extensions\Microsoft.TestPlatform.TestHostRuntimeProvider.dll
C:\Program Files\dotnet\sdk\8.0.103\Extensions\Microsoft.VisualStudio.TestPlatform.Extensions.Html.TestLogger.dll
C:\Program Files\dotnet\sdk\8.0.103\Extensions\Microsoft.VisualStudio.TestPlatform.Extensions.Trx.TestLogger.dll
TpTrace Information: 0 : 3276, 1, 2024/03/27, 08:20:51.982, 20407862048, vstest.console.dll, AssemblyResolver.AddSearchDirectories: Adding more searchDirectories C:\Program Files\dotnet\sdk\8.0.103\Extensions,C:\Program Files\dotnet\sdk\8.0.103
TpTrace Information: 0 : 3276, 1, 2024/03/27, 08:20:51.982, 20407862222, vstest.console.dll, AssemblyResolver.AddSearchDirectories: Adding more searchDirectories C:\Program Files\dotnet\sdk\8.0.103\Extensions,C:\Program Files\dotnet\sdk\8.0.103
TpTrace Information: 0 : 3276, 1, 2024/03/27, 08:20:51.982, 20407862380, vstest.console.dll, AssemblyResolver.AddSearchDirectories: Adding more searchDirectories C:\Program Files\dotnet\sdk\8.0.103\Extensions,C:\Program Files\dotnet\sdk\8.0.103
TpTrace Information: 0 : 3276, 1, 2024/03/27, 08:20:51.982, 20407862511, vstest.console.dll, AssemblyResolver.AddSearchDirectories: Adding more searchDirectories C:\Program Files\dotnet\sdk\8.0.103\Extensions,C:\Program Files\dotnet\sdk\8.0.103
TpTrace Information: 0 : 3276, 1, 2024/03/27, 08:20:51.982, 20407862644, vstest.console.dll, AssemblyResolver.AddSearchDirectories: Adding more searchDirectories C:\Program Files\dotnet\sdk\8.0.103\Extensions,C:\Program Files\dotnet\sdk\8.0.103
TpTrace Information: 0 : 3276, 1, 2024/03/27, 08:20:51.982, 20407862797, vstest.console.dll, AssemblyResolver.AddSearchDirectories: Adding more searchDirectories C:\Program Files\dotnet\sdk\8.0.103\Extensions,C:\Program Files\dotnet\sdk\8.0.103
TpTrace Verbose: 0 : 3276, 1, 2024/03/27, 08:20:51.982, 20407863551, vstest.console.dll, MetadataReaderExtensionsHelper: Discovering extensions inside assembly 'Microsoft.Diagnostics.NETCore.Client, Version=0.2.8.21101, Culture=neutral, PublicKeyToken=31bf3856ad364e35' file path 'C:\Program Files\dotnet\sdk\8.0.103\Extensions\Microsoft.Diagnostics.NETCore.Client.dll'
TpTrace Information: 0 : 3276, 1, 2024/03/27, 08:20:51.983, 20407869540, vstest.console.dll, AssemblyResolver.OnResolve: Microsoft.Bcl.AsyncInterfaces: Resolving assembly.
TpTrace Information: 0 : 3276, 1, 2024/03/27, 08:20:51.983, 20407870100, vstest.console.dll, AssemblyResolver.OnResolve: Microsoft.Bcl.AsyncInterfaces: Resolved from cache.
TpTrace Verbose: 0 : 3276, 1, 2024/03/27, 08:20:51.983, 20407870266, vstest.console.dll, CurrentDomainAssemblyResolve: Resolving assembly 'Microsoft.Bcl.AsyncInterfaces'.
TpTrace Information: 0 : 3276, 1, 2024/03/27, 08:20:51.983, 20407870545, vstest.console.dll, AssemblyResolver.OnResolve: Microsoft.Bcl.AsyncInterfaces: Resolving assembly.
TpTrace Information: 0 : 3276, 1, 2024/03/27, 08:20:51.983, 20407870705, vstest.console.dll, AssemblyResolver.OnResolve: Microsoft.Bcl.AsyncInterfaces: Resolved from cache.
TpTrace Verbose: 0 : 3276, 1, 2024/03/27, 08:20:51.983, 20407870832, vstest.console.dll, CurrentDomainAssemblyResolve: Resolving assembly 'Microsoft.Bcl.AsyncInterfaces'.
TpTrace Verbose: 0 : 3276, 1, 2024/03/27, 08:20:51.983, 20407870959, vstest.console.dll, CurrentDomainAssemblyResolve: Failed to resolve assembly 'Microsoft.Bcl.AsyncInterfaces'.
TpTrace Verbose: 0 : 3276, 1, 2024/03/27, 08:20:51.983, 20407871822, vstest.console.dll, CurrentDomainAssemblyResolve: Failed to resolve assembly 'Microsoft.Bcl.AsyncInterfaces'.
TpTrace Warning: 0 : 3276, 1, 2024/03/27, 08:20:51.983, 20407873734, vstest.console.dll, TestPluginDiscoverer: Failed to get types from assembly 'Microsoft.Diagnostics.NETCore.Client, Version=0.2.8.21101, Culture=neutral, PublicKeyToken=31bf3856ad364e35'. Error: System.Reflection.ReflectionTypeLoadException: Unable to load one or more of the requested types.
Could not load file or assembly 'Microsoft.Bcl.AsyncInterfaces, Version=1.0.0.0, Culture=neutral, PublicKeyToken=cc7b13ffcd2ddd51'. Le fichier spécifié est introuvable.
   at System.Reflection.RuntimeModule.GetTypes(RuntimeModule module)
   at System.Reflection.RuntimeModule.GetTypes()
   at Microsoft.VisualStudio.TestPlatform.Common.ExtensionFramework.TestPluginDiscoverer.GetTestExtensionsFromAssembly[TPluginInfo,TExtension](Assembly assembly, Dictionary`2 pluginInfos, String filePath) in /_/src/Microsoft.TestPlatform.Common/ExtensionFramework/TestPluginDiscoverer.cs:line 158
System.IO.FileNotFoundException: Could not load file or assembly 'Microsoft.Bcl.AsyncInterfaces, Version=1.0.0.0, Culture=neutral, PublicKeyToken=cc7b13ffcd2ddd51'. Le fichier spécifié est introuvable.
File name: 'Microsoft.Bcl.AsyncInterfaces, Version=1.0.0.0, Culture=neutral, PublicKeyToken=cc7b13ffcd2ddd51'
 ---> System.IO.FileNotFoundException: Could not load file or assembly 'Microsoft.Bcl.AsyncInterfaces, Culture=neutral, PublicKeyToken=null'. Le fichier spécifié est introuvable.
File name: 'Microsoft.Bcl.AsyncInterfaces, Culture=neutral, PublicKeyToken=null'
   at System.Reflection.RuntimeAssembly.InternalLoad(AssemblyName assemblyName, StackCrawlMark& stackMark, AssemblyLoadContext assemblyLoadContext, RuntimeAssembly requestingAssembly, Boolean throwOnFileNotFound)
   at System.Reflection.Assembly.Load(AssemblyName assemblyRef)
   at Microsoft.VisualStudio.TestPlatform.Common.ExtensionFramework.TestPluginCache.CurrentDomainAssemblyResolve(Object sender, AssemblyResolveEventArgs args) in /_/src/Microsoft.TestPlatform.Common/ExtensionFramework/TestPluginCache.cs:line 513
   at System.Runtime.Loader.AssemblyLoadContext.GetFirstResolvedAssemblyFromResolvingEvent(AssemblyName assemblyName)
   at System.Runtime.Loader.AssemblyLoadContext.ResolveUsingEvent(AssemblyName assemblyName)
   at System.Runtime.Loader.AssemblyLoadContext.ResolveUsingResolvingEvent(IntPtr gchManagedAssemblyLoadContext, AssemblyName assemblyName)
TpTrace Warning: 0 : 3276, 1, 2024/03/27, 08:20:51.984, 20407874636, vstest.console.dll, LoaderExceptions: System.IO.FileNotFoundException: Could not load file or assembly 'Microsoft.Bcl.AsyncInterfaces, Version=1.0.0.0, Culture=neutral, PublicKeyToken=cc7b13ffcd2ddd51'. Le fichier spécifié est introuvable.
File name: 'Microsoft.Bcl.AsyncInterfaces, Version=1.0.0.0, Culture=neutral, PublicKeyToken=cc7b13ffcd2ddd51'
 ---> System.IO.FileNotFoundException: Could not load file or assembly 'Microsoft.Bcl.AsyncInterfaces, Culture=neutral, PublicKeyToken=null'. Le fichier spécifié est introuvable.
File name: 'Microsoft.Bcl.AsyncInterfaces, Culture=neutral, PublicKeyToken=null'
   at System.Reflection.RuntimeAssembly.InternalLoad(AssemblyName assemblyName, StackCrawlMark& stackMark, AssemblyLoadContext assemblyLoadContext, RuntimeAssembly requestingAssembly, Boolean throwOnFileNotFound)
   at System.Reflection.Assembly.Load(AssemblyName assemblyRef)
   at Microsoft.VisualStudio.TestPlatform.Common.ExtensionFramework.TestPluginCache.CurrentDomainAssemblyResolve(Object sender, AssemblyResolveEventArgs args) in /_/src/Microsoft.TestPlatform.Common/ExtensionFramework/TestPluginCache.cs:line 513
   at System.Runtime.Loader.AssemblyLoadContext.GetFirstResolvedAssemblyFromResolvingEvent(AssemblyName assemblyName)
   at System.Runtime.Loader.AssemblyLoadContext.ResolveUsingEvent(AssemblyName assemblyName)
   at System.Runtime.Loader.AssemblyLoadContext.ResolveUsingResolvingEvent(IntPtr gchManagedAssemblyLoadContext, AssemblyName assemblyName)
TpTrace Verbose: 0 : 3276, 1, 2024/03/27, 08:20:51.984, 20407875192, vstest.console.dll, MetadataReaderExtensionsHelper: Discovering extensions inside assembly 'Microsoft.TestPlatform.Extensions.BlameDataCollector, Version=15.0.0.0, Culture=neutral, PublicKeyToken=b03f5f7f11d50a3a' file path 'C:\Program Files\dotnet\sdk\8.0.103\Extensions\Microsoft.TestPlatform.Extensions.BlameDataCollector.dll'
TpTrace Information: 0 : 3276, 1, 2024/03/27, 08:20:51.984, 20407879387, vstest.console.dll, GetTestExtensionFromType: Register extension with identifier data 'logger://Microsoft/TestPlatform/Extensions/Blame/v1' and type 'Microsoft.TestPlatform.Extensions.BlameDataCollector.BlameLogger, Microsoft.TestPlatform.Extensions.BlameDataCollector, Version=15.0.0.0, Culture=neutral, PublicKeyToken=b03f5f7f11d50a3a' inside file 'C:\Program Files\dotnet\sdk\8.0.103\Extensions\Microsoft.TestPlatform.Extensions.BlameDataCollector.dll'
TpTrace Verbose: 0 : 3276, 1, 2024/03/27, 08:20:51.984, 20407879941, vstest.console.dll, MetadataReaderExtensionsHelper: Discovering extensions inside assembly 'Microsoft.TestPlatform.Extensions.EventLogCollector, Version=15.0.0.0, Culture=neutral, PublicKeyToken=b03f5f7f11d50a3a' file path 'C:\Program Files\dotnet\sdk\8.0.103\Extensions\Microsoft.TestPlatform.Extensions.EventLogCollector.dll'
TpTrace Verbose: 0 : 3276, 1, 2024/03/27, 08:20:51.984, 20407882337, vstest.console.dll, MetadataReaderExtensionsHelper: Discovering extensions inside assembly 'Microsoft.TestPlatform.TestHostRuntimeProvider, Version=15.0.0.0, Culture=neutral, PublicKeyToken=b03f5f7f11d50a3a' file path 'C:\Program Files\dotnet\sdk\8.0.103\Extensions\Microsoft.TestPlatform.TestHostRuntimeProvider.dll'
TpTrace Verbose: 0 : 3276, 1, 2024/03/27, 08:20:51.985, 20407884442, vstest.console.dll, MetadataReaderExtensionsHelper: Discovering extensions inside assembly 'Microsoft.VisualStudio.TestPlatform.Extensions.Html.TestLogger, Version=15.0.0.0, Culture=neutral, PublicKeyToken=b03f5f7f11d50a3a' file path 'C:\Program Files\dotnet\sdk\8.0.103\Extensions\Microsoft.VisualStudio.TestPlatform.Extensions.Html.TestLogger.dll'
TpTrace Information: 0 : 3276, 1, 2024/03/27, 08:20:51.985, 20407888279, vstest.console.dll, GetTestExtensionFromType: Register extension with identifier data 'logger://Microsoft/TestPlatform/HtmlLogger/v1' and type 'Microsoft.VisualStudio.TestPlatform.Extensions.HtmlLogger.HtmlLogger, Microsoft.VisualStudio.TestPlatform.Extensions.Html.TestLogger, Version=15.0.0.0, Culture=neutral, PublicKeyToken=b03f5f7f11d50a3a' inside file 'C:\Program Files\dotnet\sdk\8.0.103\Extensions\Microsoft.VisualStudio.TestPlatform.Extensions.Html.TestLogger.dll'
TpTrace Verbose: 0 : 3276, 1, 2024/03/27, 08:20:51.985, 20407888771, vstest.console.dll, MetadataReaderExtensionsHelper: Discovering extensions inside assembly 'Microsoft.VisualStudio.TestPlatform.Extensions.Trx.TestLogger, Version=15.0.0.0, Culture=neutral, PublicKeyToken=b03f5f7f11d50a3a' file path 'C:\Program Files\dotnet\sdk\8.0.103\Extensions\Microsoft.VisualStudio.TestPlatform.Extensions.Trx.TestLogger.dll'
TpTrace Information: 0 : 3276, 1, 2024/03/27, 08:20:51.985, 20407891665, vstest.console.dll, GetTestExtensionFromType: Register extension with identifier data 'logger://Microsoft/TestPlatform/TrxLogger/v1' and type 'Microsoft.VisualStudio.TestPlatform.Extensions.TrxLogger.TrxLogger, Microsoft.VisualStudio.TestPlatform.Extensions.Trx.TestLogger, Version=15.0.0.0, Culture=neutral, PublicKeyToken=b03f5f7f11d50a3a' inside file 'C:\Program Files\dotnet\sdk\8.0.103\Extensions\Microsoft.VisualStudio.TestPlatform.Extensions.Trx.TestLogger.dll'
TpTrace Verbose: 0 : 3276, 1, 2024/03/27, 08:20:51.985, 20407892428, vstest.console.dll, TestPluginCache: Discovered the extensions using extension path ''.
TpTrace Verbose: 0 : 3276, 1, 2024/03/27, 08:20:51.985, 20407892629, vstest.console.dll, TestPluginCache: Discoverers are ''.
TpTrace Verbose: 0 : 3276, 1, 2024/03/27, 08:20:51.985, 20407892754, vstest.console.dll, TestPluginCache: Executors are ''.
TpTrace Verbose: 0 : 3276, 1, 2024/03/27, 08:20:51.985, 20407892872, vstest.console.dll, TestPluginCache: Executors2 are ''.
TpTrace Verbose: 0 : 3276, 1, 2024/03/27, 08:20:51.985, 20407892987, vstest.console.dll, TestPluginCache: Setting providers are ''.
TpTrace Verbose: 0 : 3276, 1, 2024/03/27, 08:20:51.985, 20407893357, vstest.console.dll, TestPluginCache: Loggers are 'logger://Microsoft/TestPlatform/Extensions/Blame/v1,logger://Microsoft/TestPlatform/HtmlLogger/v1,logger://Microsoft/TestPlatform/TrxLogger/v1'.
TpTrace Verbose: 0 : 3276, 1, 2024/03/27, 08:20:51.985, 20407893531, vstest.console.dll, TestPluginCache: TestHosts are 'HostProvider://DefaultTestHost,HostProvider://DotnetTestHost'.
TpTrace Verbose: 0 : 3276, 1, 2024/03/27, 08:20:51.985, 20407893726, vstest.console.dll, TestPluginCache: DataCollectors are ''.
TpTrace Information: 0 : 3276, 1, 2024/03/27, 08:20:51.986, 20407898689, vstest.console.dll, TestPluginManager.CreateTestExtension: Attempting to load test extension: Microsoft.TestPlatform.Extensions.BlameDataCollector.BlameLogger
TpTrace Verbose: 0 : 3276, 1, 2024/03/27, 08:20:51.993, 20407971090, vstest.console.dll, TestEngine: Initializing Parallel Execution as MaxCpuCount is set to: 1
TpTrace Information: 0 : 3276, 1, 2024/03/27, 08:20:51.994, 20407980506, vstest.console.dll, TestPluginManager.CreateTestExtension: Attempting to load test extension: Microsoft.VisualStudio.TestPlatform.CrossPlatEngine.Hosting.DefaultTestHostManager
TpTrace Information: 0 : 3276, 1, 2024/03/27, 08:20:51.995, 20407993587, vstest.console.dll, TestPluginManager.CreateTestExtension: Attempting to load test extension: Microsoft.VisualStudio.TestPlatform.CrossPlatEngine.Hosting.DotnetTestHostManager
TpTrace Information: 0 : 3276, 1, 2024/03/27, 08:20:51.996, 20407997816, vstest.console.dll, InferRunSettingsHelper.IsTestSettingsEnabled: Unable to navigate to RunSettings/MSTest. Current node: RunSettings
TpTrace Verbose: 0 : 3276, 1, 2024/03/27, 08:20:51.996, 20408001359, vstest.console.dll, ParallelOperationManager.ClearSlots: Clearing all slots. Slots should accept more work: True
TpTrace Verbose: 0 : 3276, 1, 2024/03/27, 08:20:51.997, 20408005132, vstest.console.dll, ParallelOperationManager.SetOccupiedSlotCount: Setting slot counts AvailableSlotCount = 1, OccupiedSlotCount = 0.
TpTrace Verbose: 0 : 3276, 1, 2024/03/27, 08:20:51.997, 20408006928, vstest.console.dll, Occupied slots:

TpTrace Verbose: 0 : 3276, 1, 2024/03/27, 08:20:51.999, 20408028112, vstest.console.dll, TestEngine.GetExecutionManager: Chosen execution manager 'Microsoft.VisualStudio.TestPlatform.CrossPlatEngine.Client.Parallel.ParallelProxyExecutionManager, Microsoft.TestPlatform.CrossPlatEngine, Version=15.0.0.0, Culture=neutral, PublicKeyToken=b03f5f7f11d50a3a' ParallelLevel '1'.
TpTrace Verbose: 0 : 3276, 1, 2024/03/27, 08:20:51.999, 20408029490, vstest.console.dll, TestRunRequest.ExecuteAsync: Creating test run request.
TpTrace Verbose: 0 : 3276, 1, 2024/03/27, 08:20:51.999, 20408031040, vstest.console.dll, TestRunRequest.ExecuteAsync: Starting.
TpTrace Information: 0 : 3276, 1, 2024/03/27, 08:20:52.000, 20408037642, vstest.console.dll, TestRunRequest.ExecuteAsync: Starting run with settings:TestRunCriteria:
   KeepAlive=False,FrequencyOfRunStatsChangeEvent=10,RunStatsChangeEventTimeout=00:00:01.5000000,TestCaseFilter=,TestExecutorLauncher=
   Settingsxml=<RunSettings>
  <RunConfiguration>
    <ResultsDirectory>C:\Users\A115TW\source\repos\P7_API_REST\P7CreateRestApiMSTEST\bin\Debug\net8.0\fine-code-coverage\coverage-tool-output</ResultsDirectory>
    <TargetPlatform>X64</TargetPlatform>
    <TargetFrameworkVersion>.NETCoreApp,Version=v8.0</TargetFrameworkVersion>
    <DesignMode>False</DesignMode>
    <CollectSourceInformation>False</CollectSourceInformation>
  </RunConfiguration>
  <LoggerRunSettings>
    <Loggers>
      <Logger friendlyName="blame" enabled="True" />
      <Logger friendlyName="Console" uri="logger://microsoft/TestPlatform/ConsoleLogger/v1" assemblyQualifiedName="Microsoft.VisualStudio.TestPlatform.CommandLine.Internal.ConsoleLogger, vstest.console, Version=15.0.0.0, Culture=neutral, PublicKeyToken=b03f5f7f11d50a3a" codeBase="C:\Program Files\dotnet\sdk\8.0.103\vstest.console.dll" enabled="True" />
    </Loggers>
  </LoggerRunSettings>
  <DataCollectionRunSettings>
    <DataCollectors>
      <DataCollector friendlyName="blame" enabled="True">
        <Configuration>
          <ResultsDirectory>C:\Users\A115TW\source\repos\P7_API_REST\P7CreateRestApiMSTEST\bin\Debug\net8.0\fine-code-coverage\coverage-tool-output</ResultsDirectory>
        </Configuration>
      </DataCollector>
    </DataCollectors>
  </DataCollectionRunSettings>
</RunSettings>

TpTrace Verbose: 0 : 3276, 1, 2024/03/27, 08:20:52.000, 20408038122, vstest.console.dll, TestRunRequest.ExecuteAsync: Wait for the first run request is over.
TpTrace Verbose: 0 : 3276, 1, 2024/03/27, 08:20:52.000, 20408040401, vstest.console.dll, MulticastDelegateUtilities.SafeInvoke: TestRun.TestRunStart: Invoking callbacks was skipped because there are no subscribers.
TpTrace Verbose: 0 : 3276, 4, 2024/03/27, 08:20:52.000, 20408042339, vstest.console.dll, MulticastDelegateUtilities.SafeInvoke: InternalTestLoggerEvents.SendTestRunStart: Invoking callback 1/1 for Microsoft.VisualStudio.TestPlatform.CommandLine.Internal.ConsoleLogger., took 0 ms.
TpTrace Verbose: 0 : 3276, 1, 2024/03/27, 08:20:52.001, 20408046646, vstest.console.dll, ParallelProxyExecutionManager: Start execution. Total sources: 1
TpTrace Verbose: 0 : 3276, 1, 2024/03/27, 08:20:52.001, 20408049378, vstest.console.dll, ParallelOperationManager.StartWork: Starting adding 1 workloads.
TpTrace Verbose: 0 : 3276, 1, 2024/03/27, 08:20:52.001, 20408049860, vstest.console.dll, ParallelOperationManager.ClearSlots: Clearing all slots. Slots should accept more work: True
TpTrace Verbose: 0 : 3276, 1, 2024/03/27, 08:20:52.001, 20408050343, vstest.console.dll, ParallelOperationManager.SetOccupiedSlotCount: Setting slot counts AvailableSlotCount = 1, OccupiedSlotCount = 0.
TpTrace Verbose: 0 : 3276, 1, 2024/03/27, 08:20:52.001, 20408050565, vstest.console.dll, Occupied slots:

TpTrace Verbose: 0 : 3276, 1, 2024/03/27, 08:20:52.002, 20408059395, vstest.console.dll, TestRequestSender is acting as server.
TpTrace Verbose: 0 : 3276, 1, 2024/03/27, 08:20:52.003, 20408067242, vstest.console.dll, ParallelOperationManager.RunWorkInParallel: Adding 1 workload to slot, remaining workloads 0.
TpTrace Verbose: 0 : 3276, 1, 2024/03/27, 08:20:52.003, 20408067819, vstest.console.dll, ParallelOperationManager.SetOccupiedSlotCount: Setting slot counts AvailableSlotCount = 0, OccupiedSlotCount = 1.
TpTrace Verbose: 0 : 3276, 1, 2024/03/27, 08:20:52.003, 20408068521, vstest.console.dll, Occupied slots:
0: C:\Users\A115TW\source\repos\P7_API_REST\P7CreateRestApiMSTEST\bin\Debug\net8.0\fine-code-coverage\build-output\P7CreateRestApiMSTEST.dll
TpTrace Verbose: 0 : 3276, 1, 2024/03/27, 08:20:52.004, 20408074767, vstest.console.dll, ParallelOperationManager.RunWorkInParallel: Started host in slot number 0 for work (source): C:\Users\A115TW\source\repos\P7_API_REST\P7CreateRestApiMSTEST\bin\Debug\net8.0\fine-code-coverage\build-output\P7CreateRestApiMSTEST.dll.
TpTrace Verbose: 0 : 3276, 1, 2024/03/27, 08:20:52.004, 20408080958, vstest.console.dll, ParallelOperationManager.RunWorkInParallel: We started 1 work items, which is the max parallel level. Won't start more work.
TpTrace Verbose: 0 : 3276, 1, 2024/03/27, 08:20:52.004, 20408081543, vstest.console.dll, ParallelOperationManager.RunWorkInParallel: We started 1 work items in here, returning True.
TpTrace Information: 0 : 3276, 1, 2024/03/27, 08:20:52.004, 20408081745, vstest.console.dll, TestRunRequest.ExecuteAsync: Started.
TpTrace Verbose: 0 : 3276, 5, 2024/03/27, 08:20:52.005, 20408084169, vstest.console.dll, ParallelProxyExecutionManager.StartTestRunOnConcurrentManager: Initializing uninitialized client. Started clients: 0
TpTrace Verbose: 0 : 3276, 1, 2024/03/27, 08:20:52.005, 20408085262, vstest.console.dll, TestRunRequest.WaitForCompletion: Waiting with timeout -1.
TpTrace Verbose: 0 : 3276, 5, 2024/03/27, 08:20:52.005, 20408085890, vstest.console.dll, DataCollectionRequestSender.InitializeCommunication : Initialize communication. 
TpTrace Information: 0 : 3276, 5, 2024/03/27, 08:20:52.017, 20408212899, vstest.console.dll, Listening on Endpoint : 127.0.0.1:58102
TpTrace Verbose: 0 : 3276, 5, 2024/03/27, 08:20:52.024, 20408283672, vstest.console.dll, DotnetDataCollectionLauncher: Adding  --runtimeconfig "C:\Program Files\dotnet\sdk\8.0.103\datacollector.runtimeconfig.json" in args
TpTrace Verbose: 0 : 3276, 5, 2024/03/27, 08:20:52.025, 20408285569, vstest.console.dll, DotnetDataCollectionLauncher: Adding  --depsfile "C:\Program Files\dotnet\sdk\8.0.103\datacollector.deps.json" in args
TpTrace Verbose: 0 : 3276, 5, 2024/03/27, 08:20:52.025, 20408287226, vstest.console.dll, DotnetDataCollectionLauncher: Full path of dotnet.exe is C:\Program Files\dotnet\dotnet.exe
TpTrace Information: 0 : 3276, 5, 2024/03/27, 08:20:52.055, 20408584197, vstest.console.dll, ProxyDataCollectionManager.Initialize: Launched datacollector processId: 21212 port: 58102
TpTrace Information: 0 : 3276, 5, 2024/03/27, 08:20:52.055, 20408585605, vstest.console.dll, ProxyDataCollectionManager.Initialize: waiting for connection with timeout: 90 seconds
TpTrace Verbose: 0 : 3276, 5, 2024/03/27, 08:20:52.055, 20408586225, vstest.console.dll, DataCollectionRequestSender.WaitForRequestHandlerConnection : Waiting for connection with timeout: 90000
TpTrace Information: 0 : 3276, 7, 2024/03/27, 08:20:52.220, 20410236937, vstest.console.dll, Using the buffer size of 16384 bytes
TpTrace Verbose: 0 : 3276, 5, 2024/03/27, 08:20:52.220, 20410237028, vstest.console.dll, SocketCommunicationManager.WaitForClientConnection took: 165 ms, with 90000 ms timeout, and finished with True.
TpTrace Information: 0 : 3276, 7, 2024/03/27, 08:20:52.220, 20410238286, vstest.console.dll, Accepted Client request and set the flag
TpTrace Verbose: 0 : 3276, 5, 2024/03/27, 08:20:52.220, 20410239553, vstest.console.dll, ProxyDataCollectionManager.InvokeDataCollectionServiceAction: Starting.
TpTrace Information: 0 : 3276, 5, 2024/03/27, 08:20:52.220, 20410240361, vstest.console.dll, ProxyDataCollectionManager.BeforeTestRunStart: Get environment variable and port for datacollector processId: 21212 port: 58102
TpTrace Verbose: 0 : 3276, 5, 2024/03/27, 08:20:52.220, 20410241048, vstest.console.dll, DataCollectionRequestSender.SendBeforeTestRunStartAndGetResult: Send BeforeTestRunStart message with settingsXml <RunSettings><RunConfiguration><ResultsDirectory>C:\Users\A115TW\source\repos\P7_API_REST\P7CreateRestApiMSTEST\bin\Debug\net8.0\fine-code-coverage\coverage-tool-output</ResultsDirectory><TargetPlatform>X64</TargetPlatform><TargetFrameworkVersion>.NETCoreApp,Version=v8.0</TargetFrameworkVersion><DesignMode>False</DesignMode><CollectSourceInformation>False</CollectSourceInformation><TestAdaptersPaths>C:\Program Files\dotnet\sdk\8.0.103\Extensions</TestAdaptersPaths></RunConfiguration><LoggerRunSettings><Loggers><Logger friendlyName="blame" enabled="True" /><Logger friendlyName="Console" uri="logger://microsoft/TestPlatform/ConsoleLogger/v1" assemblyQualifiedName="Microsoft.VisualStudio.TestPlatform.CommandLine.Internal.ConsoleLogger, vstest.console, Version=15.0.0.0, Culture=neutral, PublicKeyToken=b03f5f7f11d50a3a" codeBase="C:\Program Files\dotnet\sdk\8.0.103\vstest.console.dll" enabled="True" /></Loggers></LoggerRunSettings><DataCollectionRunSettings><DataCollectors><DataCollector friendlyName="blame" enabled="True"><Configuration><ResultsDirectory>C:\Users\A115TW\source\repos\P7_API_REST\P7CreateRestApiMSTEST\bin\Debug\net8.0\fine-code-coverage\coverage-tool-output</ResultsDirectory></Configuration></DataCollector></DataCollectors></DataCollectionRunSettings></RunSettings> and sources System.Collections.Generic.List`1[System.String]: 
TpTrace Verbose: 0 : 3276, 5, 2024/03/27, 08:20:52.261, 20410648514, vstest.console.dll, DataCollectionRequestSender.SendBeforeTestRunStartAndGetResult: Received message: (DataCollection.SendMessage) -> {"MessageType":"DataCollection.SendMessage","Payload":{"FriendlyName":null,"Uri":null,"TestCaseId":"00000000-0000-0000-0000-000000000000","Message":"Logging DataCollector Diagnostics in file: C:\\Users\\A115TW\\source\\repos\\P7_API_REST\\P7CreateRestApiMSTEST\\bin\\Debug\\net8.0\\fine-code-coverage\\coverage-tool-output\\diagnostics.datacollector.24-03-27_08-20-52_02468_5.log","Level":0}}
TpTrace Verbose: 0 : 3276, 5, 2024/03/27, 08:20:52.392, 20411955710, vstest.console.dll, DataCollectionRequestSender.SendBeforeTestRunStartAndGetResult: Received message: (DataCollection.BeforeTestRunStartResult) -> {"MessageType":"DataCollection.BeforeTestRunStartResult","Payload":{"EnvironmentVariables":{},"DataCollectionEventsPort":58104}}
TpTrace Information: 0 : 3276, 5, 2024/03/27, 08:20:52.394, 20411982625, vstest.console.dll, ProxyDataCollectionManager.BeforeTestRunStart: SendBeforeTestRunStartAndGetResult successful, env variable from datacollector:   and testhost port: 58104
TpTrace Information: 0 : 3276, 5, 2024/03/27, 08:20:52.394, 20411983455, vstest.console.dll, ProxyDataCollectionManager.InvokeDataCollectionServiceAction: Completed.
TpTrace Verbose: 0 : 3276, 5, 2024/03/27, 08:20:52.394, 20411983683, vstest.console.dll, ParallelProxyExecutionManager.StartTestRunOnConcurrentManager: Initializing test run. Started clients: 0
TpTrace Verbose: 0 : 3276, 5, 2024/03/27, 08:20:52.395, 20411984195, vstest.console.dll, ProxyExecutionManager: Test host is always Lazy initialize.
TpTrace Verbose: 0 : 3276, 5, 2024/03/27, 08:20:52.395, 20411985388, vstest.console.dll, TestRequestSender.InitializeCommunication: initialize communication. 
TpTrace Information: 0 : 3276, 5, 2024/03/27, 08:20:52.396, 20412001438, vstest.console.dll, SocketServer.Start: Listening on endpoint : 127.0.0.1:58105
TpTrace Verbose: 0 : 3276, 5, 2024/03/27, 08:20:52.397, 20412007375, vstest.console.dll, DotnetTestHostmanager.GetTestHostProcessStartInfo: Platform environment 'X64' target architecture 'X64' framework '.NETCoreApp,Version=v8.0' OS 'Windows'
TpTrace Verbose: 0 : 3276, 5, 2024/03/27, 08:20:52.397, 20412009372, vstest.console.dll, DotnetTestHostmanager: Adding  --runtimeconfig "C:\Users\A115TW\source\repos\P7_API_REST\P7CreateRestApiMSTEST\bin\Debug\net8.0\fine-code-coverage\build-output\P7CreateRestApiMSTEST.runtimeconfig.json" in args
TpTrace Verbose: 0 : 3276, 5, 2024/03/27, 08:20:52.397, 20412010116, vstest.console.dll, DotnetTestHostmanager: Adding  --depsfile "C:\Users\A115TW\source\repos\P7_API_REST\P7CreateRestApiMSTEST\bin\Debug\net8.0\fine-code-coverage\build-output\P7CreateRestApiMSTEST.deps.json" in args
TpTrace Verbose: 0 : 3276, 5, 2024/03/27, 08:20:52.397, 20412011356, vstest.console.dll, DotnetTestHostmanager.IsWinOnArm: Current PROCESSOR_ARCHITECTURE from environment variable 'AMD64'
TpTrace Verbose: 0 : 3276, 5, 2024/03/27, 08:20:52.397, 20412011677, vstest.console.dll, DotnetTestHostmanager.IsWinOnArm: Is Windows on ARM 'False'
TpTrace Verbose: 0 : 3276, 5, 2024/03/27, 08:20:52.397, 20412012395, vstest.console.dll, DotnetTestHostManager: testhost.exe found at path: C:\Users\A115TW\source\repos\P7_API_REST\P7CreateRestApiMSTEST\bin\Debug\net8.0\fine-code-coverage\build-output\testhost.exe
TpTrace Verbose: 0 : 3276, 5, 2024/03/27, 08:20:52.397, 20412012602, vstest.console.dll, DotnetTestHostmanager: Full path of host exe is C:\Users\A115TW\source\repos\P7_API_REST\P7CreateRestApiMSTEST\bin\Debug\net8.0\fine-code-coverage\build-output\testhost.exe
TpTrace Verbose: 0 : 3276, 5, 2024/03/27, 08:20:52.397, 20412013428, vstest.console.dll, DotnetTestHostmanager.LaunchTestHostAsync: Found 'VSTEST_WINAPPHOST_DOTNET_ROOT' in env variables, value 'C:\Program Files\dotnet', forwarding to 'DOTNET_ROOT'
TpTrace Verbose: 0 : 3276, 5, 2024/03/27, 08:20:52.398, 20412014202, vstest.console.dll, DotnetTestHostManager: Starting process 'C:\Users\A115TW\source\repos\P7_API_REST\P7CreateRestApiMSTEST\bin\Debug\net8.0\fine-code-coverage\build-output\testhost.exe' with command line ' --runtimeconfig "C:\Users\A115TW\source\repos\P7_API_REST\P7CreateRestApiMSTEST\bin\Debug\net8.0\fine-code-coverage\build-output\P7CreateRestApiMSTEST.runtimeconfig.json" --depsfile "C:\Users\A115TW\source\repos\P7_API_REST\P7CreateRestApiMSTEST\bin\Debug\net8.0\fine-code-coverage\build-output\P7CreateRestApiMSTEST.deps.json" --port 58105 --endpoint 127.0.0.1:058105 --role client --parentprocessid 3276 --diag "C:\Users\A115TW\source\repos\P7_API_REST\P7CreateRestApiMSTEST\bin\Debug\net8.0\fine-code-coverage\coverage-tool-output\diagnostics.host.24-03-27_08-20-52_39711_5.log" --tracelevel 4 --datacollectionport 58104 --telemetryoptedin false'
TpTrace Verbose: 0 : 3276, 5, 2024/03/27, 08:20:52.455, 20412589413, vstest.console.dll, MulticastDelegateUtilities.SafeInvoke: HostProviderEvents.OnHostLaunched: Invoking callback 1/2 for Microsoft.VisualStudio.TestPlatform.CrossPlatEngine.Client.ProxyExecutionManagerWithDataCollection., took 0 ms.
TpTrace Verbose: 0 : 3276, 5, 2024/03/27, 08:20:52.455, 20412591757, vstest.console.dll, Test Runtime launched
TpTrace Verbose: 0 : 3276, 5, 2024/03/27, 08:20:52.455, 20412592204, vstest.console.dll, MulticastDelegateUtilities.SafeInvoke: HostProviderEvents.OnHostLaunched: Invoking callback 2/2 for Microsoft.VisualStudio.TestPlatform.CrossPlatEngine.Client.ProxyOperationManager., took 0 ms.
TpTrace Verbose: 0 : 3276, 5, 2024/03/27, 08:20:52.455, 20412593086, vstest.console.dll, TestRequestSender.WaitForRequestHandlerConnection: waiting for connection with timeout: 90000.
TpTrace Verbose: 0 : 3276, 5, 2024/03/27, 08:20:52.676, 20414795866, vstest.console.dll, TestRequestSender.WaitForRequestHandlerConnection: waiting took 220 ms, with timeout 90000 ms, and result 0, which is success.
TpTrace Verbose: 0 : 3276, 7, 2024/03/27, 08:20:52.676, 20414796116, vstest.console.dll, MulticastDelegateUtilities.SafeInvoke: SocketServer: ClientConnected: Invoking callback 1/1 for Microsoft.VisualStudio.TestPlatform.CommunicationUtilities.TestRequestSender., took 0 ms.
TpTrace Verbose: 0 : 3276, 7, 2024/03/27, 08:20:52.676, 20414798671, vstest.console.dll, SocketServer.OnClientConnected: Client connected for endPoint: 127.0.0.1:58105, starting MessageLoopAsync:
TpTrace Verbose: 0 : 3276, 13, 2024/03/27, 08:20:52.677, 20414807902, vstest.console.dll, TcpClientExtensions.MessageLoopAsync: Polling on remoteEndPoint: 127.0.0.1:58106 localEndPoint: 127.0.0.1:58105
TpTrace Verbose: 0 : 3276, 5, 2024/03/27, 08:20:52.677, 20414808699, vstest.console.dll, TestRequestSender.CheckVersionWithTestHost: Sending check version message: {"MessageType":"ProtocolVersion","Payload":7}
TpTrace Verbose: 0 : 3276, 13, 2024/03/27, 08:20:52.763, 20415666144, vstest.console.dll, TcpClientExtensions.MessageLoopAsync: NotifyDataAvailable remoteEndPoint: 127.0.0.1:58106 localEndPoint: 127.0.0.1:58105
TpTrace Verbose: 0 : 3276, 13, 2024/03/27, 08:20:52.763, 20415668164, vstest.console.dll, TestRequestSender.CheckVersionWithTestHost: onMessageReceived received message: (ProtocolVersion) -> {"MessageType":"ProtocolVersion","Payload":7}
TpTrace Verbose: 0 : 3276, 13, 2024/03/27, 08:20:52.763, 20415671684, vstest.console.dll, MulticastDelegateUtilities.SafeInvoke: LengthPrefixCommunicationChannel: MessageReceived: Invoking callback 1/1 for Microsoft.VisualStudio.TestPlatform.CommunicationUtilities.TestRequestSender+<>c__DisplayClass29_0., took 0 ms.
TpTrace Verbose: 0 : 3276, 13, 2024/03/27, 08:20:52.763, 20415672297, vstest.console.dll, TcpClientExtensions.MessageLoopAsync: Polling on remoteEndPoint: 127.0.0.1:58106 localEndPoint: 127.0.0.1:58105
TpTrace Verbose: 0 : 3276, 5, 2024/03/27, 08:20:52.763, 20415673112, vstest.console.dll, TestPluginCache.GetExtensionPaths: Filtered extension paths: 
TpTrace Verbose: 0 : 3276, 5, 2024/03/27, 08:20:52.763, 20415673567, vstest.console.dll, TestPluginCache.GetExtensionPaths: Added default extension paths: C:\Program Files\dotnet\sdk\8.0.103\Extensions\Microsoft.Diagnostics.NETCore.Client.dll
C:\Program Files\dotnet\sdk\8.0.103\Extensions\Microsoft.TestPlatform.Extensions.BlameDataCollector.dll
C:\Program Files\dotnet\sdk\8.0.103\Extensions\Microsoft.TestPlatform.Extensions.EventLogCollector.dll
C:\Program Files\dotnet\sdk\8.0.103\Extensions\Microsoft.TestPlatform.TestHostRuntimeProvider.dll
C:\Program Files\dotnet\sdk\8.0.103\Extensions\Microsoft.VisualStudio.TestPlatform.Extensions.Html.TestLogger.dll
C:\Program Files\dotnet\sdk\8.0.103\Extensions\Microsoft.VisualStudio.TestPlatform.Extensions.Trx.TestLogger.dll
TpTrace Verbose: 0 : 3276, 5, 2024/03/27, 08:20:52.763, 20415673746, vstest.console.dll, TestPluginCache.GetExtensionPaths: Added unfilterableExtensionPaths: 
TpTrace Verbose: 0 : 3276, 5, 2024/03/27, 08:20:52.765, 20415691768, vstest.console.dll, TestRequestSender.InitializeExecution: Sending initialize execution with message: {"Version":7,"MessageType":"TestExecution.Initialize","Payload":["C:\\Users\\A115TW\\source\\repos\\P7_API_REST\\P7CreateRestApiMSTEST\\bin\\Debug\\net8.0\\fine-code-coverage\\build-output\\Microsoft.VisualStudio.TestPlatform.MSTest.TestAdapter.dll"]}
TpTrace Verbose: 0 : 3276, 5, 2024/03/27, 08:20:52.766, 20415693931, vstest.console.dll, ParallelProxyExecutionManager.StartTestRunOnConcurrentManager: Execution starting. Started clients: 1
TpTrace Verbose: 0 : 3276, 5, 2024/03/27, 08:20:52.766, 20415695557, vstest.console.dll, TestRunRequest:SendTestRunMessage: Starting.
TpTrace Verbose: 0 : 3276, 5, 2024/03/27, 08:20:52.766, 20415696612, vstest.console.dll, MulticastDelegateUtilities.SafeInvoke: TestRun.LogMessages: Invoking callback 1/1 for Microsoft.VisualStudio.TestPlatform.CommandLine.TestRunResultAggregator., took 0 ms.
TpTrace Information: 0 : 3276, 5, 2024/03/27, 08:20:52.766, 20415696828, vstest.console.dll, TestRunRequest:SendTestRunMessage: Completed.
TpTrace Warning: 0 : 3276, 5, 2024/03/27, 08:20:52.766, 20415699010, vstest.console.dll, InferRunSettingsHelper.MakeRunsettingsCompatible: Removing the following settings: TargetPlatform from RunSettings file. To use those settings please move to latest version of Microsoft.NET.Test.Sdk
TpTrace Verbose: 0 : 3276, 4, 2024/03/27, 08:20:52.766, 20415701991, vstest.console.dll, MulticastDelegateUtilities.SafeInvoke: InternalTestLoggerEvents.SendTestRunMessage: Invoking callback 1/1 for Microsoft.VisualStudio.TestPlatform.CommandLine.Internal.ConsoleLogger., took 0 ms.
TpTrace Verbose: 0 : 3276, 13, 2024/03/27, 08:20:52.767, 20415713260, vstest.console.dll, TcpClientExtensions.MessageLoopAsync: NotifyDataAvailable remoteEndPoint: 127.0.0.1:58106 localEndPoint: 127.0.0.1:58105
TpTrace Verbose: 0 : 3276, 13, 2024/03/27, 08:20:52.768, 20415719863, vstest.console.dll, TestRequestSender.OnExecutionMessageReceived: Received message: {"Version":7,"MessageType":"TestSession.Message","Payload":{"MessageLevel":0,"Message":"Journalisation des diagnostics TestHost dans le fichier : C:\\Users\\A115TW\\source\\repos\\P7_API_REST\\P7CreateRestApiMSTEST\\bin\\Debug\\net8.0\\fine-code-coverage\\coverage-tool-output\\diagnostics.host.24-03-27_08-20-52_39711_5.log"}}
TpTrace Verbose: 0 : 3276, 5, 2024/03/27, 08:20:52.769, 20415732599, vstest.console.dll, TestRequestSender.StartTestRun: Sending test run with message: {"Version":7,"MessageType":"TestExecution.StartWithSources","Payload":{"AdapterSourceMap":{"_none_":["C:\\Users\\A115TW\\source\\repos\\P7_API_REST\\P7CreateRestApiMSTEST\\bin\\Debug\\net8.0\\fine-code-coverage\\build-output\\P7CreateRestApiMSTEST.dll"]},"RunSettings":"<RunSettings>\r\n  <RunConfiguration>\r\n    <ResultsDirectory>C:\\Users\\A115TW\\source\\repos\\P7_API_REST\\P7CreateRestApiMSTEST\\bin\\Debug\\net8.0\\fine-code-coverage\\coverage-tool-output</ResultsDirectory>\r\n    <TargetFrameworkVersion>.NETCoreApp,Version=v8.0</TargetFrameworkVersion>\r\n    <DesignMode>False</DesignMode>\r\n    <CollectSourceInformation>False</CollectSourceInformation>\r\n  </RunConfiguration>\r\n  <LoggerRunSettings>\r\n    <Loggers>\r\n      <Logger friendlyName=\"blame\" enabled=\"True\" />\r\n      <Logger friendlyName=\"Console\" uri=\"logger://microsoft/TestPlatform/ConsoleLogger/v1\" assemblyQualifiedName=\"Microsoft.VisualStudio.TestPlatform.CommandLine.Internal.ConsoleLogger, vstest.console, Version=15.0.0.0, Culture=neutral, PublicKeyToken=b03f5f7f11d50a3a\" codeBase=\"C:\\Program Files\\dotnet\\sdk\\8.0.103\\vstest.console.dll\" enabled=\"True\" />\r\n    </Loggers>\r\n  </LoggerRunSettings>\r\n  <DataCollectionRunSettings>\r\n    <DataCollectors>\r\n      <DataCollector friendlyName=\"blame\" enabled=\"True\">\r\n        <Configuration>\r\n          <ResultsDirectory>C:\\Users\\A115TW\\source\\repos\\P7_API_REST\\P7CreateRestApiMSTEST\\bin\\Debug\\net8.0\\fine-code-coverage\\coverage-tool-output</ResultsDirectory>\r\n        </Configuration>\r\n      </DataCollector>\r\n    </DataCollectors>\r\n  </DataCollectionRunSettings>\r\n</RunSettings>","TestExecutionContext":{"FrequencyOfRunStatsChangeEvent":10,"RunStatsChangeEventTimeout":"00:00:01.5000000","InIsolation":false,"KeepAlive":false,"AreTestCaseLevelEventsRequired":false,"IsDebug":false,"TestCaseFilter":null,"FilterOptions":null},"Package":null}}
TpTrace Verbose: 0 : 3276, 5, 2024/03/27, 08:20:52.770, 20415734307, vstest.console.dll, ParallelProxyExecutionManager.StartTestRunOnConcurrentManager: Execution started. Started clients: 1
TpTrace Verbose: 0 : 3276, 13, 2024/03/27, 08:20:52.771, 20415745109, vstest.console.dll, TestRunRequest:SendTestRunMessage: Starting.
TpTrace Verbose: 0 : 3276, 13, 2024/03/27, 08:20:52.771, 20415745913, vstest.console.dll, MulticastDelegateUtilities.SafeInvoke: TestRun.LogMessages: Invoking callback 1/1 for Microsoft.VisualStudio.TestPlatform.CommandLine.TestRunResultAggregator., took 0 ms.
TpTrace Information: 0 : 3276, 13, 2024/03/27, 08:20:52.771, 20415746115, vstest.console.dll, TestRunRequest:SendTestRunMessage: Completed.
TpTrace Verbose: 0 : 3276, 13, 2024/03/27, 08:20:52.771, 20415746319, vstest.console.dll, MulticastDelegateUtilities.SafeInvoke: LengthPrefixCommunicationChannel: MessageReceived: Invoking callback 1/1 for Microsoft.VisualStudio.TestPlatform.CommunicationUtilities.TestRequestSender+<>c__DisplayClass34_0., took 3 ms.
TpTrace Verbose: 0 : 3276, 13, 2024/03/27, 08:20:52.771, 20415746512, vstest.console.dll, TcpClientExtensions.MessageLoopAsync: Polling on remoteEndPoint: 127.0.0.1:58106 localEndPoint: 127.0.0.1:58105
TpTrace Verbose: 0 : 3276, 4, 2024/03/27, 08:20:52.771, 20415746862, vstest.console.dll, MulticastDelegateUtilities.SafeInvoke: InternalTestLoggerEvents.SendTestRunMessage: Invoking callback 1/1 for Microsoft.VisualStudio.TestPlatform.CommandLine.Internal.ConsoleLogger., took 0 ms.
TpTrace Verbose: 0 : 3276, 13, 2024/03/27, 08:20:53.773, 20425772752, vstest.console.dll, TcpClientExtensions.MessageLoopAsync: Polling on remoteEndPoint: 127.0.0.1:58106 localEndPoint: 127.0.0.1:58105
TpTrace Verbose: 0 : 3276, 13, 2024/03/27, 08:20:54.339, 20431429519, vstest.console.dll, TcpClientExtensions.MessageLoopAsync: NotifyDataAvailable remoteEndPoint: 127.0.0.1:58106 localEndPoint: 127.0.0.1:58105
TpTrace Verbose: 0 : 3276, 13, 2024/03/27, 08:20:54.339, 20431431214, vstest.console.dll, TestRequestSender.OnExecutionMessageReceived: Received message: {"Version":7,"MessageType":"TestExecution.StatsChange","Payload":{"NewTestResults":[],"TestRunStatistics":{"ExecutedTests":0,"Stats":{}},"ActiveTests":[{"Id":"f4a747fc-76e2-4e38-1fa9-b121a1497368","FullyQualifiedName":"P7CreateRestApiMSTEST.BidControllerIntegrationTests.AddPutDeleteBidControllerTest","DisplayName":"AddPutDeleteBidControllerTest","ExecutorUri":"executor://MSTestAdapter/v2","Source":"C:\\Users\\A115TW\\source\\repos\\P7_API_REST\\P7CreateRestApiMSTEST\\bin\\Debug\\net8.0\\fine-code-coverage\\build-output\\P7CreateRestApiMSTEST.dll","CodeFilePath":null,"LineNumber":-1,"Properties":[{"Key":{"Id":"TestCase.ManagedType","Label":"ManagedType","Category":"","Description":"","Attributes":1,"ValueType":"System.String"},"Value":"P7CreateRestApiMSTEST.BidControllerIntegrationTests"},{"Key":{"Id":"TestCase.ManagedMethod","Label":"ManagedMethod","Category":"","Description":"","Attributes":1,"ValueType":"System.String"},"Value":"AddPutDeleteBidControllerTest"},{"Key":{"Id":"MSTestDiscoverer.TestClassName","Label":"ClassName","Category":"","Description":"","Attributes":1,"ValueType":"System.String"},"Value":"P7CreateRestApiMSTEST.BidControllerIntegrationTests"},{"Key":{"Id":"TestCase.Hierarchy","Label":"Hierarchy","Category":"","Description":"","Attributes":2,"ValueType":"System.String[]"},"Value":[null,"P7CreateRestApiMSTEST","BidControllerIntegrationTests","AddPutDeleteBidControllerTest"]},{"Key":{"Id":"TestObject.Traits","Label":"Caractéristiques","Category":"","Description":"","Attributes":5,"ValueType":"System.Collections.Generic.KeyValuePair`2[[System.String],[System.String]][]"},"Value":[]},{"Key":{"Id":"Description","Label":"Description","Category":"","Description":"","Attributes":1,"ValueType":"System.String"},"Value":"Test to create with good Bid and Bad Bid and Delete"},{"Key":{"Id":"MSTest.TestIdGenerationStrategy","Label":"TestIdGenerationStrategy","Category":"","Description":"","Attributes":1,"ValueType":"System.Int32"},"Value":2}]}]}}
TpTrace Verbose: 0 : 3276, 13, 2024/03/27, 08:20:54.373, 20431773269, vstest.console.dll, TestRunRequest:SendTestRunStatsChange: Starting.
TpTrace Verbose: 0 : 3276, 13, 2024/03/27, 08:20:54.374, 20431774604, vstest.console.dll, InProgress is AddPutDeleteBidControllerTest
TpTrace Verbose: 0 : 3276, 13, 2024/03/27, 08:20:54.374, 20431775193, vstest.console.dll, MulticastDelegateUtilities.SafeInvoke: TestRun.RunStatsChanged: Invoking callbacks was skipped because there are no subscribers.
TpTrace Information: 0 : 3276, 13, 2024/03/27, 08:20:54.374, 20431775373, vstest.console.dll, TestRunRequest:SendTestRunStatsChange: Completed.
TpTrace Verbose: 0 : 3276, 13, 2024/03/27, 08:20:54.374, 20431775580, vstest.console.dll, MulticastDelegateUtilities.SafeInvoke: LengthPrefixCommunicationChannel: MessageReceived: Invoking callback 1/1 for Microsoft.VisualStudio.TestPlatform.CommunicationUtilities.TestRequestSender+<>c__DisplayClass34_0., took 34 ms.
TpTrace Verbose: 0 : 3276, 13, 2024/03/27, 08:20:54.374, 20431775878, vstest.console.dll, TcpClientExtensions.MessageLoopAsync: Polling on remoteEndPoint: 127.0.0.1:58106 localEndPoint: 127.0.0.1:58105
TpTrace Verbose: 0 : 3276, 13, 2024/03/27, 08:20:54.556, 20433595934, vstest.console.dll, TcpClientExtensions.MessageLoopAsync: NotifyDataAvailable remoteEndPoint: 127.0.0.1:58106 localEndPoint: 127.0.0.1:58105
TpTrace Verbose: 0 : 3276, 13, 2024/03/27, 08:20:54.556, 20433603777, vstest.console.dll, TestRequestSender.OnExecutionMessageReceived: Received message: {"Version":7,"MessageType":"TestExecution.Completed","Payload":{"TestRunCompleteArgs":{"TestRunStatistics":{"ExecutedTests":3,"Stats":{"Passed":3}},"IsCanceled":false,"IsAborted":false,"Error":null,"AttachmentSets":[],"InvokedDataCollectors":[],"ElapsedTimeInRunningTests":"00:00:01.6985688","Metrics":{},"DiscoveredExtensions":{"TestDiscoverers":["Microsoft.VisualStudio.TestPlatform.MSTest.TestAdapter.MSTestDiscoverer, Microsoft.VisualStudio.TestPlatform.MSTest.TestAdapter, Version=14.0.0.0, Culture=neutral, PublicKeyToken=b03f5f7f11d50a3a"],"TestExecutors":["executor://MSTestAdapter/v2"],"TestExecutors2":[],"TestSettingsProviders":[]}},"LastRunTests":{"NewTestResults":[{"TestCase":{"Id":"f4a747fc-76e2-4e38-1fa9-b121a1497368","FullyQualifiedName":"P7CreateRestApiMSTEST.BidControllerIntegrationTests.AddPutDeleteBidControllerTest","DisplayName":"AddPutDeleteBidControllerTest","ExecutorUri":"executor://MSTestAdapter/v2","Source":"C:\\Users\\A115TW\\source\\repos\\P7_API_REST\\P7CreateRestApiMSTEST\\bin\\Debug\\net8.0\\fine-code-coverage\\build-output\\P7CreateRestApiMSTEST.dll","CodeFilePath":null,"LineNumber":-1,"Properties":[{"Key":{"Id":"TestCase.ManagedType","Label":"ManagedType","Category":"","Description":"","Attributes":1,"ValueType":"System.String"},"Value":"P7CreateRestApiMSTEST.BidControllerIntegrationTests"},{"Key":{"Id":"TestCase.ManagedMethod","Label":"ManagedMethod","Category":"","Description":"","Attributes":1,"ValueType":"System.String"},"Value":"AddPutDeleteBidControllerTest"},{"Key":{"Id":"MSTestDiscoverer.TestClassName","Label":"ClassName","Category":"","Description":"","Attributes":1,"ValueType":"System.String"},"Value":"P7CreateRestApiMSTEST.BidControllerIntegrationTests"},{"Key":{"Id":"TestCase.Hierarchy","Label":"Hierarchy","Category":"","Description":"","Attributes":2,"ValueType":"System.String[]"},"Value":[null,"P7CreateRestApiMSTEST","BidControllerIntegrationTests","AddPutDeleteBidControllerTest"]},{"Key":{"Id":"TestObject.Traits","Label":"Caractéristiques","Category":"","Description":"","Attributes":5,"ValueType":"System.Collections.Generic.KeyValuePair`2[[System.String],[System.String]][]"},"Value":[]},{"Key":{"Id":"Description","Label":"Description","Category":"","Description":"","Attributes":1,"ValueType":"System.String"},"Value":"Test to create with good Bid and Bad Bid and Delete"},{"Key":{"Id":"MSTest.TestIdGenerationStrategy","Label":"TestIdGenerationStrategy","Category":"","Description":"","Attributes":1,"ValueType":"System.Int32"},"Value":2}]},"Attachments":[],"Outcome":1,"ErrorMessage":null,"ErrorStackTrace":null,"DisplayName":"AddPutDeleteBidControllerTest","Messages":[],"ComputerName":"WIN-NE8LDETID3C","Duration":"00:00:01.1619517","StartTime":"2024-03-27T08:20:53.175827+01:00","EndTime":"2024-03-27T08:20:54.3472471+01:00","Properties":[{"Key":{"Id":"ExecutionId","Label":"ExecutionId","Category":"","Description":"","Attributes":1,"ValueType":"System.Guid"},"Value":"00000000-0000-0000-0000-000000000000"},{"Key":{"Id":"ParentExecId","Label":"ParentExecId","Category":"","Description":"","Attributes":1,"ValueType":"System.Guid"},"Value":"00000000-0000-0000-0000-000000000000"},{"Key":{"Id":"InnerResultsCount","Label":"InnerResultsCount","Category":"","Description":"","Attributes":1,"ValueType":"System.Int32"},"Value":0}]},{"TestCase":{"Id":"1f1c393f-9c5b-eacc-5ed9-de350a6889f8","FullyQualifiedName":"P7CreateRestApiMSTEST.BidControllerIntegrationTests.GetAllBidControllerTest","DisplayName":"GetAllBidControllerTest","ExecutorUri":"executor://MSTestAdapter/v2","Source":"C:\\Users\\A115TW\\source\\repos\\P7_API_REST\\P7CreateRestApiMSTEST\\bin\\Debug\\net8.0\\fine-code-coverage\\build-output\\P7CreateRestApiMSTEST.dll","CodeFilePath":null,"LineNumber":-1,"Properties":[{"Key":{"Id":"TestCase.ManagedType","Label":"ManagedType","Category":"","Description":"","Attributes":1,"ValueType":"System.String"},"Value":"P7CreateRestApiMSTEST.BidControllerIntegrationTests"},{"Key":{"Id":"TestCase.ManagedMethod","Label":"ManagedMethod","Category":"","Description":"","Attributes":1,"ValueType":"System.String"},"Value":"GetAllBidControllerTest"},{"Key":{"Id":"MSTestDiscoverer.TestClassName","Label":"ClassName","Category":"","Description":"","Attributes":1,"ValueType":"System.String"},"Value":"P7CreateRestApiMSTEST.BidControllerIntegrationTests"},{"Key":{"Id":"TestCase.Hierarchy","Label":"Hierarchy","Category":"","Description":"","Attributes":2,"ValueType":"System.String[]"},"Value":[null,"P7CreateRestApiMSTEST","BidControllerIntegrationTests","GetAllBidControllerTest"]},{"Key":{"Id":"TestObject.Traits","Label":"Caractéristiques","Category":"","Description":"","Attributes":5,"ValueType":"System.Collections.Generic.KeyValuePair`2[[System.String],[System.String]][]"},"Value":[]},{"Key":{"Id":"Description","Label":"Description","Category":"","Description":"","Attributes":1,"ValueType":"System.String"},"Value":"Test to GetAll Bid"},{"Key":{"Id":"MSTest.TestIdGenerationStrategy","Label":"TestIdGenerationStrategy","Category":"","Description":"","Attributes":1,"ValueType":"System.Int32"},"Value":2}]},"Attachments":[],"Outcome":1,"ErrorMessage":null,"ErrorStackTrace":null,"DisplayName":"GetAllBidControllerTest","Messages":[],"ComputerName":"WIN-NE8LDETID3C","Duration":"00:00:00.0729457","StartTime":"2024-03-27T08:20:54.3666348+01:00","EndTime":"2024-03-27T08:20:54.4400446+01:00","Properties":[{"Key":{"Id":"ExecutionId","Label":"ExecutionId","Category":"","Description":"","Attributes":1,"ValueType":"System.Guid"},"Value":"00000000-0000-0000-0000-000000000000"},{"Key":{"Id":"ParentExecId","Label":"ParentExecId","Category":"","Description":"","Attributes":1,"ValueType":"System.Guid"},"Value":"00000000-0000-0000-0000-000000000000"},{"Key":{"Id":"InnerResultsCount","Label":"InnerResultsCount","Category":"","Description":"","Attributes":1,"ValueType":"System.Int32"},"Value":0}]},{"TestCase":{"Id":"f70f7424-01bb-65a6-12ab-61a8061bfc3c","FullyQualifiedName":"P7CreateRestApiMSTEST.BidControllerIntegrationTests.GetBidByIdControllerTest","DisplayName":"GetBidByIdControllerTest","ExecutorUri":"executor://MSTestAdapter/v2","Source":"C:\\Users\\A115TW\\source\\repos\\P7_API_REST\\P7CreateRestApiMSTEST\\bin\\Debug\\net8.0\\fine-code-coverage\\build-output\\P7CreateRestApiMSTEST.dll","CodeFilePath":null,"LineNumber":-1,"Properties":[{"Key":{"Id":"TestCase.ManagedType","Label":"ManagedType","Category":"","Description":"","Attributes":1,"ValueType":"System.String"},"Value":"P7CreateRestApiMSTEST.BidControllerIntegrationTests"},{"Key":{"Id":"TestCase.ManagedMethod","Label":"ManagedMethod","Category":"","Description":"","Attributes":1,"ValueType":"System.String"},"Value":"GetBidByIdControllerTest"},{"Key":{"Id":"MSTestDiscoverer.TestClassName","Label":"ClassName","Category":"","Description":"","Attributes":1,"ValueType":"System.String"},"Value":"P7CreateRestApiMSTEST.BidControllerIntegrationTests"},{"Key":{"Id":"TestCase.Hierarchy","Label":"Hierarchy","Category":"","Description":"","Attributes":2,"ValueType":"System.String[]"},"Value":[null,"P7CreateRestApiMSTEST","BidControllerIntegrationTests","GetBidByIdControllerTest"]},{"Key":{"Id":"TestObject.Traits","Label":"Caractéristiques","Category":"","Description":"","Attributes":5,"ValueType":"System.Collections.Generic.KeyValuePair`2[[System.String],[System.String]][]"},"Value":[]},{"Key":{"Id":"Description","Label":"Description","Category":"","Description":"","Attributes":1,"ValueType":"System.String"},"Value":"Test to Get Bid By Id"},{"Key":{"Id":"MSTest.TestIdGenerationStrategy","Label":"TestIdGenerationStrategy","Category":"","Description":"","Attributes":1,"ValueType":"System.Int32"},"Value":2}]},"Attachments":[],"Outcome":1,"ErrorMessage":null,"ErrorStackTrace":null,"DisplayName":"GetBidByIdControllerTest","Messages":[],"ComputerName":"WIN-NE8LDETID3C","Duration":"00:00:00.0890245","StartTime":"2024-03-27T08:20:54.4442256+01:00","EndTime":"2024-03-27T08:20:54.5342696+01:00","Properties":[{"Key":{"Id":"ExecutionId","Label":"ExecutionId","Category":"","Description":"","Attributes":1,"ValueType":"System.Guid"},"Value":"00000000-0000-0000-0000-000000000000"},{"Key":{"Id":"ParentExecId","Label":"ParentExecId","Category":"","Description":"","Attributes":1,"ValueType":"System.Guid"},"Value":"00000000-0000-0000-0000-000000000000"},{"Key":{"Id":"InnerResultsCount","Label":"InnerResultsCount","Category":"","Description":"","Attributes":1,"ValueType":"System.Int32"},"Value":0}]}],"TestRunStatistics":{"ExecutedTests":3,"Stats":{"Passed":3}},"ActiveTests":[]},"RunAttachments":[],"ExecutorUris":["executor://mstestadapter/v2"]}}
TpTrace Verbose: 0 : 3276, 13, 2024/03/27, 08:20:54.557, 20433605255, vstest.console.dll, TestRequestSender.EndSession: Sending end session.
TpTrace Verbose: 0 : 3276, 13, 2024/03/27, 08:20:54.557, 20433606679, vstest.console.dll, ProxyOperationManager.Close: waiting for test host to exit for 100 ms
TpTrace Verbose: 0 : 3276, 12, 2024/03/27, 08:20:54.592, 20433962277, vstest.console.dll, TestHostManagerCallbacks.ctor: Experimental forwarding output is disabled.
TpTrace Warning: 0 : 3276, 12, 2024/03/27, 08:20:54.593, 20433964715, vstest.console.dll, TestHostManagerCallbacks.ErrorReceivedCallback Test host standard error line: 
TpTrace Verbose: 0 : 3276, 12, 2024/03/27, 08:20:54.606, 20434103795, vstest.console.dll, TestHostProvider.ExitCallBack: Host exited starting callback.
TpTrace Information: 0 : 3276, 12, 2024/03/27, 08:20:54.607, 20434104997, vstest.console.dll, TestHostManagerCallbacks.ExitCallBack: Testhost processId: 6976 exited with exitcode: 0 error: ''
TpTrace Verbose: 0 : 3276, 12, 2024/03/27, 08:20:54.607, 20434105314, vstest.console.dll, DotnetTestHostManager.OnHostExited: invoking OnHostExited callback
TpTrace Verbose: 0 : 3276, 12, 2024/03/27, 08:20:54.607, 20434105668, vstest.console.dll, CrossPlatEngine.TestHostManagerHostExited: calling on client process exit callback.
TpTrace Information: 0 : 3276, 12, 2024/03/27, 08:20:54.607, 20434105941, vstest.console.dll, TestRequestSender.OnClientProcessExit: Test host process exited. Standard error: 
TpTrace Information: 0 : 3276, 12, 2024/03/27, 08:20:54.607, 20434106164, vstest.console.dll, SocketServer.Stop: Stop server endPoint: 127.0.0.1:58105
TpTrace Information: 0 : 3276, 12, 2024/03/27, 08:20:54.607, 20434106315, vstest.console.dll, SocketServer.Stop: Cancellation requested. Stopping message loop.
TpTrace Verbose: 0 : 3276, 12, 2024/03/27, 08:20:54.607, 20434106917, vstest.console.dll, MulticastDelegateUtilities.SafeInvoke: HostProviderEvents.OnHostExited: Invoking callback 1/1 for Microsoft.VisualStudio.TestPlatform.CrossPlatEngine.Client.ProxyOperationManager., took 0 ms.
TpTrace Information: 0 : 3276, 13, 2024/03/27, 08:20:54.607, 20434106935, vstest.console.dll, SocketServer.Stop: Stop server endPoint: 127.0.0.1:58105
TpTrace Information: 0 : 3276, 13, 2024/03/27, 08:20:54.607, 20434107990, vstest.console.dll, SocketServer.Stop: Cancellation requested. Stopping message loop.
TpTrace Information: 0 : 3276, 13, 2024/03/27, 08:20:54.607, 20434108269, vstest.console.dll, Closing the connection
TpTrace Verbose: 0 : 3276, 13, 2024/03/27, 08:20:54.607, 20434109647, vstest.console.dll, ProxyDataCollectionManager.InvokeDataCollectionServiceAction: Starting.
TpTrace Information: 0 : 3276, 13, 2024/03/27, 08:20:54.607, 20434109900, vstest.console.dll, ProxyDataCollectionManager.AfterTestRunEnd: Get attachment set and invoked data collectors processId: 21212 port: 58102
TpTrace Verbose: 0 : 3276, 13, 2024/03/27, 08:20:54.607, 20434110161, vstest.console.dll, DataCollectionRequestSender.SendAfterTestRunStartAndGetResult: Send AfterTestRunEnd message with isCancelled: False
TpTrace Verbose: 0 : 3276, 13, 2024/03/27, 08:20:54.611, 20434150802, vstest.console.dll, DataCollectionRequestSender.SendAfterTestRunStartAndGetResult: Received message: (DataCollection.AfterTestRunEndResult) -> {"MessageType":"DataCollection.AfterTestRunEndResult","Payload":{"AttachmentSets":[],"InvokedDataCollectors":[{"Uri":"datacollector://Microsoft/TestPlatform/Extensions/Blame/v1","FriendlyName":"Blame","AssemblyQualifiedName":"Microsoft.TestPlatform.Extensions.BlameDataCollector.BlameCollector, Microsoft.TestPlatform.Extensions.BlameDataCollector, Version=15.0.0.0, Culture=neutral, PublicKeyToken=b03f5f7f11d50a3a","FilePath":"C:\\Program Files\\dotnet\\sdk\\8.0.103\\Extensions\\Microsoft.TestPlatform.Extensions.BlameDataCollector.dll","HasAttachmentProcessor":false}],"Metrics":{}}}
TpTrace Information: 0 : 3276, 13, 2024/03/27, 08:20:54.615, 20434186496, vstest.console.dll, ProxyDataCollectionManager.InvokeDataCollectionServiceAction: Completed.
TpTrace Warning: 0 : 3276, 10, 2024/03/27, 08:20:54.632, 20434359795, vstest.console.dll, DataCollectionLauncher.ErrorReceivedCallback datacollector standard error line: 
TpTrace Information: 0 : 3276, 10, 2024/03/27, 08:20:54.636, 20434399247, vstest.console.dll, DataCollectionLauncher.ExitCallBack: Data collector exited with exitcode: 0 error: ''
TpTrace Verbose: 0 : 3276, 13, 2024/03/27, 08:20:54.644, 20434479062, vstest.console.dll, TestRunRequest:SendTestRunStatsChange: Starting.
TpTrace Verbose: 0 : 3276, 13, 2024/03/27, 08:20:54.644, 20434481012, vstest.console.dll, MulticastDelegateUtilities.SafeInvoke: TestRun.RunStatsChanged: Invoking callbacks was skipped because there are no subscribers.
TpTrace Information: 0 : 3276, 13, 2024/03/27, 08:20:54.644, 20434481383, vstest.console.dll, TestRunRequest:SendTestRunStatsChange: Completed.
TpTrace Verbose: 0 : 3276, 13, 2024/03/27, 08:20:54.644, 20434483146, vstest.console.dll, ParallelProxyExecutionManager: HandlePartialRunComplete: Total workloads = 1, Total started clients = 1 Total completed clients = 1, Run complete = True, Run canceled: False.
TpTrace Verbose: 0 : 3276, 13, 2024/03/27, 08:20:54.644, 20434483411, vstest.console.dll, ParallelProxyExecutionManager: HandlePartialRunComplete: All runs completed stopping all managers.
TpTrace Verbose: 0 : 3276, 13, 2024/03/27, 08:20:54.644, 20434483608, vstest.console.dll, ParallelOperationManager.StopAllManagers: Stopping all managers.
TpTrace Verbose: 0 : 3276, 13, 2024/03/27, 08:20:54.644, 20434483765, vstest.console.dll, ParallelOperationManager.ClearSlots: Clearing all slots. Slots should accept more work: False
TpTrace Verbose: 0 : 3276, 13, 2024/03/27, 08:20:54.645, 20434484024, vstest.console.dll, ParallelOperationManager.SetOccupiedSlotCount: Setting slot counts AvailableSlotCount = 1, OccupiedSlotCount = 0.
TpTrace Verbose: 0 : 3276, 13, 2024/03/27, 08:20:54.645, 20434484433, vstest.console.dll, Occupied slots:

TpTrace Verbose: 0 : 3276, 4, 2024/03/27, 08:20:54.646, 20434495719, vstest.console.dll, MulticastDelegateUtilities.SafeInvoke: InternalTestLoggerEvents.SendTestResult: Invoking callback 1/1 for Microsoft.VisualStudio.TestPlatform.CommandLine.Internal.ConsoleLogger., took 1 ms.
TpTrace Verbose: 0 : 3276, 4, 2024/03/27, 08:20:54.646, 20434498334, vstest.console.dll, MulticastDelegateUtilities.SafeInvoke: InternalTestLoggerEvents.SendTestResult: Invoking callback 1/1 for Microsoft.VisualStudio.TestPlatform.CommandLine.Internal.ConsoleLogger., took 0 ms.
TpTrace Verbose: 0 : 3276, 4, 2024/03/27, 08:20:54.646, 20434498988, vstest.console.dll, MulticastDelegateUtilities.SafeInvoke: InternalTestLoggerEvents.SendTestResult: Invoking callback 1/1 for Microsoft.VisualStudio.TestPlatform.CommandLine.Internal.ConsoleLogger., took 0 ms.
TpTrace Verbose: 0 : 3276, 4, 2024/03/27, 08:20:54.651, 20434553776, vstest.console.dll, MulticastDelegateUtilities.SafeInvoke: InternalTestLoggerEvents.SendTestRunComplete: Invoking callback 1/2 for Microsoft.TestPlatform.Extensions.BlameDataCollector.BlameLogger., took 0 ms.
TpTrace Verbose: 0 : 3276, 4, 2024/03/27, 08:20:54.655, 20434589210, vstest.console.dll, MulticastDelegateUtilities.SafeInvoke: InternalTestLoggerEvents.SendTestRunComplete: Invoking callback 2/2 for Microsoft.VisualStudio.TestPlatform.CommandLine.Internal.ConsoleLogger., took 3 ms.
TpTrace Verbose: 0 : 3276, 13, 2024/03/27, 08:20:54.655, 20434592801, vstest.console.dll, TestRunRequest:TestRunComplete: Starting. IsAborted:False IsCanceled:False.
TpTrace Verbose: 0 : 3276, 13, 2024/03/27, 08:20:54.656, 20434594012, vstest.console.dll, ParallelOperationManager.DoActionOnAllManagers: Calling an action on all managers.
TpTrace Verbose: 0 : 3276, 13, 2024/03/27, 08:20:54.656, 20434600200, vstest.console.dll, TestLoggerManager.HandleTestRunComplete: Ignoring as the object is disposed.
TpTrace Verbose: 0 : 3276, 13, 2024/03/27, 08:20:54.656, 20434601661, vstest.console.dll, MulticastDelegateUtilities.SafeInvoke: TestRun.TestRunComplete: Invoking callback 1/2 for Microsoft.VisualStudio.TestPlatform.CommandLine.TestRunResultAggregator., took 0 ms.
TpTrace Verbose: 0 : 3276, 13, 2024/03/27, 08:20:54.656, 20434602372, vstest.console.dll, MulticastDelegateUtilities.SafeInvoke: TestRun.TestRunComplete: Invoking callback 2/2 for Microsoft.VisualStudio.TestPlatform.CommandLine.Processors.RunTestsArgumentExecutor+TestRunRequestEventsRegistrar., took 0 ms.
TpTrace Information: 0 : 3276, 13, 2024/03/27, 08:20:54.656, 20434602899, vstest.console.dll, TestRunRequest:TestRunComplete: Completed.
TpTrace Verbose: 0 : 3276, 13, 2024/03/27, 08:20:54.656, 20434603112, vstest.console.dll, TestRequestSender.SetOperationComplete: Setting operation complete.
TpTrace Information: 0 : 3276, 13, 2024/03/27, 08:20:54.656, 20434603267, vstest.console.dll, SocketServer.Stop: Stop server endPoint: 127.0.0.1:58105
TpTrace Information: 0 : 3276, 13, 2024/03/27, 08:20:54.656, 20434603416, vstest.console.dll, SocketServer.Stop: Cancellation requested. Stopping message loop.
TpTrace Verbose: 0 : 3276, 13, 2024/03/27, 08:20:54.656, 20434603604, vstest.console.dll, MulticastDelegateUtilities.SafeInvoke: LengthPrefixCommunicationChannel: MessageReceived: Invoking callback 1/1 for Microsoft.VisualStudio.TestPlatform.CommunicationUtilities.TestRequestSender+<>c__DisplayClass34_0., took 100 ms.
TpTrace Information: 0 : 3276, 13, 2024/03/27, 08:20:54.657, 20434603817, vstest.console.dll, SocketServer.PrivateStop: Stopping server endPoint: 127.0.0.1:58105 error: 
TpTrace Verbose: 0 : 3276, 1, 2024/03/27, 08:20:54.656, 20434603742, vstest.console.dll, TestRunRequest.Dispose: Starting.
TpTrace Information: 0 : 3276, 1, 2024/03/27, 08:20:54.657, 20434604422, vstest.console.dll, TestRunRequest.Dispose: Completed.
TpTrace Information: 0 : 3276, 1, 2024/03/27, 08:20:54.657, 20434604674, vstest.console.dll, TestRequestManager.RunTests: run tests completed.
TpTrace Information: 0 : 3276, 1, 2024/03/27, 08:20:54.657, 20434605117, vstest.console.dll, RunTestsArgumentProcessor:Execute: Test run is completed.
TpTrace Verbose: 0 : 3276, 1, 2024/03/27, 08:20:54.657, 20434606541, vstest.console.dll, Executor.Execute: Exiting with exit code of 0
TpTrace Verbose: 0 : 3276, 13, 2024/03/27, 08:20:54.657, 20434606869, vstest.console.dll, LengthPrefixCommunicationChannel.Dispose: Dispose reader and writer.
TpTrace Information: 0 : 3276, 13, 2024/03/27, 08:20:54.657, 20434607362, vstest.console.dll, SocketServer.Stop: Raise disconnected event endPoint: 127.0.0.1:58105 error: 
TpTrace Verbose: 0 : 3276, 13, 2024/03/27, 08:20:54.657, 20434607836, vstest.console.dll, TestRequestSender: OnTestRunAbort: Operation is already complete. Skip error message.
TpTrace Verbose: 0 : 3276, 13, 2024/03/27, 08:20:54.657, 20434608029, vstest.console.dll, MulticastDelegateUtilities.SafeInvoke: SocketServer: ClientDisconnected: Invoking callback 1/1 for Microsoft.VisualStudio.TestPlatform.CommunicationUtilities.TestRequestSender., took 0 ms.
TpTrace Verbose: 0 : 3276, 13, 2024/03/27, 08:20:54.657, 20434608186, vstest.console.dll, TcpClientExtensions.MessageLoopAsync: exiting MessageLoopAsync remoteEndPoint: 127.0.0.1:58106 localEndPoint: 127.0.0.1:58105
